<?xml version="1.0" encoding="UTF-8"?>
<!-- Generated by org.testng.reporters.JUnitXMLReporter -->
<testsuite hostname="Nastel2" name="Basic summary viewlet" tests="15" failures="4" timestamp="20 Jan 2020 08:02:54 GMT" time="389.782" errors="0">
  <testcase name="Login" time="53.642" classname="SummaryViewlets.SummaryViewlet_CreateBasicSummaryViewlet"/>
  <testcase name="CreateSummaryViewlet" time="6.008" classname="SummaryViewlets.SummaryViewlet_CreateBasicSummaryViewlet"/>
  <testcase name="VerifyRecordsCount" time="11.384" classname="SummaryViewlets.SummaryViewlet_CreateBasicSummaryViewlet">
    <failure type="org.openqa.selenium.NoSuchElementException" message="Unable to locate element: #Records\ count\ not\ matched
For documentation on this error, please visit: http://seleniumhq.org/exceptions/no_such_element.html
Build info: version: &amp;apos;3.14.0&amp;apos;, revision: &amp;apos;aacccce0&amp;apos;, time: &amp;apos;2018-08-02T20:13:22.693Z&amp;apos;
System info: host: &amp;apos;NASTEL2&amp;apos;, ip: &amp;apos;192.168.1.205&amp;apos;, os.name: &amp;apos;Windows 10&amp;apos;, os.arch: &amp;apos;amd64&amp;apos;, os.version: &amp;apos;10.0&amp;apos;, java.version: &amp;apos;1.8.0_191&amp;apos;
Driver info: org.openqa.selenium.firefox.FirefoxDriver
Capabilities {acceptInsecureCerts: true, browserName: firefox, browserVersion: 72.0.1, javascriptEnabled: true, moz:accessibilityChecks: false, moz:buildID: 20200107212822, moz:geckodriverVersion: 0.22.0, moz:headless: false, moz:processID: 17940, moz:profile: C:\Users\nastel2\AppData\Lo..., moz:shutdownTimeout: 60000, moz:useNonSpecCompliantPointerOrigin: false, moz:webdriverClick: true, pageLoadStrategy: normal, platform: WINDOWS, platformName: WINDOWS, platformVersion: 10.0, rotatable: false, setWindowRect: true, strictFileInteractability: false, timeouts: {implicit: 0, pageLoad: 300000, script: 30000}, unhandledPromptBehavior: dismiss and notify}
Session ID: 7913b706-6595-497f-8fa4-d51a66bb7009
*** Element info: {Using=id, value=Records count not matched}">
      <![CDATA[org.openqa.selenium.NoSuchElementException: Unable to locate element: #Records\ count\ not\ matched
For documentation on this error, please visit: http://seleniumhq.org/exceptions/no_such_element.html
Build info: version: '3.14.0', revision: 'aacccce0', time: '2018-08-02T20:13:22.693Z'
System info: host: 'NASTEL2', ip: '192.168.1.205', os.name: 'Windows 10', os.arch: 'amd64', os.version: '10.0', java.version: '1.8.0_191'
Driver info: org.openqa.selenium.firefox.FirefoxDriver
Capabilities {acceptInsecureCerts: true, browserName: firefox, browserVersion: 72.0.1, javascriptEnabled: true, moz:accessibilityChecks: false, moz:buildID: 20200107212822, moz:geckodriverVersion: 0.22.0, moz:headless: false, moz:processID: 17940, moz:profile: C:\Users\nastel2\AppData\Lo..., moz:shutdownTimeout: 60000, moz:useNonSpecCompliantPointerOrigin: false, moz:webdriverClick: true, pageLoadStrategy: normal, platform: WINDOWS, platformName: WINDOWS, platformVersion: 10.0, rotatable: false, setWindowRect: true, strictFileInteractability: false, timeouts: {implicit: 0, pageLoad: 300000, script: 30000}, unhandledPromptBehavior: dismiss and notify}
Session ID: 7913b706-6595-497f-8fa4-d51a66bb7009
*** Element info: {Using=id, value=Records count not matched}
	at org.openqa.selenium.remote.http.W3CHttpResponseCodec.createException(W3CHttpResponseCodec.java:187)
	at org.openqa.selenium.remote.http.W3CHttpResponseCodec.decode(W3CHttpResponseCodec.java:122)
	at org.openqa.selenium.remote.http.W3CHttpResponseCodec.decode(W3CHttpResponseCodec.java:49)
	at org.openqa.selenium.remote.HttpCommandExecutor.execute(HttpCommandExecutor.java:158)
	at org.openqa.selenium.remote.service.DriverCommandExecutor.execute(DriverCommandExecutor.java:83)
	at org.openqa.selenium.remote.RemoteWebDriver.execute(RemoteWebDriver.java:548)
	at org.openqa.selenium.remote.RemoteWebDriver.findElement(RemoteWebDriver.java:322)
	at org.openqa.selenium.remote.RemoteWebDriver.findElementById(RemoteWebDriver.java:368)
	at org.openqa.selenium.By$ById.findElement(By.java:188)
	at org.openqa.selenium.remote.RemoteWebDriver.findElement(RemoteWebDriver.java:314)
	at SummaryViewlets.SummaryViewlet_CreateBasicSummaryViewlet.VerifyRecordsCount(SummaryViewlet_CreateBasicSummaryViewlet.java:227)
... Removed 29 stack frames]]>
    </failure>
  </testcase> <!-- VerifyRecordsCount -->
  <testcase name="ObservationOfQuery" time="2.029" classname="SummaryViewlets.SummaryViewlet_CreateBasicSummaryViewlet"/>
  <testcase name="TemporaryViewlet" time="3.33" classname="SummaryViewlets.SummaryViewlet_CreateBasicSummaryViewlet"/>
  <testcase name="QueryInTemporaryViewlet" time="6.166" classname="SummaryViewlets.SummaryViewlet_CreateBasicSummaryViewlet"/>
  <testcase name="ConsoleTabFunctionality" time="4.459" classname="SummaryViewlets.SummaryViewlet_CreateBasicSummaryViewlet"/>
  <testcase name="EditSummaryViewletQuery" time="28.397" classname="SummaryViewlets.SummaryViewlet_CreateBasicSummaryViewlet">
    <failure type="org.openqa.selenium.NoSuchElementException" message="Unable to locate element: //div[6]/div/ul/li/div/div/div/div/div/div[2]/div/div/div
For documentation on this error, please visit: http://seleniumhq.org/exceptions/no_such_element.html
Build info: version: &amp;apos;3.14.0&amp;apos;, revision: &amp;apos;aacccce0&amp;apos;, time: &amp;apos;2018-08-02T20:13:22.693Z&amp;apos;
System info: host: &amp;apos;NASTEL2&amp;apos;, ip: &amp;apos;192.168.1.205&amp;apos;, os.name: &amp;apos;Windows 10&amp;apos;, os.arch: &amp;apos;amd64&amp;apos;, os.version: &amp;apos;10.0&amp;apos;, java.version: &amp;apos;1.8.0_191&amp;apos;
Driver info: org.openqa.selenium.firefox.FirefoxDriver
Capabilities {acceptInsecureCerts: true, browserName: firefox, browserVersion: 72.0.1, javascriptEnabled: true, moz:accessibilityChecks: false, moz:buildID: 20200107212822, moz:geckodriverVersion: 0.22.0, moz:headless: false, moz:processID: 17940, moz:profile: C:\Users\nastel2\AppData\Lo..., moz:shutdownTimeout: 60000, moz:useNonSpecCompliantPointerOrigin: false, moz:webdriverClick: true, pageLoadStrategy: normal, platform: WINDOWS, platformName: WINDOWS, platformVersion: 10.0, rotatable: false, setWindowRect: true, strictFileInteractability: false, timeouts: {implicit: 0, pageLoad: 300000, script: 30000}, unhandledPromptBehavior: dismiss and notify}
Session ID: 7913b706-6595-497f-8fa4-d51a66bb7009
*** Element info: {Using=xpath, value=//div[6]/div/ul/li/div/div/div/div/div/div[2]/div/div/div}">
      <![CDATA[org.openqa.selenium.NoSuchElementException: Unable to locate element: //div[6]/div/ul/li/div/div/div/div/div/div[2]/div/div/div
For documentation on this error, please visit: http://seleniumhq.org/exceptions/no_such_element.html
Build info: version: '3.14.0', revision: 'aacccce0', time: '2018-08-02T20:13:22.693Z'
System info: host: 'NASTEL2', ip: '192.168.1.205', os.name: 'Windows 10', os.arch: 'amd64', os.version: '10.0', java.version: '1.8.0_191'
Driver info: org.openqa.selenium.firefox.FirefoxDriver
Capabilities {acceptInsecureCerts: true, browserName: firefox, browserVersion: 72.0.1, javascriptEnabled: true, moz:accessibilityChecks: false, moz:buildID: 20200107212822, moz:geckodriverVersion: 0.22.0, moz:headless: false, moz:processID: 17940, moz:profile: C:\Users\nastel2\AppData\Lo..., moz:shutdownTimeout: 60000, moz:useNonSpecCompliantPointerOrigin: false, moz:webdriverClick: true, pageLoadStrategy: normal, platform: WINDOWS, platformName: WINDOWS, platformVersion: 10.0, rotatable: false, setWindowRect: true, strictFileInteractability: false, timeouts: {implicit: 0, pageLoad: 300000, script: 30000}, unhandledPromptBehavior: dismiss and notify}
Session ID: 7913b706-6595-497f-8fa4-d51a66bb7009
*** Element info: {Using=xpath, value=//div[6]/div/ul/li/div/div/div/div/div/div[2]/div/div/div}
	at org.openqa.selenium.remote.http.W3CHttpResponseCodec.createException(W3CHttpResponseCodec.java:187)
	at org.openqa.selenium.remote.http.W3CHttpResponseCodec.decode(W3CHttpResponseCodec.java:122)
	at org.openqa.selenium.remote.http.W3CHttpResponseCodec.decode(W3CHttpResponseCodec.java:49)
	at org.openqa.selenium.remote.HttpCommandExecutor.execute(HttpCommandExecutor.java:158)
	at org.openqa.selenium.remote.service.DriverCommandExecutor.execute(DriverCommandExecutor.java:83)
	at org.openqa.selenium.remote.RemoteWebDriver.execute(RemoteWebDriver.java:548)
	at org.openqa.selenium.remote.RemoteWebDriver.findElement(RemoteWebDriver.java:322)
	at org.openqa.selenium.remote.RemoteWebDriver.findElementByXPath(RemoteWebDriver.java:424)
	at org.openqa.selenium.By$ByXPath.findElement(By.java:353)
	at org.openqa.selenium.remote.RemoteWebDriver.findElement(RemoteWebDriver.java:314)
	at SummaryViewlets.SummaryViewlet_CreateBasicSummaryViewlet.EditSummaryViewletQuery(SummaryViewlet_CreateBasicSummaryViewlet.java:361)
... Removed 29 stack frames]]>
    </failure>
  </testcase> <!-- EditSummaryViewletQuery -->
  <testcase name="EditOptionInSummaryViewlet" time="10.015" classname="SummaryViewlets.SummaryViewlet_CreateBasicSummaryViewlet">
    <failure type="org.openqa.selenium.NoSuchElementException" message="Unable to locate element: //div[6]/div/ul/li/div/div/div/div/div/div/div[2]/div[8]/i
For documentation on this error, please visit: http://seleniumhq.org/exceptions/no_such_element.html
Build info: version: &amp;apos;3.14.0&amp;apos;, revision: &amp;apos;aacccce0&amp;apos;, time: &amp;apos;2018-08-02T20:13:22.693Z&amp;apos;
System info: host: &amp;apos;NASTEL2&amp;apos;, ip: &amp;apos;192.168.1.205&amp;apos;, os.name: &amp;apos;Windows 10&amp;apos;, os.arch: &amp;apos;amd64&amp;apos;, os.version: &amp;apos;10.0&amp;apos;, java.version: &amp;apos;1.8.0_191&amp;apos;
Driver info: org.openqa.selenium.firefox.FirefoxDriver
Capabilities {acceptInsecureCerts: true, browserName: firefox, browserVersion: 72.0.1, javascriptEnabled: true, moz:accessibilityChecks: false, moz:buildID: 20200107212822, moz:geckodriverVersion: 0.22.0, moz:headless: false, moz:processID: 17940, moz:profile: C:\Users\nastel2\AppData\Lo..., moz:shutdownTimeout: 60000, moz:useNonSpecCompliantPointerOrigin: false, moz:webdriverClick: true, pageLoadStrategy: normal, platform: WINDOWS, platformName: WINDOWS, platformVersion: 10.0, rotatable: false, setWindowRect: true, strictFileInteractability: false, timeouts: {implicit: 0, pageLoad: 300000, script: 30000}, unhandledPromptBehavior: dismiss and notify}
Session ID: 7913b706-6595-497f-8fa4-d51a66bb7009
*** Element info: {Using=xpath, value=//div[6]/div/ul/li/div/div/div/div/div/div/div[2]/div[8]/i}">
      <![CDATA[org.openqa.selenium.NoSuchElementException: Unable to locate element: //div[6]/div/ul/li/div/div/div/div/div/div/div[2]/div[8]/i
For documentation on this error, please visit: http://seleniumhq.org/exceptions/no_such_element.html
Build info: version: '3.14.0', revision: 'aacccce0', time: '2018-08-02T20:13:22.693Z'
System info: host: 'NASTEL2', ip: '192.168.1.205', os.name: 'Windows 10', os.arch: 'amd64', os.version: '10.0', java.version: '1.8.0_191'
Driver info: org.openqa.selenium.firefox.FirefoxDriver
Capabilities {acceptInsecureCerts: true, browserName: firefox, browserVersion: 72.0.1, javascriptEnabled: true, moz:accessibilityChecks: false, moz:buildID: 20200107212822, moz:geckodriverVersion: 0.22.0, moz:headless: false, moz:processID: 17940, moz:profile: C:\Users\nastel2\AppData\Lo..., moz:shutdownTimeout: 60000, moz:useNonSpecCompliantPointerOrigin: false, moz:webdriverClick: true, pageLoadStrategy: normal, platform: WINDOWS, platformName: WINDOWS, platformVersion: 10.0, rotatable: false, setWindowRect: true, strictFileInteractability: false, timeouts: {implicit: 0, pageLoad: 300000, script: 30000}, unhandledPromptBehavior: dismiss and notify}
Session ID: 7913b706-6595-497f-8fa4-d51a66bb7009
*** Element info: {Using=xpath, value=//div[6]/div/ul/li/div/div/div/div/div/div/div[2]/div[8]/i}
	at org.openqa.selenium.remote.http.W3CHttpResponseCodec.createException(W3CHttpResponseCodec.java:187)
	at org.openqa.selenium.remote.http.W3CHttpResponseCodec.decode(W3CHttpResponseCodec.java:122)
	at org.openqa.selenium.remote.http.W3CHttpResponseCodec.decode(W3CHttpResponseCodec.java:49)
	at org.openqa.selenium.remote.HttpCommandExecutor.execute(HttpCommandExecutor.java:158)
	at org.openqa.selenium.remote.service.DriverCommandExecutor.execute(DriverCommandExecutor.java:83)
	at org.openqa.selenium.remote.RemoteWebDriver.execute(RemoteWebDriver.java:548)
	at org.openqa.selenium.remote.RemoteWebDriver.findElement(RemoteWebDriver.java:322)
	at org.openqa.selenium.remote.RemoteWebDriver.findElementByXPath(RemoteWebDriver.java:424)
	at org.openqa.selenium.By$ByXPath.findElement(By.java:353)
	at org.openqa.selenium.remote.RemoteWebDriver.findElement(RemoteWebDriver.java:314)
	at SummaryViewlets.SummaryViewlet_CreateBasicSummaryViewlet.EditOptionInSummaryViewlet(SummaryViewlet_CreateBasicSummaryViewlet.java:386)
... Removed 29 stack frames]]>
    </failure>
  </testcase> <!-- EditOptionInSummaryViewlet -->
  <testcase name="SaveSummaryViewlet" time="10.013" classname="SummaryViewlets.SummaryViewlet_CreateBasicSummaryViewlet">
    <failure type="org.openqa.selenium.NoSuchElementException" message="Unable to locate element: //div[6]/div/ul/li/div/div/div/div/div/div/div[2]/div[8]/i
For documentation on this error, please visit: http://seleniumhq.org/exceptions/no_such_element.html
Build info: version: &amp;apos;3.14.0&amp;apos;, revision: &amp;apos;aacccce0&amp;apos;, time: &amp;apos;2018-08-02T20:13:22.693Z&amp;apos;
System info: host: &amp;apos;NASTEL2&amp;apos;, ip: &amp;apos;192.168.1.205&amp;apos;, os.name: &amp;apos;Windows 10&amp;apos;, os.arch: &amp;apos;amd64&amp;apos;, os.version: &amp;apos;10.0&amp;apos;, java.version: &amp;apos;1.8.0_191&amp;apos;
Driver info: org.openqa.selenium.firefox.FirefoxDriver
Capabilities {acceptInsecureCerts: true, browserName: firefox, browserVersion: 72.0.1, javascriptEnabled: true, moz:accessibilityChecks: false, moz:buildID: 20200107212822, moz:geckodriverVersion: 0.22.0, moz:headless: false, moz:processID: 17940, moz:profile: C:\Users\nastel2\AppData\Lo..., moz:shutdownTimeout: 60000, moz:useNonSpecCompliantPointerOrigin: false, moz:webdriverClick: true, pageLoadStrategy: normal, platform: WINDOWS, platformName: WINDOWS, platformVersion: 10.0, rotatable: false, setWindowRect: true, strictFileInteractability: false, timeouts: {implicit: 0, pageLoad: 300000, script: 30000}, unhandledPromptBehavior: dismiss and notify}
Session ID: 7913b706-6595-497f-8fa4-d51a66bb7009
*** Element info: {Using=xpath, value=//div[6]/div/ul/li/div/div/div/div/div/div/div[2]/div[8]/i}">
      <![CDATA[org.openqa.selenium.NoSuchElementException: Unable to locate element: //div[6]/div/ul/li/div/div/div/div/div/div/div[2]/div[8]/i
For documentation on this error, please visit: http://seleniumhq.org/exceptions/no_such_element.html
Build info: version: '3.14.0', revision: 'aacccce0', time: '2018-08-02T20:13:22.693Z'
System info: host: 'NASTEL2', ip: '192.168.1.205', os.name: 'Windows 10', os.arch: 'amd64', os.version: '10.0', java.version: '1.8.0_191'
Driver info: org.openqa.selenium.firefox.FirefoxDriver
Capabilities {acceptInsecureCerts: true, browserName: firefox, browserVersion: 72.0.1, javascriptEnabled: true, moz:accessibilityChecks: false, moz:buildID: 20200107212822, moz:geckodriverVersion: 0.22.0, moz:headless: false, moz:processID: 17940, moz:profile: C:\Users\nastel2\AppData\Lo..., moz:shutdownTimeout: 60000, moz:useNonSpecCompliantPointerOrigin: false, moz:webdriverClick: true, pageLoadStrategy: normal, platform: WINDOWS, platformName: WINDOWS, platformVersion: 10.0, rotatable: false, setWindowRect: true, strictFileInteractability: false, timeouts: {implicit: 0, pageLoad: 300000, script: 30000}, unhandledPromptBehavior: dismiss and notify}
Session ID: 7913b706-6595-497f-8fa4-d51a66bb7009
*** Element info: {Using=xpath, value=//div[6]/div/ul/li/div/div/div/div/div/div/div[2]/div[8]/i}
	at org.openqa.selenium.remote.http.W3CHttpResponseCodec.createException(W3CHttpResponseCodec.java:187)
	at org.openqa.selenium.remote.http.W3CHttpResponseCodec.decode(W3CHttpResponseCodec.java:122)
	at org.openqa.selenium.remote.http.W3CHttpResponseCodec.decode(W3CHttpResponseCodec.java:49)
	at org.openqa.selenium.remote.HttpCommandExecutor.execute(HttpCommandExecutor.java:158)
	at org.openqa.selenium.remote.service.DriverCommandExecutor.execute(DriverCommandExecutor.java:83)
	at org.openqa.selenium.remote.RemoteWebDriver.execute(RemoteWebDriver.java:548)
	at org.openqa.selenium.remote.RemoteWebDriver.findElement(RemoteWebDriver.java:322)
	at org.openqa.selenium.remote.RemoteWebDriver.findElementByXPath(RemoteWebDriver.java:424)
	at org.openqa.selenium.By$ByXPath.findElement(By.java:353)
	at org.openqa.selenium.remote.RemoteWebDriver.findElement(RemoteWebDriver.java:314)
	at SummaryViewlets.SummaryViewlet_CreateBasicSummaryViewlet.SaveSummaryViewlet(SummaryViewlet_CreateBasicSummaryViewlet.java:441)
... Removed 29 stack frames]]>
    </failure>
  </testcase> <!-- SaveSummaryViewlet -->
  <testcase name="Logout" time="6.105" classname="SummaryViewlets.SummaryViewlet_CreateBasicSummaryViewlet"/>
  <testcase name="SaveASSummaryViewlet" time="0.0" classname="SummaryViewlets.SummaryViewlet_CreateBasicSummaryViewlet">
    <skipped/>
  </testcase> <!-- SaveASSummaryViewlet -->
  <testcase name="RemoveSummaryViewlet" time="0.0" classname="SummaryViewlets.SummaryViewlet_CreateBasicSummaryViewlet">
    <skipped/>
  </testcase> <!-- RemoveSummaryViewlet -->
  <testcase name="DeleteSummaryViewlet" time="0.0" classname="SummaryViewlets.SummaryViewlet_CreateBasicSummaryViewlet">
    <skipped/>
  </testcase> <!-- DeleteSummaryViewlet -->
  <testcase name="ExportSummaryViewlet" time="0.0" classname="SummaryViewlets.SummaryViewlet_CreateBasicSummaryViewlet">
    <skipped/>
  </testcase> <!-- ExportSummaryViewlet -->
</testsuite> <!-- Basic summary viewlet -->
