<html>
<head>
<title>TestNG:  User Settings</title>
<link href="../testng.css" rel="stylesheet" type="text/css" />
<link href="../my-testng.css" rel="stylesheet" type="text/css" />

<style type="text/css">
.log { display: none;} 
.stack-trace { display: none;} 
</style>
<script type="text/javascript">
<!--
function flip(e) {
  current = e.style.display;
  if (current == 'block') {
    e.style.display = 'none';
    return 0;
  }
  else {
    e.style.display = 'block';
    return 1;
  }
}

function toggleBox(szDivId, elem, msg1, msg2)
{
  var res = -1;  if (document.getElementById) {
    res = flip(document.getElementById(szDivId));
  }
  else if (document.all) {
    // this is the way old msie versions work
    res = flip(document.all[szDivId]);
  }
  if(elem) {
    if(res == 0) elem.innerHTML = msg1; else elem.innerHTML = msg2;
  }

}

function toggleAllBoxes() {
  if (document.getElementsByTagName) {
    d = document.getElementsByTagName('div');
    for (i = 0; i < d.length; i++) {
      if (d[i].className == 'log') {
        flip(d[i]);
      }
    }
  }
}

// -->
</script>

</head>
<body>
<h2 align='center'>User Settings</h2><table border='1' align="center">
<tr>
<td>Tests passed/Failed/Skipped:</td><td>12/1/0</td>
</tr><tr>
<td>Started on:</td><td>Mon Apr 27 12:46:25 IST 2020</td>
</tr>
<tr><td>Total time:</td><td>1225 seconds (1225499 ms)</td>
</tr><tr>
<td>Included groups:</td><td></td>
</tr><tr>
<td>Excluded groups:</td><td></td>
</tr>
</table><p/>
<small><i>(Hover the method name to see the test class name)</i></small><p/>
<table width='100%' border='1' class='invocation-failed'>
<tr><td colspan='4' align='center'><b>FAILED TESTS</b></td></tr>
<tr><td><b>Test method</b></td>
<td width="30%"><b>Exception</b></td>
<td width="10%"><b>Time (seconds)</b></td>
<td><b>Instance</b></td>
</tr>
<tr>
<td title='MenuBar.MenuBar_UserSettings.ChangePasswordFromMenu()'><b>ChangePasswordFromMenu</b><br>Test class: MenuBar.MenuBar_UserSettings<br>Parameters: UserQ, pwd1, pwd2, org.testng.TestRunner@287f7811<br/>
<a href="#Output-1410008136" onClick='toggleBox("Output-1410008136", this, "Show output", "Hide output");'>Show output</a>

<a href="#Output-1410008136" onClick="toggleAllBoxes();">Show all outputs</a>
<div class='log' id="Output-1410008136">
<br/>Failed to execute method: ChangePasswordFromMenu<br/><br/>
<br/><br/>
<img src=" F:\Prashant\automation\JkoolTest/Screenshots/ScreenshotsFailure/ChangePasswordFromMenu.png" alt="""/" /><br/>
</div>
</td>
<td><div><pre>org.openqa.selenium.NoSuchElementException: no such element: Unable to locate element: {&quot;method&quot;:&quot;id&quot;,&quot;selector&quot;:&quot;Uname&quot;}
  (Session info: chrome=81.0.4044.122)
  (Driver info: chromedriver=2.41.578737 (49da6702b16031c40d63e5618de03a32ff6c197e),platform=Windows NT 10.0.18363 x86_64) (WARNING: The server did not provide any stacktrace information)
Command duration or timeout: 0 milliseconds
For documentation on this error, please visit: http://seleniumhq.org/exceptions/no_such_element.html
Build info: version: &apos;3.14.0&apos;, revision: &apos;aacccce0&apos;, time: &apos;2018-08-02T20:13:22.693Z&apos;
System info: host: &apos;NASTEL2&apos;, ip: &apos;192.168.1.94&apos;, os.name: &apos;Windows 10&apos;, os.arch: &apos;amd64&apos;, os.version: &apos;10.0&apos;, java.version: &apos;1.8.0_191&apos;
Driver info: org.openqa.selenium.chrome.ChromeDriver
Capabilities {acceptInsecureCerts: false, acceptSslCerts: false, applicationCacheEnabled: false, browserConnectionEnabled: false, browserName: chrome, chrome: {chromedriverVersion: 2.41.578737 (49da6702b16031..., userDataDir: C:\Users\nastel2\AppData\Lo...}, cssSelectorsEnabled: true, databaseEnabled: false, goog:chromeOptions: {debuggerAddress: localhost:61959}, handlesAlerts: true, hasTouchScreen: false, javascriptEnabled: true, locationContextEnabled: true, mobileEmulationEnabled: false, nativeEvents: true, networkConnectionEnabled: false, pageLoadStrategy: normal, platform: XP, platformName: XP, rotatable: false, setWindowRect: true, takesHeapSnapshot: true, takesScreenshot: true, unexpectedAlertBehaviour: , unhandledPromptBehavior: , version: 81.0.4044.122, webStorageEnabled: true}
Session ID: 98be1cc82aac6e860d7d23d08ed33d72
*** Element info: {Using=id, value=Uname}
	at org.openqa.selenium.remote.ErrorHandler.createThrowable(ErrorHandler.java:214)
	at org.openqa.selenium.remote.ErrorHandler.throwIfResponseFailed(ErrorHandler.java:166)
	at org.openqa.selenium.remote.http.JsonHttpResponseCodec.reconstructValue(JsonHttpResponseCodec.java:40)
	at org.openqa.selenium.remote.http.AbstractHttpResponseCodec.decode(AbstractHttpResponseCodec.java:80)
	at org.openqa.selenium.remote.http.AbstractHttpResponseCodec.decode(AbstractHttpResponseCodec.java:44)
	at org.openqa.selenium.remote.HttpCommandExecutor.execute(HttpCommandExecutor.java:158)
	at org.openqa.selenium.remote.service.DriverCommandExecutor.execute(DriverCommandExecutor.java:83)
	at org.openqa.selenium.remote.RemoteWebDriver.execute(RemoteWebDriver.java:548)
	at org.openqa.selenium.remote.RemoteWebDriver.findElement(RemoteWebDriver.java:322)
	at org.openqa.selenium.remote.RemoteWebDriver.findElementById(RemoteWebDriver.java:368)
	at org.openqa.selenium.By$ById.findElement(By.java:188)
	at org.openqa.selenium.remote.RemoteWebDriver.findElement(RemoteWebDriver.java:314)
	at MenuBar.MenuBar_UserSettings.ChangePasswordFromMenu(MenuBar_UserSettings.java:195)
... Removed 29 stack frames</pre></div><a href='#' onClick='toggleBox("stack-trace1410008136", this, "Click to show all stack frames", "Click to hide stack frames")'>Click to show all stack frames</a>
<div class='stack-trace' id='stack-trace1410008136'><pre>org.openqa.selenium.NoSuchElementException: no such element: Unable to locate element: {&quot;method&quot;:&quot;id&quot;,&quot;selector&quot;:&quot;Uname&quot;}
  (Session info: chrome=81.0.4044.122)
  (Driver info: chromedriver=2.41.578737 (49da6702b16031c40d63e5618de03a32ff6c197e),platform=Windows NT 10.0.18363 x86_64) (WARNING: The server did not provide any stacktrace information)
Command duration or timeout: 0 milliseconds
For documentation on this error, please visit: http://seleniumhq.org/exceptions/no_such_element.html
Build info: version: &apos;3.14.0&apos;, revision: &apos;aacccce0&apos;, time: &apos;2018-08-02T20:13:22.693Z&apos;
System info: host: &apos;NASTEL2&apos;, ip: &apos;192.168.1.94&apos;, os.name: &apos;Windows 10&apos;, os.arch: &apos;amd64&apos;, os.version: &apos;10.0&apos;, java.version: &apos;1.8.0_191&apos;
Driver info: org.openqa.selenium.chrome.ChromeDriver
Capabilities {acceptInsecureCerts: false, acceptSslCerts: false, applicationCacheEnabled: false, browserConnectionEnabled: false, browserName: chrome, chrome: {chromedriverVersion: 2.41.578737 (49da6702b16031..., userDataDir: C:\Users\nastel2\AppData\Lo...}, cssSelectorsEnabled: true, databaseEnabled: false, goog:chromeOptions: {debuggerAddress: localhost:61959}, handlesAlerts: true, hasTouchScreen: false, javascriptEnabled: true, locationContextEnabled: true, mobileEmulationEnabled: false, nativeEvents: true, networkConnectionEnabled: false, pageLoadStrategy: normal, platform: XP, platformName: XP, rotatable: false, setWindowRect: true, takesHeapSnapshot: true, takesScreenshot: true, unexpectedAlertBehaviour: , unhandledPromptBehavior: , version: 81.0.4044.122, webStorageEnabled: true}
Session ID: 98be1cc82aac6e860d7d23d08ed33d72
*** Element info: {Using=id, value=Uname}
	at sun.reflect.NativeConstructorAccessorImpl.newInstance0(Native Method)
	at sun.reflect.NativeConstructorAccessorImpl.newInstance(Unknown Source)
	at sun.reflect.DelegatingConstructorAccessorImpl.newInstance(Unknown Source)
	at java.lang.reflect.Constructor.newInstance(Unknown Source)
	at org.openqa.selenium.remote.ErrorHandler.createThrowable(ErrorHandler.java:214)
	at org.openqa.selenium.remote.ErrorHandler.throwIfResponseFailed(ErrorHandler.java:166)
	at org.openqa.selenium.remote.http.JsonHttpResponseCodec.reconstructValue(JsonHttpResponseCodec.java:40)
	at org.openqa.selenium.remote.http.AbstractHttpResponseCodec.decode(AbstractHttpResponseCodec.java:80)
	at org.openqa.selenium.remote.http.AbstractHttpResponseCodec.decode(AbstractHttpResponseCodec.java:44)
	at org.openqa.selenium.remote.HttpCommandExecutor.execute(HttpCommandExecutor.java:158)
	at org.openqa.selenium.remote.service.DriverCommandExecutor.execute(DriverCommandExecutor.java:83)
	at org.openqa.selenium.remote.RemoteWebDriver.execute(RemoteWebDriver.java:548)
	at org.openqa.selenium.remote.RemoteWebDriver.findElement(RemoteWebDriver.java:322)
	at org.openqa.selenium.remote.RemoteWebDriver.findElementById(RemoteWebDriver.java:368)
	at org.openqa.selenium.By$ById.findElement(By.java:188)
	at org.openqa.selenium.remote.RemoteWebDriver.findElement(RemoteWebDriver.java:314)
	at MenuBar.MenuBar_UserSettings.ChangePasswordFromMenu(MenuBar_UserSettings.java:195)
	at sun.reflect.NativeMethodAccessorImpl.invoke0(Native Method)
	at sun.reflect.NativeMethodAccessorImpl.invoke(Unknown Source)
	at sun.reflect.DelegatingMethodAccessorImpl.invoke(Unknown Source)
	at java.lang.reflect.Method.invoke(Unknown Source)
	at org.testng.internal.MethodInvocationHelper.invokeMethod(MethodInvocationHelper.java:86)
	at org.testng.internal.Invoker.invokeMethod(Invoker.java:643)
	at org.testng.internal.Invoker.invokeTestMethod(Invoker.java:820)
	at org.testng.internal.Invoker.invokeTestMethods(Invoker.java:1128)
	at org.testng.internal.TestMethodWorker.invokeTestMethods(TestMethodWorker.java:129)
	at org.testng.internal.TestMethodWorker.run(TestMethodWorker.java:112)
	at org.testng.TestRunner.privateRun(TestRunner.java:782)
	at org.testng.TestRunner.run(TestRunner.java:632)
	at org.testng.SuiteRunner.runTest(SuiteRunner.java:366)
	at org.testng.SuiteRunner.runSequentially(SuiteRunner.java:361)
	at org.testng.SuiteRunner.privateRun(SuiteRunner.java:319)
	at org.testng.SuiteRunner.run(SuiteRunner.java:268)
	at org.testng.SuiteRunnerWorker.runSuite(SuiteRunnerWorker.java:52)
	at org.testng.SuiteRunnerWorker.run(SuiteRunnerWorker.java:86)
	at org.testng.TestNG.runSuitesSequentially(TestNG.java:1244)
	at org.testng.TestNG.runSuitesSequentially(TestNG.java:1240)
	at org.testng.TestNG.runSuitesLocally(TestNG.java:1169)
	at org.testng.TestNG.run(TestNG.java:1064)
	at org.testng.remote.AbstractRemoteTestNG.run(AbstractRemoteTestNG.java:115)
	at org.testng.remote.RemoteTestNG.initAndRun(RemoteTestNG.java:251)
	at org.testng.remote.RemoteTestNG.main(RemoteTestNG.java:77)
</pre></div></td>
<td>53</td>
<td>MenuBar.MenuBar_UserSettings@59fa1d9b</td></tr>
</table><p>
<table width='100%' border='1' class='invocation-passed'>
<tr><td colspan='4' align='center'><b>PASSED TESTS</b></td></tr>
<tr><td><b>Test method</b></td>
<td width="30%"><b>Exception</b></td>
<td width="10%"><b>Time (seconds)</b></td>
<td><b>Instance</b></td>
</tr>
<tr>
<td title='MenuBar.MenuBar_UserSettings.CloseBrowser()'><b>CloseBrowser</b><br>Test class: MenuBar.MenuBar_UserSettings<br/>
<a href="#Output-261477965" onClick='toggleBox("Output-261477965", this, "Show output", "Hide output");'>Show output</a>

<a href="#Output-261477965" onClick="toggleAllBoxes();">Show all outputs</a>
<div class='log' id="Output-261477965">
<br/><br/>
<img src=" F:\Prashant\automation\JkoolTest/Screenshots/ScreenshotsSuccess/CloseBrowser.png" alt="""/" /><br/>
</div>
</td>
<td></td>
<td>4</td>
<td>MenuBar.MenuBar_UserSettings@59fa1d9b</td></tr>
<tr>
<td title='MenuBar.MenuBar_UserSettings.CreateSchema()'><b>CreateSchema</b><br>Test class: MenuBar.MenuBar_UserSettings<br>Parameters: NewEventSchema, Event<br/>
<a href="#Output-1918203718" onClick='toggleBox("Output-1918203718", this, "Show output", "Hide output");'>Show output</a>

<a href="#Output-1918203718" onClick="toggleAllBoxes();">Show all outputs</a>
<div class='log' id="Output-1918203718">
<br/><br/>
<img src=" F:\Prashant\automation\JkoolTest/Screenshots/ScreenshotsSuccess/CreateSchema.png" alt="""/" /><br/>
</div>
</td>
<td></td>
<td>75</td>
<td>MenuBar.MenuBar_UserSettings@59fa1d9b</td></tr>
<tr>
<td title='MenuBar.MenuBar_UserSettings.DefaultRepository()'><b>DefaultRepository</b><br>Test class: MenuBar.MenuBar_UserSettings<br>Parameters: Sample-EUM$jKool, org.testng.TestRunner@287f7811<br/>
<a href="#Output-1136890657" onClick='toggleBox("Output-1136890657", this, "Show output", "Hide output");'>Show output</a>

<a href="#Output-1136890657" onClick="toggleAllBoxes();">Show all outputs</a>
<div class='log' id="Output-1136890657">
<br/><br/>
<img src=" F:\Prashant\automation\JkoolTest/Screenshots/ScreenshotsSuccess/DefaultRepository.png" alt="""/" /><br/>
</div>
</td>
<td></td>
<td>179</td>
<td>MenuBar.MenuBar_UserSettings@59fa1d9b</td></tr>
<tr>
<td title='MenuBar.MenuBar_UserSettings.DeleteDashboardFromConfigureDashboard()'><b>DeleteDashboardFromConfigureDashboard</b><br>Test class: MenuBar.MenuBar_UserSettings<br>Parameters: UpdatedConfigDashboard, org.testng.TestRunner@287f7811<br/>
<a href="#Output-1948689480" onClick='toggleBox("Output-1948689480", this, "Show output", "Hide output");'>Show output</a>

<a href="#Output-1948689480" onClick="toggleAllBoxes();">Show all outputs</a>
<div class='log' id="Output-1948689480">
<br/><br/>
<img src=" F:\Prashant\automation\JkoolTest/Screenshots/ScreenshotsSuccess/DeleteDashboardFromConfigureDashboard.png" alt="""/" /><br/>
</div>
</td>
<td></td>
<td>25</td>
<td>MenuBar.MenuBar_UserSettings@59fa1d9b</td></tr>
<tr>
<td title='MenuBar.MenuBar_UserSettings.DeleteSchema()'><b>DeleteSchema</b><br>Test class: MenuBar.MenuBar_UserSettings<br>Parameters: NewEventSchema<br/>
<a href="#Output-426123784" onClick='toggleBox("Output-426123784", this, "Show output", "Hide output");'>Show output</a>

<a href="#Output-426123784" onClick="toggleAllBoxes();">Show all outputs</a>
<div class='log' id="Output-426123784">
<br/><br/>
<img src=" F:\Prashant\automation\JkoolTest/Screenshots/ScreenshotsSuccess/DeleteSchema.png" alt="""/" /><br/>
</div>
</td>
<td></td>
<td>7</td>
<td>MenuBar.MenuBar_UserSettings@59fa1d9b</td></tr>
<tr>
<td title='MenuBar.MenuBar_UserSettings.EditSchema()'><b>EditSchema</b><br>Test class: MenuBar.MenuBar_UserSettings<br>Parameters: NewEventSchema, Correlator<br/>
<a href="#Output-735639515" onClick='toggleBox("Output-735639515", this, "Show output", "Hide output");'>Show output</a>

<a href="#Output-735639515" onClick="toggleAllBoxes();">Show all outputs</a>
<div class='log' id="Output-735639515">
<br/><br/>
<img src=" F:\Prashant\automation\JkoolTest/Screenshots/ScreenshotsSuccess/EditSchema.png" alt="""/" /><br/>
</div>
</td>
<td></td>
<td>17</td>
<td>MenuBar.MenuBar_UserSettings@59fa1d9b</td></tr>
<tr>
<td title='MenuBar.MenuBar_UserSettings.LandingPageCheckboxes()'><b>LandingPageCheckboxes</b><br>Test class: MenuBar.MenuBar_UserSettings<br>Parameters: org.testng.TestRunner@287f7811<br/>
<a href="#Output-1388958672" onClick='toggleBox("Output-1388958672", this, "Show output", "Hide output");'>Show output</a>

<a href="#Output-1388958672" onClick="toggleAllBoxes();">Show all outputs</a>
<div class='log' id="Output-1388958672">
<br/><br/>
<img src=" F:\Prashant\automation\JkoolTest/Screenshots/ScreenshotsSuccess/LandingPageCheckboxes.png" alt="""/" /><br/>
</div>
</td>
<td></td>
<td>150</td>
<td>MenuBar.MenuBar_UserSettings@59fa1d9b</td></tr>
<tr>
<td title='MenuBar.MenuBar_UserSettings.Login()'><b>Login</b><br>Test class: MenuBar.MenuBar_UserSettings<br>Parameters: Drivers/chromedriver.exe, webdriver.chrome.driver, ConfigDashboard<br/>
<a href="#Output-1395105902" onClick='toggleBox("Output-1395105902", this, "Show output", "Hide output");'>Show output</a>

<a href="#Output-1395105902" onClick="toggleAllBoxes();">Show all outputs</a>
<div class='log' id="Output-1395105902">
<br/><br/>
<img src=" F:\Prashant\automation\JkoolTest/Screenshots/ScreenshotsSuccess/Login.png" alt="""/" /><br/>
</div>
</td>
<td></td>
<td>37</td>
<td>MenuBar.MenuBar_UserSettings@59fa1d9b</td></tr>
<tr>
<td title='MenuBar.MenuBar_UserSettings.Logout()'><b>Logout</b><br>Test class: MenuBar.MenuBar_UserSettings</td>
<td></td>
<td>2</td>
<td>MenuBar.MenuBar_UserSettings@59fa1d9b</td></tr>
<tr>
<td title='MenuBar.MenuBar_UserSettings.PersonalToken()'><b>PersonalToken</b><br>Test class: MenuBar.MenuBar_UserSettings<br>Parameters: org.testng.TestRunner@287f7811<br/>
<a href="#Output-1844518545" onClick='toggleBox("Output-1844518545", this, "Show output", "Hide output");'>Show output</a>

<a href="#Output-1844518545" onClick="toggleAllBoxes();">Show all outputs</a>
<div class='log' id="Output-1844518545">
<br/><br/>
<img src=" F:\Prashant\automation\JkoolTest/Screenshots/ScreenshotsSuccess/PersonalToken.png" alt="""/" /><br/>
</div>
</td>
<td></td>
<td>21</td>
<td>MenuBar.MenuBar_UserSettings@59fa1d9b</td></tr>
<tr>
<td title='MenuBar.MenuBar_UserSettings.SummaryConsoleCheckboxes()'><b>SummaryConsoleCheckboxes</b><br>Test class: MenuBar.MenuBar_UserSettings<br>Parameters: ConfigDashboard, Get number of Events show as summary, org.testng.TestRunner@287f7811<br/>
<a href="#Output-1992235960" onClick='toggleBox("Output-1992235960", this, "Show output", "Hide output");'>Show output</a>

<a href="#Output-1992235960" onClick="toggleAllBoxes();">Show all outputs</a>
<div class='log' id="Output-1992235960">
<br/><br/>
<img src=" F:\Prashant\automation\JkoolTest/Screenshots/ScreenshotsSuccess/SummaryConsoleCheckboxes.png" alt="""/" /><br/>
</div>
</td>
<td></td>
<td>213</td>
<td>MenuBar.MenuBar_UserSettings@59fa1d9b</td></tr>
<tr>
<td title='MenuBar.MenuBar_UserSettings.UpdateDashboardNameFromConfigureDashboard()'><b>UpdateDashboardNameFromConfigureDashboard</b><br>Test class: MenuBar.MenuBar_UserSettings<br>Parameters: ConfigDashboard, UpdatedConfigDashboard, org.testng.TestRunner@287f7811<br/>
<a href="#Output-87784678" onClick='toggleBox("Output-87784678", this, "Show output", "Hide output");'>Show output</a>

<a href="#Output-87784678" onClick="toggleAllBoxes();">Show all outputs</a>
<div class='log' id="Output-87784678">
<br/><br/>
<img src=" F:\Prashant\automation\JkoolTest/Screenshots/ScreenshotsSuccess/UpdateDashboardNameFromConfigureDashboard.png" alt="""/" /><br/>
</div>
</td>
<td></td>
<td>75</td>
<td>MenuBar.MenuBar_UserSettings@59fa1d9b</td></tr>
</table><p>
</body>
</html>