<html>
<head>
<title>TestNG:  Basic summary viewlet</title>
<link href="../testng.css" rel="stylesheet" type="text/css" />
<link href="../my-testng.css" rel="stylesheet" type="text/css" />

<style type="text/css">
.log { display: none;} 
.stack-trace { display: none;} 
</style>
<script type="text/javascript">
<!--
function flip(e) {
  current = e.style.display;
  if (current == 'block') {
    e.style.display = 'none';
    return 0;
  }
  else {
    e.style.display = 'block';
    return 1;
  }
}

function toggleBox(szDivId, elem, msg1, msg2)
{
  var res = -1;  if (document.getElementById) {
    res = flip(document.getElementById(szDivId));
  }
  else if (document.all) {
    // this is the way old msie versions work
    res = flip(document.all[szDivId]);
  }
  if(elem) {
    if(res == 0) elem.innerHTML = msg1; else elem.innerHTML = msg2;
  }

}

function toggleAllBoxes() {
  if (document.getElementsByTagName) {
    d = document.getElementsByTagName('div');
    for (i = 0; i < d.length; i++) {
      if (d[i].className == 'log') {
        flip(d[i]);
      }
    }
  }
}

// -->
</script>

</head>
<body>
<h2 align='center'>Basic summary viewlet</h2><table border='1' align="center">
<tr>
<td>Tests passed/Failed/Skipped:</td><td>12/3/0</td>
</tr><tr>
<td>Started on:</td><td>Wed May 06 16:44:26 IST 2020</td>
</tr>
<tr><td>Total time:</td><td>687 seconds (687242 ms)</td>
</tr><tr>
<td>Included groups:</td><td></td>
</tr><tr>
<td>Excluded groups:</td><td></td>
</tr>
</table><p/>
<small><i>(Hover the method name to see the test class name)</i></small><p/>
<table width='100%' border='1' class='invocation-failed'>
<tr><td colspan='4' align='center'><b>FAILED TESTS</b></td></tr>
<tr><td><b>Test method</b></td>
<td width="30%"><b>Exception</b></td>
<td width="10%"><b>Time (seconds)</b></td>
<td><b>Instance</b></td>
</tr>
<tr>
<td title='SummaryViewlets.SummaryViewlet_CreateBasicSummaryViewlet.ExportSummaryViewlet()'><b>ExportSummaryViewlet</b><br>Test class: SummaryViewlets.SummaryViewlet_CreateBasicSummaryViewlet<br>Parameters: org.testng.TestRunner@11df2829<br/>
<a href="#Output-425246937" onClick='toggleBox("Output-425246937", this, "Show output", "Hide output");'>Show output</a>

<a href="#Output-425246937" onClick="toggleAllBoxes();">Show all outputs</a>
<div class='log' id="Output-425246937">
<br/>Failed to execute method: ExportSummaryViewlet<br/><br/>
<br/><br/>
<img src=" F:\Prashant\automation\JkoolTest/Screenshots/ScreenshotsFailure/ExportSummaryViewlet.png" alt="""/" /><br/>
</div>
</td>
<td><div><pre>org.openqa.selenium.ElementNotInteractableException: Element &lt;div class=&quot;modal-popup-overlay tinted&quot;&gt; could not be scrolled into view
Build info: version: &apos;3.14.0&apos;, revision: &apos;aacccce0&apos;, time: &apos;2018-08-02T20:13:22.693Z&apos;
System info: host: &apos;NASTEL2&apos;, ip: &apos;192.168.1.94&apos;, os.name: &apos;Windows 10&apos;, os.arch: &apos;amd64&apos;, os.version: &apos;10.0&apos;, java.version: &apos;1.8.0_191&apos;
Driver info: org.openqa.selenium.firefox.FirefoxDriver
Capabilities {acceptInsecureCerts: true, browserName: firefox, browserVersion: 75.0, javascriptEnabled: true, moz:accessibilityChecks: false, moz:buildID: 20200403170909, moz:geckodriverVersion: 0.22.0, moz:headless: false, moz:processID: 10824, moz:profile: C:\Users\nastel2\AppData\Lo..., moz:shutdownTimeout: 60000, moz:useNonSpecCompliantPointerOrigin: false, moz:webdriverClick: true, pageLoadStrategy: normal, platform: WINDOWS, platformName: WINDOWS, platformVersion: 10.0, rotatable: false, setWindowRect: true, strictFileInteractability: false, timeouts: {implicit: 0, pageLoad: 300000, script: 30000}, unhandledPromptBehavior: dismiss and notify}
Session ID: 05393e17-8c40-4da1-9b38-6d281cb4f1c4
	at org.openqa.selenium.remote.http.W3CHttpResponseCodec.createException(W3CHttpResponseCodec.java:187)
	at org.openqa.selenium.remote.http.W3CHttpResponseCodec.decode(W3CHttpResponseCodec.java:122)
	at org.openqa.selenium.remote.http.W3CHttpResponseCodec.decode(W3CHttpResponseCodec.java:49)
	at org.openqa.selenium.remote.HttpCommandExecutor.execute(HttpCommandExecutor.java:158)
	at org.openqa.selenium.remote.service.DriverCommandExecutor.execute(DriverCommandExecutor.java:83)
	at org.openqa.selenium.remote.RemoteWebDriver.execute(RemoteWebDriver.java:548)
	at org.openqa.selenium.remote.RemoteWebElement.execute(RemoteWebElement.java:276)
	at org.openqa.selenium.remote.RemoteWebElement.click(RemoteWebElement.java:83)
	at SummaryViewlets.SummaryViewlet_CreateBasicSummaryViewlet.ExportSummaryViewlet(SummaryViewlet_CreateBasicSummaryViewlet.java:718)
... Removed 29 stack frames</pre></div><a href='#' onClick='toggleBox("stack-trace425246937", this, "Click to show all stack frames", "Click to hide stack frames")'>Click to show all stack frames</a>
<div class='stack-trace' id='stack-trace425246937'><pre>org.openqa.selenium.ElementNotInteractableException: Element &lt;div class=&quot;modal-popup-overlay tinted&quot;&gt; could not be scrolled into view
Build info: version: &apos;3.14.0&apos;, revision: &apos;aacccce0&apos;, time: &apos;2018-08-02T20:13:22.693Z&apos;
System info: host: &apos;NASTEL2&apos;, ip: &apos;192.168.1.94&apos;, os.name: &apos;Windows 10&apos;, os.arch: &apos;amd64&apos;, os.version: &apos;10.0&apos;, java.version: &apos;1.8.0_191&apos;
Driver info: org.openqa.selenium.firefox.FirefoxDriver
Capabilities {acceptInsecureCerts: true, browserName: firefox, browserVersion: 75.0, javascriptEnabled: true, moz:accessibilityChecks: false, moz:buildID: 20200403170909, moz:geckodriverVersion: 0.22.0, moz:headless: false, moz:processID: 10824, moz:profile: C:\Users\nastel2\AppData\Lo..., moz:shutdownTimeout: 60000, moz:useNonSpecCompliantPointerOrigin: false, moz:webdriverClick: true, pageLoadStrategy: normal, platform: WINDOWS, platformName: WINDOWS, platformVersion: 10.0, rotatable: false, setWindowRect: true, strictFileInteractability: false, timeouts: {implicit: 0, pageLoad: 300000, script: 30000}, unhandledPromptBehavior: dismiss and notify}
Session ID: 05393e17-8c40-4da1-9b38-6d281cb4f1c4
	at sun.reflect.NativeConstructorAccessorImpl.newInstance0(Native Method)
	at sun.reflect.NativeConstructorAccessorImpl.newInstance(Unknown Source)
	at sun.reflect.DelegatingConstructorAccessorImpl.newInstance(Unknown Source)
	at java.lang.reflect.Constructor.newInstance(Unknown Source)
	at org.openqa.selenium.remote.http.W3CHttpResponseCodec.createException(W3CHttpResponseCodec.java:187)
	at org.openqa.selenium.remote.http.W3CHttpResponseCodec.decode(W3CHttpResponseCodec.java:122)
	at org.openqa.selenium.remote.http.W3CHttpResponseCodec.decode(W3CHttpResponseCodec.java:49)
	at org.openqa.selenium.remote.HttpCommandExecutor.execute(HttpCommandExecutor.java:158)
	at org.openqa.selenium.remote.service.DriverCommandExecutor.execute(DriverCommandExecutor.java:83)
	at org.openqa.selenium.remote.RemoteWebDriver.execute(RemoteWebDriver.java:548)
	at org.openqa.selenium.remote.RemoteWebElement.execute(RemoteWebElement.java:276)
	at org.openqa.selenium.remote.RemoteWebElement.click(RemoteWebElement.java:83)
	at SummaryViewlets.SummaryViewlet_CreateBasicSummaryViewlet.ExportSummaryViewlet(SummaryViewlet_CreateBasicSummaryViewlet.java:718)
	at sun.reflect.NativeMethodAccessorImpl.invoke0(Native Method)
	at sun.reflect.NativeMethodAccessorImpl.invoke(Unknown Source)
	at sun.reflect.DelegatingMethodAccessorImpl.invoke(Unknown Source)
	at java.lang.reflect.Method.invoke(Unknown Source)
	at org.testng.internal.MethodInvocationHelper.invokeMethod(MethodInvocationHelper.java:86)
	at org.testng.internal.Invoker.invokeMethod(Invoker.java:643)
	at org.testng.internal.Invoker.invokeTestMethod(Invoker.java:820)
	at org.testng.internal.Invoker.invokeTestMethods(Invoker.java:1128)
	at org.testng.internal.TestMethodWorker.invokeTestMethods(TestMethodWorker.java:129)
	at org.testng.internal.TestMethodWorker.run(TestMethodWorker.java:112)
	at org.testng.TestRunner.privateRun(TestRunner.java:782)
	at org.testng.TestRunner.run(TestRunner.java:632)
	at org.testng.SuiteRunner.runTest(SuiteRunner.java:366)
	at org.testng.SuiteRunner.runSequentially(SuiteRunner.java:361)
	at org.testng.SuiteRunner.privateRun(SuiteRunner.java:319)
	at org.testng.SuiteRunner.run(SuiteRunner.java:268)
	at org.testng.SuiteRunnerWorker.runSuite(SuiteRunnerWorker.java:52)
	at org.testng.SuiteRunnerWorker.run(SuiteRunnerWorker.java:86)
	at org.testng.TestNG.runSuitesSequentially(TestNG.java:1244)
	at org.testng.TestNG.runSuitesSequentially(TestNG.java:1240)
	at org.testng.TestNG.runSuitesLocally(TestNG.java:1169)
	at org.testng.TestNG.run(TestNG.java:1064)
	at org.testng.remote.AbstractRemoteTestNG.run(AbstractRemoteTestNG.java:115)
	at org.testng.remote.RemoteTestNG.initAndRun(RemoteTestNG.java:251)
	at org.testng.remote.RemoteTestNG.main(RemoteTestNG.java:77)
</pre></div></td>
<td>1</td>
<td>SummaryViewlets.SummaryViewlet_CreateBasicSummaryViewlet@1bce4f0a</td></tr>
<tr>
<td title='SummaryViewlets.SummaryViewlet_CreateBasicSummaryViewlet.Logout()'><b>Logout</b><br>Test class: SummaryViewlets.SummaryViewlet_CreateBasicSummaryViewlet</td>
<td><div><pre>org.openqa.selenium.ElementClickInterceptedException: Element &lt;i class=&quot;fa fa-power-off&quot;&gt; is not clickable at point (1318,11) because another element &lt;div class=&quot;modal-popup-overlay tinted&quot;&gt; obscures it
Build info: version: &apos;3.14.0&apos;, revision: &apos;aacccce0&apos;, time: &apos;2018-08-02T20:13:22.693Z&apos;
System info: host: &apos;NASTEL2&apos;, ip: &apos;192.168.1.94&apos;, os.name: &apos;Windows 10&apos;, os.arch: &apos;amd64&apos;, os.version: &apos;10.0&apos;, java.version: &apos;1.8.0_191&apos;
Driver info: org.openqa.selenium.firefox.FirefoxDriver
Capabilities {acceptInsecureCerts: true, browserName: firefox, browserVersion: 75.0, javascriptEnabled: true, moz:accessibilityChecks: false, moz:buildID: 20200403170909, moz:geckodriverVersion: 0.22.0, moz:headless: false, moz:processID: 10824, moz:profile: C:\Users\nastel2\AppData\Lo..., moz:shutdownTimeout: 60000, moz:useNonSpecCompliantPointerOrigin: false, moz:webdriverClick: true, pageLoadStrategy: normal, platform: WINDOWS, platformName: WINDOWS, platformVersion: 10.0, rotatable: false, setWindowRect: true, strictFileInteractability: false, timeouts: {implicit: 0, pageLoad: 300000, script: 30000}, unhandledPromptBehavior: dismiss and notify}
Session ID: 05393e17-8c40-4da1-9b38-6d281cb4f1c4
	at org.openqa.selenium.remote.http.W3CHttpResponseCodec.createException(W3CHttpResponseCodec.java:187)
	at org.openqa.selenium.remote.http.W3CHttpResponseCodec.decode(W3CHttpResponseCodec.java:122)
	at org.openqa.selenium.remote.http.W3CHttpResponseCodec.decode(W3CHttpResponseCodec.java:49)
	at org.openqa.selenium.remote.HttpCommandExecutor.execute(HttpCommandExecutor.java:158)
	at org.openqa.selenium.remote.service.DriverCommandExecutor.execute(DriverCommandExecutor.java:83)
	at org.openqa.selenium.remote.RemoteWebDriver.execute(RemoteWebDriver.java:548)
	at org.openqa.selenium.remote.RemoteWebElement.execute(RemoteWebElement.java:276)
	at org.openqa.selenium.remote.RemoteWebElement.click(RemoteWebElement.java:83)
	at SummaryViewlets.SummaryViewlet_CreateBasicSummaryViewlet.Logout(SummaryViewlet_CreateBasicSummaryViewlet.java:726)
... Removed 29 stack frames</pre></div><a href='#' onClick='toggleBox("stack-trace846326826", this, "Click to show all stack frames", "Click to hide stack frames")'>Click to show all stack frames</a>
<div class='stack-trace' id='stack-trace846326826'><pre>org.openqa.selenium.ElementClickInterceptedException: Element &lt;i class=&quot;fa fa-power-off&quot;&gt; is not clickable at point (1318,11) because another element &lt;div class=&quot;modal-popup-overlay tinted&quot;&gt; obscures it
Build info: version: &apos;3.14.0&apos;, revision: &apos;aacccce0&apos;, time: &apos;2018-08-02T20:13:22.693Z&apos;
System info: host: &apos;NASTEL2&apos;, ip: &apos;192.168.1.94&apos;, os.name: &apos;Windows 10&apos;, os.arch: &apos;amd64&apos;, os.version: &apos;10.0&apos;, java.version: &apos;1.8.0_191&apos;
Driver info: org.openqa.selenium.firefox.FirefoxDriver
Capabilities {acceptInsecureCerts: true, browserName: firefox, browserVersion: 75.0, javascriptEnabled: true, moz:accessibilityChecks: false, moz:buildID: 20200403170909, moz:geckodriverVersion: 0.22.0, moz:headless: false, moz:processID: 10824, moz:profile: C:\Users\nastel2\AppData\Lo..., moz:shutdownTimeout: 60000, moz:useNonSpecCompliantPointerOrigin: false, moz:webdriverClick: true, pageLoadStrategy: normal, platform: WINDOWS, platformName: WINDOWS, platformVersion: 10.0, rotatable: false, setWindowRect: true, strictFileInteractability: false, timeouts: {implicit: 0, pageLoad: 300000, script: 30000}, unhandledPromptBehavior: dismiss and notify}
Session ID: 05393e17-8c40-4da1-9b38-6d281cb4f1c4
	at sun.reflect.NativeConstructorAccessorImpl.newInstance0(Native Method)
	at sun.reflect.NativeConstructorAccessorImpl.newInstance(Unknown Source)
	at sun.reflect.DelegatingConstructorAccessorImpl.newInstance(Unknown Source)
	at java.lang.reflect.Constructor.newInstance(Unknown Source)
	at org.openqa.selenium.remote.http.W3CHttpResponseCodec.createException(W3CHttpResponseCodec.java:187)
	at org.openqa.selenium.remote.http.W3CHttpResponseCodec.decode(W3CHttpResponseCodec.java:122)
	at org.openqa.selenium.remote.http.W3CHttpResponseCodec.decode(W3CHttpResponseCodec.java:49)
	at org.openqa.selenium.remote.HttpCommandExecutor.execute(HttpCommandExecutor.java:158)
	at org.openqa.selenium.remote.service.DriverCommandExecutor.execute(DriverCommandExecutor.java:83)
	at org.openqa.selenium.remote.RemoteWebDriver.execute(RemoteWebDriver.java:548)
	at org.openqa.selenium.remote.RemoteWebElement.execute(RemoteWebElement.java:276)
	at org.openqa.selenium.remote.RemoteWebElement.click(RemoteWebElement.java:83)
	at SummaryViewlets.SummaryViewlet_CreateBasicSummaryViewlet.Logout(SummaryViewlet_CreateBasicSummaryViewlet.java:726)
	at sun.reflect.NativeMethodAccessorImpl.invoke0(Native Method)
	at sun.reflect.NativeMethodAccessorImpl.invoke(Unknown Source)
	at sun.reflect.DelegatingMethodAccessorImpl.invoke(Unknown Source)
	at java.lang.reflect.Method.invoke(Unknown Source)
	at org.testng.internal.MethodInvocationHelper.invokeMethod(MethodInvocationHelper.java:86)
	at org.testng.internal.Invoker.invokeMethod(Invoker.java:643)
	at org.testng.internal.Invoker.invokeTestMethod(Invoker.java:820)
	at org.testng.internal.Invoker.invokeTestMethods(Invoker.java:1128)
	at org.testng.internal.TestMethodWorker.invokeTestMethods(TestMethodWorker.java:129)
	at org.testng.internal.TestMethodWorker.run(TestMethodWorker.java:112)
	at org.testng.TestRunner.privateRun(TestRunner.java:782)
	at org.testng.TestRunner.run(TestRunner.java:632)
	at org.testng.SuiteRunner.runTest(SuiteRunner.java:366)
	at org.testng.SuiteRunner.runSequentially(SuiteRunner.java:361)
	at org.testng.SuiteRunner.privateRun(SuiteRunner.java:319)
	at org.testng.SuiteRunner.run(SuiteRunner.java:268)
	at org.testng.SuiteRunnerWorker.runSuite(SuiteRunnerWorker.java:52)
	at org.testng.SuiteRunnerWorker.run(SuiteRunnerWorker.java:86)
	at org.testng.TestNG.runSuitesSequentially(TestNG.java:1244)
	at org.testng.TestNG.runSuitesSequentially(TestNG.java:1240)
	at org.testng.TestNG.runSuitesLocally(TestNG.java:1169)
	at org.testng.TestNG.run(TestNG.java:1064)
	at org.testng.remote.AbstractRemoteTestNG.run(AbstractRemoteTestNG.java:115)
	at org.testng.remote.RemoteTestNG.initAndRun(RemoteTestNG.java:251)
	at org.testng.remote.RemoteTestNG.main(RemoteTestNG.java:77)
</pre></div></td>
<td>0</td>
<td>SummaryViewlets.SummaryViewlet_CreateBasicSummaryViewlet@1bce4f0a</td></tr>
<tr>
<td title='SummaryViewlets.SummaryViewlet_CreateBasicSummaryViewlet.VerifyRecordsCount()'><b>VerifyRecordsCount</b><br>Test class: SummaryViewlets.SummaryViewlet_CreateBasicSummaryViewlet<br>Parameters: org.testng.TestRunner@11df2829<br/>
<a href="#Output-79791382" onClick='toggleBox("Output-79791382", this, "Show output", "Hide output");'>Show output</a>

<a href="#Output-79791382" onClick="toggleAllBoxes();">Show all outputs</a>
<div class='log' id="Output-79791382">
<br/>Failed to execute method: VerifyRecordsCount<br/><br/>
<br/><br/>
<img src=" F:\Prashant\automation\JkoolTest/Screenshots/ScreenshotsFailure/VerifyRecordsCount.png" alt="""/" /><br/>
</div>
</td>
<td><div><pre>org.openqa.selenium.NoSuchElementException: Unable to locate element: #Records\ count\ not\ matched
For documentation on this error, please visit: http://seleniumhq.org/exceptions/no_such_element.html
Build info: version: &apos;3.14.0&apos;, revision: &apos;aacccce0&apos;, time: &apos;2018-08-02T20:13:22.693Z&apos;
System info: host: &apos;NASTEL2&apos;, ip: &apos;192.168.1.94&apos;, os.name: &apos;Windows 10&apos;, os.arch: &apos;amd64&apos;, os.version: &apos;10.0&apos;, java.version: &apos;1.8.0_191&apos;
Driver info: org.openqa.selenium.firefox.FirefoxDriver
Capabilities {acceptInsecureCerts: true, browserName: firefox, browserVersion: 75.0, javascriptEnabled: true, moz:accessibilityChecks: false, moz:buildID: 20200403170909, moz:geckodriverVersion: 0.22.0, moz:headless: false, moz:processID: 10824, moz:profile: C:\Users\nastel2\AppData\Lo..., moz:shutdownTimeout: 60000, moz:useNonSpecCompliantPointerOrigin: false, moz:webdriverClick: true, pageLoadStrategy: normal, platform: WINDOWS, platformName: WINDOWS, platformVersion: 10.0, rotatable: false, setWindowRect: true, strictFileInteractability: false, timeouts: {implicit: 0, pageLoad: 300000, script: 30000}, unhandledPromptBehavior: dismiss and notify}
Session ID: 05393e17-8c40-4da1-9b38-6d281cb4f1c4
*** Element info: {Using=id, value=Records count not matched}
	at org.openqa.selenium.remote.http.W3CHttpResponseCodec.createException(W3CHttpResponseCodec.java:187)
	at org.openqa.selenium.remote.http.W3CHttpResponseCodec.decode(W3CHttpResponseCodec.java:122)
	at org.openqa.selenium.remote.http.W3CHttpResponseCodec.decode(W3CHttpResponseCodec.java:49)
	at org.openqa.selenium.remote.HttpCommandExecutor.execute(HttpCommandExecutor.java:158)
	at org.openqa.selenium.remote.service.DriverCommandExecutor.execute(DriverCommandExecutor.java:83)
	at org.openqa.selenium.remote.RemoteWebDriver.execute(RemoteWebDriver.java:548)
	at org.openqa.selenium.remote.RemoteWebDriver.findElement(RemoteWebDriver.java:322)
	at org.openqa.selenium.remote.RemoteWebDriver.findElementById(RemoteWebDriver.java:368)
	at org.openqa.selenium.By$ById.findElement(By.java:188)
	at org.openqa.selenium.remote.RemoteWebDriver.findElement(RemoteWebDriver.java:314)
	at SummaryViewlets.SummaryViewlet_CreateBasicSummaryViewlet.VerifyRecordsCount(SummaryViewlet_CreateBasicSummaryViewlet.java:228)
... Removed 29 stack frames</pre></div><a href='#' onClick='toggleBox("stack-trace79791382", this, "Click to show all stack frames", "Click to hide stack frames")'>Click to show all stack frames</a>
<div class='stack-trace' id='stack-trace79791382'><pre>org.openqa.selenium.NoSuchElementException: Unable to locate element: #Records\ count\ not\ matched
For documentation on this error, please visit: http://seleniumhq.org/exceptions/no_such_element.html
Build info: version: &apos;3.14.0&apos;, revision: &apos;aacccce0&apos;, time: &apos;2018-08-02T20:13:22.693Z&apos;
System info: host: &apos;NASTEL2&apos;, ip: &apos;192.168.1.94&apos;, os.name: &apos;Windows 10&apos;, os.arch: &apos;amd64&apos;, os.version: &apos;10.0&apos;, java.version: &apos;1.8.0_191&apos;
Driver info: org.openqa.selenium.firefox.FirefoxDriver
Capabilities {acceptInsecureCerts: true, browserName: firefox, browserVersion: 75.0, javascriptEnabled: true, moz:accessibilityChecks: false, moz:buildID: 20200403170909, moz:geckodriverVersion: 0.22.0, moz:headless: false, moz:processID: 10824, moz:profile: C:\Users\nastel2\AppData\Lo..., moz:shutdownTimeout: 60000, moz:useNonSpecCompliantPointerOrigin: false, moz:webdriverClick: true, pageLoadStrategy: normal, platform: WINDOWS, platformName: WINDOWS, platformVersion: 10.0, rotatable: false, setWindowRect: true, strictFileInteractability: false, timeouts: {implicit: 0, pageLoad: 300000, script: 30000}, unhandledPromptBehavior: dismiss and notify}
Session ID: 05393e17-8c40-4da1-9b38-6d281cb4f1c4
*** Element info: {Using=id, value=Records count not matched}
	at sun.reflect.NativeConstructorAccessorImpl.newInstance0(Native Method)
	at sun.reflect.NativeConstructorAccessorImpl.newInstance(Unknown Source)
	at sun.reflect.DelegatingConstructorAccessorImpl.newInstance(Unknown Source)
	at java.lang.reflect.Constructor.newInstance(Unknown Source)
	at org.openqa.selenium.remote.http.W3CHttpResponseCodec.createException(W3CHttpResponseCodec.java:187)
	at org.openqa.selenium.remote.http.W3CHttpResponseCodec.decode(W3CHttpResponseCodec.java:122)
	at org.openqa.selenium.remote.http.W3CHttpResponseCodec.decode(W3CHttpResponseCodec.java:49)
	at org.openqa.selenium.remote.HttpCommandExecutor.execute(HttpCommandExecutor.java:158)
	at org.openqa.selenium.remote.service.DriverCommandExecutor.execute(DriverCommandExecutor.java:83)
	at org.openqa.selenium.remote.RemoteWebDriver.execute(RemoteWebDriver.java:548)
	at org.openqa.selenium.remote.RemoteWebDriver.findElement(RemoteWebDriver.java:322)
	at org.openqa.selenium.remote.RemoteWebDriver.findElementById(RemoteWebDriver.java:368)
	at org.openqa.selenium.By$ById.findElement(By.java:188)
	at org.openqa.selenium.remote.RemoteWebDriver.findElement(RemoteWebDriver.java:314)
	at SummaryViewlets.SummaryViewlet_CreateBasicSummaryViewlet.VerifyRecordsCount(SummaryViewlet_CreateBasicSummaryViewlet.java:228)
	at sun.reflect.NativeMethodAccessorImpl.invoke0(Native Method)
	at sun.reflect.NativeMethodAccessorImpl.invoke(Unknown Source)
	at sun.reflect.DelegatingMethodAccessorImpl.invoke(Unknown Source)
	at java.lang.reflect.Method.invoke(Unknown Source)
	at org.testng.internal.MethodInvocationHelper.invokeMethod(MethodInvocationHelper.java:86)
	at org.testng.internal.Invoker.invokeMethod(Invoker.java:643)
	at org.testng.internal.Invoker.invokeTestMethod(Invoker.java:820)
	at org.testng.internal.Invoker.invokeTestMethods(Invoker.java:1128)
	at org.testng.internal.TestMethodWorker.invokeTestMethods(TestMethodWorker.java:129)
	at org.testng.internal.TestMethodWorker.run(TestMethodWorker.java:112)
	at org.testng.TestRunner.privateRun(TestRunner.java:782)
	at org.testng.TestRunner.run(TestRunner.java:632)
	at org.testng.SuiteRunner.runTest(SuiteRunner.java:366)
	at org.testng.SuiteRunner.runSequentially(SuiteRunner.java:361)
	at org.testng.SuiteRunner.privateRun(SuiteRunner.java:319)
	at org.testng.SuiteRunner.run(SuiteRunner.java:268)
	at org.testng.SuiteRunnerWorker.runSuite(SuiteRunnerWorker.java:52)
	at org.testng.SuiteRunnerWorker.run(SuiteRunnerWorker.java:86)
	at org.testng.TestNG.runSuitesSequentially(TestNG.java:1244)
	at org.testng.TestNG.runSuitesSequentially(TestNG.java:1240)
	at org.testng.TestNG.runSuitesLocally(TestNG.java:1169)
	at org.testng.TestNG.run(TestNG.java:1064)
	at org.testng.remote.AbstractRemoteTestNG.run(AbstractRemoteTestNG.java:115)
	at org.testng.remote.RemoteTestNG.initAndRun(RemoteTestNG.java:251)
	at org.testng.remote.RemoteTestNG.main(RemoteTestNG.java:77)
</pre></div></td>
<td>10</td>
<td>SummaryViewlets.SummaryViewlet_CreateBasicSummaryViewlet@1bce4f0a</td></tr>
</table><p>
<table width='100%' border='1' class='invocation-passed'>
<tr><td colspan='4' align='center'><b>PASSED TESTS</b></td></tr>
<tr><td><b>Test method</b></td>
<td width="30%"><b>Exception</b></td>
<td width="10%"><b>Time (seconds)</b></td>
<td><b>Instance</b></td>
</tr>
<tr>
<td title='SummaryViewlets.SummaryViewlet_CreateBasicSummaryViewlet.ConsoleTabFunctionality()'><b>ConsoleTabFunctionality</b><br>Test class: SummaryViewlets.SummaryViewlet_CreateBasicSummaryViewlet<br>Parameters: org.testng.TestRunner@11df2829<br/>
<a href="#Output-1428777808" onClick='toggleBox("Output-1428777808", this, "Show output", "Hide output");'>Show output</a>

<a href="#Output-1428777808" onClick="toggleAllBoxes();">Show all outputs</a>
<div class='log' id="Output-1428777808">
<br/><br/>
<img src=" F:\Prashant\automation\JkoolTest/Screenshots/ScreenshotsSuccess/ConsoleTabFunctionality.png" alt="""/" /><br/>
</div>
</td>
<td></td>
<td>4</td>
<td>SummaryViewlets.SummaryViewlet_CreateBasicSummaryViewlet@1bce4f0a</td></tr>
<tr>
<td title='SummaryViewlets.SummaryViewlet_CreateBasicSummaryViewlet.CreateSummaryViewlet()'><b>CreateSummaryViewlet</b><br>Test class: SummaryViewlets.SummaryViewlet_CreateBasicSummaryViewlet<br>Parameters: Get count of Activity Show as summary, org.testng.TestRunner@11df2829<br/>
<a href="#Output-687608114" onClick='toggleBox("Output-687608114", this, "Show output", "Hide output");'>Show output</a>

<a href="#Output-687608114" onClick="toggleAllBoxes();">Show all outputs</a>
<div class='log' id="Output-687608114">
<br/><br/>
<img src=" F:\Prashant\automation\JkoolTest/Screenshots/ScreenshotsSuccess/CreateSummaryViewlet.png" alt="""/" /><br/>
</div>
</td>
<td></td>
<td>7</td>
<td>SummaryViewlets.SummaryViewlet_CreateBasicSummaryViewlet@1bce4f0a</td></tr>
<tr>
<td title='SummaryViewlets.SummaryViewlet_CreateBasicSummaryViewlet.DeleteSummaryViewlet()'><b>DeleteSummaryViewlet</b><br>Test class: SummaryViewlets.SummaryViewlet_CreateBasicSummaryViewlet<br>Parameters: Get count of Activity Show as summary, org.testng.TestRunner@11df2829<br/>
<a href="#Output-2133632760" onClick='toggleBox("Output-2133632760", this, "Show output", "Hide output");'>Show output</a>

<a href="#Output-2133632760" onClick="toggleAllBoxes();">Show all outputs</a>
<div class='log' id="Output-2133632760">
<br/><br/>
<img src=" F:\Prashant\automation\JkoolTest/Screenshots/ScreenshotsSuccess/DeleteSummaryViewlet.png" alt="""/" /><br/>
</div>
</td>
<td></td>
<td>11</td>
<td>SummaryViewlets.SummaryViewlet_CreateBasicSummaryViewlet@1bce4f0a</td></tr>
<tr>
<td title='SummaryViewlets.SummaryViewlet_CreateBasicSummaryViewlet.EditOptionInSummaryViewlet()'><b>EditOptionInSummaryViewlet</b><br>Test class: SummaryViewlets.SummaryViewlet_CreateBasicSummaryViewlet<br>Parameters: TestUpdate, org.testng.TestRunner@11df2829<br/>
<a href="#Output-1188006919" onClick='toggleBox("Output-1188006919", this, "Show output", "Hide output");'>Show output</a>

<a href="#Output-1188006919" onClick="toggleAllBoxes();">Show all outputs</a>
<div class='log' id="Output-1188006919">
<br/><br/>
<img src=" F:\Prashant\automation\JkoolTest/Screenshots/ScreenshotsSuccess/EditOptionInSummaryViewlet.png" alt="""/" /><br/>
</div>
</td>
<td></td>
<td>20</td>
<td>SummaryViewlets.SummaryViewlet_CreateBasicSummaryViewlet@1bce4f0a</td></tr>
<tr>
<td title='SummaryViewlets.SummaryViewlet_CreateBasicSummaryViewlet.EditSummaryViewletQuery()'><b>EditSummaryViewletQuery</b><br>Test class: SummaryViewlets.SummaryViewlet_CreateBasicSummaryViewlet<br>Parameters: Get count of Event Show as summary, org.testng.TestRunner@11df2829<br/>
<a href="#Output-320414325" onClick='toggleBox("Output-320414325", this, "Show output", "Hide output");'>Show output</a>

<a href="#Output-320414325" onClick="toggleAllBoxes();">Show all outputs</a>
<div class='log' id="Output-320414325">
<br/><br/>
<img src=" F:\Prashant\automation\JkoolTest/Screenshots/ScreenshotsSuccess/EditSummaryViewletQuery.png" alt="""/" /><br/>
</div>
</td>
<td></td>
<td>15</td>
<td>SummaryViewlets.SummaryViewlet_CreateBasicSummaryViewlet@1bce4f0a</td></tr>
<tr>
<td title='SummaryViewlets.SummaryViewlet_CreateBasicSummaryViewlet.Login()'><b>Login</b><br>Test class: SummaryViewlets.SummaryViewlet_CreateBasicSummaryViewlet<br>Parameters: Drivers/geckodriver.exe, webdriver.gecko.driver<br/>
<a href="#Output-890525812" onClick='toggleBox("Output-890525812", this, "Show output", "Hide output");'>Show output</a>

<a href="#Output-890525812" onClick="toggleAllBoxes();">Show all outputs</a>
<div class='log' id="Output-890525812">
<br/><br/>
<img src=" F:\Prashant\automation\JkoolTest/Screenshots/ScreenshotsSuccess/Login.png" alt="""/" /><br/>
</div>
</td>
<td></td>
<td>71</td>
<td>SummaryViewlets.SummaryViewlet_CreateBasicSummaryViewlet@1bce4f0a</td></tr>
<tr>
<td title='SummaryViewlets.SummaryViewlet_CreateBasicSummaryViewlet.ObservationOfQuery()'><b>ObservationOfQuery</b><br>Test class: SummaryViewlets.SummaryViewlet_CreateBasicSummaryViewlet<br>Parameters: Get Activity  , org.testng.TestRunner@11df2829<br/>
<a href="#Output-940905579" onClick='toggleBox("Output-940905579", this, "Show output", "Hide output");'>Show output</a>

<a href="#Output-940905579" onClick="toggleAllBoxes();">Show all outputs</a>
<div class='log' id="Output-940905579">
<br/><br/>
<img src=" F:\Prashant\automation\JkoolTest/Screenshots/ScreenshotsSuccess/ObservationOfQuery.png" alt="""/" /><br/>
</div>
</td>
<td></td>
<td>2</td>
<td>SummaryViewlets.SummaryViewlet_CreateBasicSummaryViewlet@1bce4f0a</td></tr>
<tr>
<td title='SummaryViewlets.SummaryViewlet_CreateBasicSummaryViewlet.QueryInTemporaryViewlet()'><b>QueryInTemporaryViewlet</b><br>Test class: SummaryViewlets.SummaryViewlet_CreateBasicSummaryViewlet<br>Parameters: Get Events, org.testng.TestRunner@11df2829<br/>
<a href="#Output-1954507866" onClick='toggleBox("Output-1954507866", this, "Show output", "Hide output");'>Show output</a>

<a href="#Output-1954507866" onClick="toggleAllBoxes();">Show all outputs</a>
<div class='log' id="Output-1954507866">
<br/><br/>
<img src=" F:\Prashant\automation\JkoolTest/Screenshots/ScreenshotsSuccess/QueryInTemporaryViewlet.png" alt="""/" /><br/>
</div>
</td>
<td></td>
<td>6</td>
<td>SummaryViewlets.SummaryViewlet_CreateBasicSummaryViewlet@1bce4f0a</td></tr>
<tr>
<td title='SummaryViewlets.SummaryViewlet_CreateBasicSummaryViewlet.RemoveSummaryViewlet()'><b>RemoveSummaryViewlet</b><br>Test class: SummaryViewlets.SummaryViewlet_CreateBasicSummaryViewlet<br>Parameters: Get count of Event Show as summary, Get count of Activity Show as summary, org.testng.TestRunner@11df2829<br/>
<a href="#Output-342191077" onClick='toggleBox("Output-342191077", this, "Show output", "Hide output");'>Show output</a>

<a href="#Output-342191077" onClick="toggleAllBoxes();">Show all outputs</a>
<div class='log' id="Output-342191077">
<br/><br/>
<img src=" F:\Prashant\automation\JkoolTest/Screenshots/ScreenshotsSuccess/RemoveSummaryViewlet.png" alt="""/" /><br/>
</div>
</td>
<td></td>
<td>10</td>
<td>SummaryViewlets.SummaryViewlet_CreateBasicSummaryViewlet@1bce4f0a</td></tr>
<tr>
<td title='SummaryViewlets.SummaryViewlet_CreateBasicSummaryViewlet.SaveASSummaryViewlet()'><b>SaveASSummaryViewlet</b><br>Test class: SummaryViewlets.SummaryViewlet_CreateBasicSummaryViewlet<br>Parameters: UpdatedSummary, org.testng.TestRunner@11df2829<br/>
<a href="#Output-828070163" onClick='toggleBox("Output-828070163", this, "Show output", "Hide output");'>Show output</a>

<a href="#Output-828070163" onClick="toggleAllBoxes();">Show all outputs</a>
<div class='log' id="Output-828070163">
<br/><br/>
<img src=" F:\Prashant\automation\JkoolTest/Screenshots/ScreenshotsSuccess/SaveASSummaryViewlet.png" alt="""/" /><br/>
</div>
</td>
<td></td>
<td>13</td>
<td>SummaryViewlets.SummaryViewlet_CreateBasicSummaryViewlet@1bce4f0a</td></tr>
<tr>
<td title='SummaryViewlets.SummaryViewlet_CreateBasicSummaryViewlet.SaveSummaryViewlet()'><b>SaveSummaryViewlet</b><br>Test class: SummaryViewlets.SummaryViewlet_CreateBasicSummaryViewlet<br>Parameters: org.testng.TestRunner@11df2829<br/>
<a href="#Output-2089816579" onClick='toggleBox("Output-2089816579", this, "Show output", "Hide output");'>Show output</a>

<a href="#Output-2089816579" onClick="toggleAllBoxes();">Show all outputs</a>
<div class='log' id="Output-2089816579">
<br/><br/>
<img src=" F:\Prashant\automation\JkoolTest/Screenshots/ScreenshotsSuccess/SaveSummaryViewlet.png" alt="""/" /><br/>
</div>
</td>
<td></td>
<td>7</td>
<td>SummaryViewlets.SummaryViewlet_CreateBasicSummaryViewlet@1bce4f0a</td></tr>
<tr>
<td title='SummaryViewlets.SummaryViewlet_CreateBasicSummaryViewlet.TemporaryViewlet()'><b>TemporaryViewlet</b><br>Test class: SummaryViewlets.SummaryViewlet_CreateBasicSummaryViewlet<br>Parameters: Temporary viewlet, org.testng.TestRunner@11df2829<br/>
<a href="#Output-1215025252" onClick='toggleBox("Output-1215025252", this, "Show output", "Hide output");'>Show output</a>

<a href="#Output-1215025252" onClick="toggleAllBoxes();">Show all outputs</a>
<div class='log' id="Output-1215025252">
<br/><br/>
<img src=" F:\Prashant\automation\JkoolTest/Screenshots/ScreenshotsSuccess/TemporaryViewlet.png" alt="""/" /><br/>
</div>
</td>
<td></td>
<td>3</td>
<td>SummaryViewlets.SummaryViewlet_CreateBasicSummaryViewlet@1bce4f0a</td></tr>
</table><p>
</body>
</html>