<html>
<head>
<title>TestNG:  Branding Logos</title>
<link href="../testng.css" rel="stylesheet" type="text/css" />
<link href="../my-testng.css" rel="stylesheet" type="text/css" />

<style type="text/css">
.log { display: none;} 
.stack-trace { display: none;} 
</style>
<script type="text/javascript">
<!--
function flip(e) {
  current = e.style.display;
  if (current == 'block') {
    e.style.display = 'none';
    return 0;
  }
  else {
    e.style.display = 'block';
    return 1;
  }
}

function toggleBox(szDivId, elem, msg1, msg2)
{
  var res = -1;  if (document.getElementById) {
    res = flip(document.getElementById(szDivId));
  }
  else if (document.all) {
    // this is the way old msie versions work
    res = flip(document.all[szDivId]);
  }
  if(elem) {
    if(res == 0) elem.innerHTML = msg1; else elem.innerHTML = msg2;
  }

}

function toggleAllBoxes() {
  if (document.getElementsByTagName) {
    d = document.getElementsByTagName('div');
    for (i = 0; i < d.length; i++) {
      if (d[i].className == 'log') {
        flip(d[i]);
      }
    }
  }
}

// -->
</script>

</head>
<body>
<h2 align='center'>Branding Logos</h2><table border='1' align="center">
<tr>
<td>Tests passed/Failed/Skipped:</td><td>15/2/0</td>
</tr><tr>
<td>Started on:</td><td>Fri Jan 29 17:49:54 IST 2021</td>
</tr>
<tr><td>Total time:</td><td>468 seconds (468640 ms)</td>
</tr><tr>
<td>Included groups:</td><td></td>
</tr><tr>
<td>Excluded groups:</td><td></td>
</tr>
</table><p/>
<small><i>(Hover the method name to see the test class name)</i></small><p/>
<table width='100%' border='1' class='invocation-failed'>
<tr><td colspan='4' align='center'><b>FAILED TESTS</b></td></tr>
<tr><td><b>Test method</b></td>
<td width="30%"><b>Exception</b></td>
<td width="10%"><b>Time (seconds)</b></td>
<td><b>Instance</b></td>
</tr>
<tr>
<td title='AdminSettings.AdminSettings_BrandingLogos.ForgotPasswordURL()'><b>ForgotPasswordURL</b><br>Test class: AdminSettings.AdminSettings_BrandingLogos<br>Parameters: org.testng.TestRunner@480d3575<br/>
<a href="#Output-701119748" onClick='toggleBox("Output-701119748", this, "Show output", "Hide output");'>Show output</a>

<a href="#Output-701119748" onClick="toggleAllBoxes();">Show all outputs</a>
<div class='log' id="Output-701119748">
<br/>Failed to execute method: ForgotPasswordURL<br/><br/>
<br/><br/>
<img src=" F:\Automation\Xray/Screenshots/ScreenshotsFailure/ForgotPasswordURL.png" alt="""/" /><br/>
</div>
</td>
<td><div><pre>org.openqa.selenium.NoSuchElementException: no such element: Unable to locate element: {&quot;method&quot;:&quot;id&quot;,&quot;selector&quot;:&quot;Forgot password field failed&quot;}
  (Session info: chrome=88.0.4324.104)
  (Driver info: chromedriver=2.41.578737 (49da6702b16031c40d63e5618de03a32ff6c197e),platform=Windows NT 10.0.19041 x86_64) (WARNING: The server did not provide any stacktrace information)
Command duration or timeout: 0 milliseconds
For documentation on this error, please visit: https://www.seleniumhq.org/exceptions/no_such_element.html
Build info: version: &apos;3.141.59&apos;, revision: &apos;e82be7d358&apos;, time: &apos;2018-11-14T08:25:53&apos;
System info: host: &apos;LAPTOP-P3LD1OLC&apos;, ip: &apos;192.168.43.213&apos;, os.name: &apos;Windows 10&apos;, os.arch: &apos;amd64&apos;, os.version: &apos;10.0&apos;, java.version: &apos;1.8.0_144&apos;
Driver info: org.openqa.selenium.chrome.ChromeDriver
Capabilities {acceptInsecureCerts: false, acceptSslCerts: false, applicationCacheEnabled: false, browserConnectionEnabled: false, browserName: chrome, chrome: {chromedriverVersion: 2.41.578737 (49da6702b16031..., userDataDir: C:\Users\kagit\AppData\Loca...}, cssSelectorsEnabled: true, databaseEnabled: false, goog:chromeOptions: {debuggerAddress: localhost:53116}, handlesAlerts: true, hasTouchScreen: false, javascriptEnabled: true, locationContextEnabled: true, mobileEmulationEnabled: false, nativeEvents: true, networkConnectionEnabled: false, pageLoadStrategy: normal, platform: XP, platformName: XP, rotatable: false, setWindowRect: true, takesHeapSnapshot: true, takesScreenshot: true, unexpectedAlertBehaviour: , unhandledPromptBehavior: , version: 88.0.4324.104, webStorageEnabled: true}
Session ID: 4598e6d04907e15b520b2201f78e5ac9
*** Element info: {Using=id, value=Forgot password field failed}
	at org.openqa.selenium.remote.ErrorHandler.createThrowable(ErrorHandler.java:214)
	at org.openqa.selenium.remote.ErrorHandler.throwIfResponseFailed(ErrorHandler.java:166)
	at org.openqa.selenium.remote.http.JsonHttpResponseCodec.reconstructValue(JsonHttpResponseCodec.java:40)
	at org.openqa.selenium.remote.http.AbstractHttpResponseCodec.decode(AbstractHttpResponseCodec.java:80)
	at org.openqa.selenium.remote.http.AbstractHttpResponseCodec.decode(AbstractHttpResponseCodec.java:44)
	at org.openqa.selenium.remote.HttpCommandExecutor.execute(HttpCommandExecutor.java:158)
	at org.openqa.selenium.remote.service.DriverCommandExecutor.execute(DriverCommandExecutor.java:83)
	at org.openqa.selenium.remote.RemoteWebDriver.execute(RemoteWebDriver.java:552)
	at org.openqa.selenium.remote.RemoteWebDriver.findElement(RemoteWebDriver.java:323)
	at org.openqa.selenium.remote.RemoteWebDriver.findElementById(RemoteWebDriver.java:372)
	at org.openqa.selenium.By$ById.findElement(By.java:188)
	at org.openqa.selenium.remote.RemoteWebDriver.findElement(RemoteWebDriver.java:315)
	at AdminSettings.AdminSettings_BrandingLogos.ForgotPasswordURL(AdminSettings_BrandingLogos.java:871)
... Removed 29 stack frames</pre></div><a href='#' onClick='toggleBox("stack-trace701119748", this, "Click to show all stack frames", "Click to hide stack frames")'>Click to show all stack frames</a>
<div class='stack-trace' id='stack-trace701119748'><pre>org.openqa.selenium.NoSuchElementException: no such element: Unable to locate element: {&quot;method&quot;:&quot;id&quot;,&quot;selector&quot;:&quot;Forgot password field failed&quot;}
  (Session info: chrome=88.0.4324.104)
  (Driver info: chromedriver=2.41.578737 (49da6702b16031c40d63e5618de03a32ff6c197e),platform=Windows NT 10.0.19041 x86_64) (WARNING: The server did not provide any stacktrace information)
Command duration or timeout: 0 milliseconds
For documentation on this error, please visit: https://www.seleniumhq.org/exceptions/no_such_element.html
Build info: version: &apos;3.141.59&apos;, revision: &apos;e82be7d358&apos;, time: &apos;2018-11-14T08:25:53&apos;
System info: host: &apos;LAPTOP-P3LD1OLC&apos;, ip: &apos;192.168.43.213&apos;, os.name: &apos;Windows 10&apos;, os.arch: &apos;amd64&apos;, os.version: &apos;10.0&apos;, java.version: &apos;1.8.0_144&apos;
Driver info: org.openqa.selenium.chrome.ChromeDriver
Capabilities {acceptInsecureCerts: false, acceptSslCerts: false, applicationCacheEnabled: false, browserConnectionEnabled: false, browserName: chrome, chrome: {chromedriverVersion: 2.41.578737 (49da6702b16031..., userDataDir: C:\Users\kagit\AppData\Loca...}, cssSelectorsEnabled: true, databaseEnabled: false, goog:chromeOptions: {debuggerAddress: localhost:53116}, handlesAlerts: true, hasTouchScreen: false, javascriptEnabled: true, locationContextEnabled: true, mobileEmulationEnabled: false, nativeEvents: true, networkConnectionEnabled: false, pageLoadStrategy: normal, platform: XP, platformName: XP, rotatable: false, setWindowRect: true, takesHeapSnapshot: true, takesScreenshot: true, unexpectedAlertBehaviour: , unhandledPromptBehavior: , version: 88.0.4324.104, webStorageEnabled: true}
Session ID: 4598e6d04907e15b520b2201f78e5ac9
*** Element info: {Using=id, value=Forgot password field failed}
	at sun.reflect.NativeConstructorAccessorImpl.newInstance0(Native Method)
	at sun.reflect.NativeConstructorAccessorImpl.newInstance(Unknown Source)
	at sun.reflect.DelegatingConstructorAccessorImpl.newInstance(Unknown Source)
	at java.lang.reflect.Constructor.newInstance(Unknown Source)
	at org.openqa.selenium.remote.ErrorHandler.createThrowable(ErrorHandler.java:214)
	at org.openqa.selenium.remote.ErrorHandler.throwIfResponseFailed(ErrorHandler.java:166)
	at org.openqa.selenium.remote.http.JsonHttpResponseCodec.reconstructValue(JsonHttpResponseCodec.java:40)
	at org.openqa.selenium.remote.http.AbstractHttpResponseCodec.decode(AbstractHttpResponseCodec.java:80)
	at org.openqa.selenium.remote.http.AbstractHttpResponseCodec.decode(AbstractHttpResponseCodec.java:44)
	at org.openqa.selenium.remote.HttpCommandExecutor.execute(HttpCommandExecutor.java:158)
	at org.openqa.selenium.remote.service.DriverCommandExecutor.execute(DriverCommandExecutor.java:83)
	at org.openqa.selenium.remote.RemoteWebDriver.execute(RemoteWebDriver.java:552)
	at org.openqa.selenium.remote.RemoteWebDriver.findElement(RemoteWebDriver.java:323)
	at org.openqa.selenium.remote.RemoteWebDriver.findElementById(RemoteWebDriver.java:372)
	at org.openqa.selenium.By$ById.findElement(By.java:188)
	at org.openqa.selenium.remote.RemoteWebDriver.findElement(RemoteWebDriver.java:315)
	at AdminSettings.AdminSettings_BrandingLogos.ForgotPasswordURL(AdminSettings_BrandingLogos.java:871)
	at sun.reflect.NativeMethodAccessorImpl.invoke0(Native Method)
	at sun.reflect.NativeMethodAccessorImpl.invoke(Unknown Source)
	at sun.reflect.DelegatingMethodAccessorImpl.invoke(Unknown Source)
	at java.lang.reflect.Method.invoke(Unknown Source)
	at org.testng.internal.MethodInvocationHelper.invokeMethod(MethodInvocationHelper.java:108)
	at org.testng.internal.Invoker.invokeMethod(Invoker.java:661)
	at org.testng.internal.Invoker.invokeTestMethod(Invoker.java:869)
	at org.testng.internal.Invoker.invokeTestMethods(Invoker.java:1193)
	at org.testng.internal.TestMethodWorker.invokeTestMethods(TestMethodWorker.java:126)
	at org.testng.internal.TestMethodWorker.run(TestMethodWorker.java:109)
	at org.testng.TestRunner.privateRun(TestRunner.java:744)
	at org.testng.TestRunner.run(TestRunner.java:602)
	at org.testng.SuiteRunner.runTest(SuiteRunner.java:380)
	at org.testng.SuiteRunner.runSequentially(SuiteRunner.java:375)
	at org.testng.SuiteRunner.privateRun(SuiteRunner.java:340)
	at org.testng.SuiteRunner.run(SuiteRunner.java:289)
	at org.testng.SuiteRunnerWorker.runSuite(SuiteRunnerWorker.java:52)
	at org.testng.SuiteRunnerWorker.run(SuiteRunnerWorker.java:86)
	at org.testng.TestNG.runSuitesSequentially(TestNG.java:1301)
	at org.testng.TestNG.runSuitesLocally(TestNG.java:1226)
	at org.testng.TestNG.runSuites(TestNG.java:1144)
	at org.testng.TestNG.run(TestNG.java:1115)
	at org.testng.remote.AbstractRemoteTestNG.run(AbstractRemoteTestNG.java:115)
	at org.testng.remote.RemoteTestNG.initAndRun(RemoteTestNG.java:251)
	at org.testng.remote.RemoteTestNG.main(RemoteTestNG.java:77)
</pre></div></td>
<td>28</td>
<td>AdminSettings.AdminSettings_BrandingLogos@3a82f6ef</td></tr>
<tr>
<td title='AdminSettings.AdminSettings_BrandingLogos.LicenseURL()'><b>LicenseURL</b><br>Test class: AdminSettings.AdminSettings_BrandingLogos<br>Parameters: org.testng.TestRunner@480d3575<br/>
<a href="#Output-1430199669" onClick='toggleBox("Output-1430199669", this, "Show output", "Hide output");'>Show output</a>

<a href="#Output-1430199669" onClick="toggleAllBoxes();">Show all outputs</a>
<div class='log' id="Output-1430199669">
<br/>Failed to execute method: LicenseURL<br/><br/>
<br/><br/>
<img src=" F:\Automation\Xray/Screenshots/ScreenshotsFailure/LicenseURL.png" alt="""/" /><br/>
</div>
</td>
<td><div><pre>org.openqa.selenium.NoSuchElementException: no such element: Unable to locate element: {&quot;method&quot;:&quot;id&quot;,&quot;selector&quot;:&quot;License url failed&quot;}
  (Session info: chrome=88.0.4324.104)
  (Driver info: chromedriver=2.41.578737 (49da6702b16031c40d63e5618de03a32ff6c197e),platform=Windows NT 10.0.19041 x86_64) (WARNING: The server did not provide any stacktrace information)
Command duration or timeout: 0 milliseconds
For documentation on this error, please visit: https://www.seleniumhq.org/exceptions/no_such_element.html
Build info: version: &apos;3.141.59&apos;, revision: &apos;e82be7d358&apos;, time: &apos;2018-11-14T08:25:53&apos;
System info: host: &apos;LAPTOP-P3LD1OLC&apos;, ip: &apos;192.168.43.213&apos;, os.name: &apos;Windows 10&apos;, os.arch: &apos;amd64&apos;, os.version: &apos;10.0&apos;, java.version: &apos;1.8.0_144&apos;
Driver info: org.openqa.selenium.chrome.ChromeDriver
Capabilities {acceptInsecureCerts: false, acceptSslCerts: false, applicationCacheEnabled: false, browserConnectionEnabled: false, browserName: chrome, chrome: {chromedriverVersion: 2.41.578737 (49da6702b16031..., userDataDir: C:\Users\kagit\AppData\Loca...}, cssSelectorsEnabled: true, databaseEnabled: false, goog:chromeOptions: {debuggerAddress: localhost:53116}, handlesAlerts: true, hasTouchScreen: false, javascriptEnabled: true, locationContextEnabled: true, mobileEmulationEnabled: false, nativeEvents: true, networkConnectionEnabled: false, pageLoadStrategy: normal, platform: XP, platformName: XP, rotatable: false, setWindowRect: true, takesHeapSnapshot: true, takesScreenshot: true, unexpectedAlertBehaviour: , unhandledPromptBehavior: , version: 88.0.4324.104, webStorageEnabled: true}
Session ID: 4598e6d04907e15b520b2201f78e5ac9
*** Element info: {Using=id, value=License url failed}
	at org.openqa.selenium.remote.ErrorHandler.createThrowable(ErrorHandler.java:214)
	at org.openqa.selenium.remote.ErrorHandler.throwIfResponseFailed(ErrorHandler.java:166)
	at org.openqa.selenium.remote.http.JsonHttpResponseCodec.reconstructValue(JsonHttpResponseCodec.java:40)
	at org.openqa.selenium.remote.http.AbstractHttpResponseCodec.decode(AbstractHttpResponseCodec.java:80)
	at org.openqa.selenium.remote.http.AbstractHttpResponseCodec.decode(AbstractHttpResponseCodec.java:44)
	at org.openqa.selenium.remote.HttpCommandExecutor.execute(HttpCommandExecutor.java:158)
	at org.openqa.selenium.remote.service.DriverCommandExecutor.execute(DriverCommandExecutor.java:83)
	at org.openqa.selenium.remote.RemoteWebDriver.execute(RemoteWebDriver.java:552)
	at org.openqa.selenium.remote.RemoteWebDriver.findElement(RemoteWebDriver.java:323)
	at org.openqa.selenium.remote.RemoteWebDriver.findElementById(RemoteWebDriver.java:372)
	at org.openqa.selenium.By$ById.findElement(By.java:188)
	at org.openqa.selenium.remote.RemoteWebDriver.findElement(RemoteWebDriver.java:315)
	at AdminSettings.AdminSettings_BrandingLogos.LicenseURL(AdminSettings_BrandingLogos.java:1387)
... Removed 29 stack frames</pre></div><a href='#' onClick='toggleBox("stack-trace1430199669", this, "Click to show all stack frames", "Click to hide stack frames")'>Click to show all stack frames</a>
<div class='stack-trace' id='stack-trace1430199669'><pre>org.openqa.selenium.NoSuchElementException: no such element: Unable to locate element: {&quot;method&quot;:&quot;id&quot;,&quot;selector&quot;:&quot;License url failed&quot;}
  (Session info: chrome=88.0.4324.104)
  (Driver info: chromedriver=2.41.578737 (49da6702b16031c40d63e5618de03a32ff6c197e),platform=Windows NT 10.0.19041 x86_64) (WARNING: The server did not provide any stacktrace information)
Command duration or timeout: 0 milliseconds
For documentation on this error, please visit: https://www.seleniumhq.org/exceptions/no_such_element.html
Build info: version: &apos;3.141.59&apos;, revision: &apos;e82be7d358&apos;, time: &apos;2018-11-14T08:25:53&apos;
System info: host: &apos;LAPTOP-P3LD1OLC&apos;, ip: &apos;192.168.43.213&apos;, os.name: &apos;Windows 10&apos;, os.arch: &apos;amd64&apos;, os.version: &apos;10.0&apos;, java.version: &apos;1.8.0_144&apos;
Driver info: org.openqa.selenium.chrome.ChromeDriver
Capabilities {acceptInsecureCerts: false, acceptSslCerts: false, applicationCacheEnabled: false, browserConnectionEnabled: false, browserName: chrome, chrome: {chromedriverVersion: 2.41.578737 (49da6702b16031..., userDataDir: C:\Users\kagit\AppData\Loca...}, cssSelectorsEnabled: true, databaseEnabled: false, goog:chromeOptions: {debuggerAddress: localhost:53116}, handlesAlerts: true, hasTouchScreen: false, javascriptEnabled: true, locationContextEnabled: true, mobileEmulationEnabled: false, nativeEvents: true, networkConnectionEnabled: false, pageLoadStrategy: normal, platform: XP, platformName: XP, rotatable: false, setWindowRect: true, takesHeapSnapshot: true, takesScreenshot: true, unexpectedAlertBehaviour: , unhandledPromptBehavior: , version: 88.0.4324.104, webStorageEnabled: true}
Session ID: 4598e6d04907e15b520b2201f78e5ac9
*** Element info: {Using=id, value=License url failed}
	at sun.reflect.NativeConstructorAccessorImpl.newInstance0(Native Method)
	at sun.reflect.NativeConstructorAccessorImpl.newInstance(Unknown Source)
	at sun.reflect.DelegatingConstructorAccessorImpl.newInstance(Unknown Source)
	at java.lang.reflect.Constructor.newInstance(Unknown Source)
	at org.openqa.selenium.remote.ErrorHandler.createThrowable(ErrorHandler.java:214)
	at org.openqa.selenium.remote.ErrorHandler.throwIfResponseFailed(ErrorHandler.java:166)
	at org.openqa.selenium.remote.http.JsonHttpResponseCodec.reconstructValue(JsonHttpResponseCodec.java:40)
	at org.openqa.selenium.remote.http.AbstractHttpResponseCodec.decode(AbstractHttpResponseCodec.java:80)
	at org.openqa.selenium.remote.http.AbstractHttpResponseCodec.decode(AbstractHttpResponseCodec.java:44)
	at org.openqa.selenium.remote.HttpCommandExecutor.execute(HttpCommandExecutor.java:158)
	at org.openqa.selenium.remote.service.DriverCommandExecutor.execute(DriverCommandExecutor.java:83)
	at org.openqa.selenium.remote.RemoteWebDriver.execute(RemoteWebDriver.java:552)
	at org.openqa.selenium.remote.RemoteWebDriver.findElement(RemoteWebDriver.java:323)
	at org.openqa.selenium.remote.RemoteWebDriver.findElementById(RemoteWebDriver.java:372)
	at org.openqa.selenium.By$ById.findElement(By.java:188)
	at org.openqa.selenium.remote.RemoteWebDriver.findElement(RemoteWebDriver.java:315)
	at AdminSettings.AdminSettings_BrandingLogos.LicenseURL(AdminSettings_BrandingLogos.java:1387)
	at sun.reflect.NativeMethodAccessorImpl.invoke0(Native Method)
	at sun.reflect.NativeMethodAccessorImpl.invoke(Unknown Source)
	at sun.reflect.DelegatingMethodAccessorImpl.invoke(Unknown Source)
	at java.lang.reflect.Method.invoke(Unknown Source)
	at org.testng.internal.MethodInvocationHelper.invokeMethod(MethodInvocationHelper.java:108)
	at org.testng.internal.Invoker.invokeMethod(Invoker.java:661)
	at org.testng.internal.Invoker.invokeTestMethod(Invoker.java:869)
	at org.testng.internal.Invoker.invokeTestMethods(Invoker.java:1193)
	at org.testng.internal.TestMethodWorker.invokeTestMethods(TestMethodWorker.java:126)
	at org.testng.internal.TestMethodWorker.run(TestMethodWorker.java:109)
	at org.testng.TestRunner.privateRun(TestRunner.java:744)
	at org.testng.TestRunner.run(TestRunner.java:602)
	at org.testng.SuiteRunner.runTest(SuiteRunner.java:380)
	at org.testng.SuiteRunner.runSequentially(SuiteRunner.java:375)
	at org.testng.SuiteRunner.privateRun(SuiteRunner.java:340)
	at org.testng.SuiteRunner.run(SuiteRunner.java:289)
	at org.testng.SuiteRunnerWorker.runSuite(SuiteRunnerWorker.java:52)
	at org.testng.SuiteRunnerWorker.run(SuiteRunnerWorker.java:86)
	at org.testng.TestNG.runSuitesSequentially(TestNG.java:1301)
	at org.testng.TestNG.runSuitesLocally(TestNG.java:1226)
	at org.testng.TestNG.runSuites(TestNG.java:1144)
	at org.testng.TestNG.run(TestNG.java:1115)
	at org.testng.remote.AbstractRemoteTestNG.run(AbstractRemoteTestNG.java:115)
	at org.testng.remote.RemoteTestNG.initAndRun(RemoteTestNG.java:251)
	at org.testng.remote.RemoteTestNG.main(RemoteTestNG.java:77)
</pre></div></td>
<td>26</td>
<td>AdminSettings.AdminSettings_BrandingLogos@3a82f6ef</td></tr>
</table><p>
<table width='100%' border='1' class='invocation-passed'>
<tr><td colspan='4' align='center'><b>PASSED TESTS</b></td></tr>
<tr><td><b>Test method</b></td>
<td width="30%"><b>Exception</b></td>
<td width="10%"><b>Time (seconds)</b></td>
<td><b>Instance</b></td>
</tr>
<tr>
<td title='AdminSettings.AdminSettings_BrandingLogos.Browser()'><b>Browser</b><br>Test class: AdminSettings.AdminSettings_BrandingLogos<br>Parameters: Drivers/chromedriver.exe, webdriver.chrome.driver<br/>
<a href="#Output-593415583" onClick='toggleBox("Output-593415583", this, "Show output", "Hide output");'>Show output</a>

<a href="#Output-593415583" onClick="toggleAllBoxes();">Show all outputs</a>
<div class='log' id="Output-593415583">
<br/><br/>
<img src=" F:\Automation\Xray/Screenshots/ScreenshotsSuccess/Browser.png" alt="""/" /><br/>
</div>
</td>
<td></td>
<td>12</td>
<td>AdminSettings.AdminSettings_BrandingLogos@3a82f6ef</td></tr>
<tr>
<td title='AdminSettings.AdminSettings_BrandingLogos.Closebrowser()'><b>Closebrowser</b><br>Test class: AdminSettings.AdminSettings_BrandingLogos<br/>
<a href="#Output-612937843" onClick='toggleBox("Output-612937843", this, "Show output", "Hide output");'>Show output</a>

<a href="#Output-612937843" onClick="toggleAllBoxes();">Show all outputs</a>
<div class='log' id="Output-612937843">
<br/><br/>
<img src=" F:\Automation\Xray/Screenshots/ScreenshotsSuccess/Closebrowser.png" alt="""/" /><br/>
</div>
</td>
<td></td>
<td>0</td>
<td>AdminSettings.AdminSettings_BrandingLogos@3a82f6ef</td></tr>
<tr>
<td title='AdminSettings.AdminSettings_BrandingLogos.CollectorsURL()'><b>CollectorsURL</b><br>Test class: AdminSettings.AdminSettings_BrandingLogos<br>Parameters: https://www.nastel.com/#collectors, org.testng.TestRunner@480d3575<br/>
<a href="#Output-1273958371" onClick='toggleBox("Output-1273958371", this, "Show output", "Hide output");'>Show output</a>

<a href="#Output-1273958371" onClick="toggleAllBoxes();">Show all outputs</a>
<div class='log' id="Output-1273958371">
<br/><br/>
<img src=" F:\Automation\Xray/Screenshots/ScreenshotsSuccess/CollectorsURL.png" alt="""/" /><br/>
</div>
</td>
<td></td>
<td>14</td>
<td>AdminSettings.AdminSettings_BrandingLogos@3a82f6ef</td></tr>
<tr>
<td title='AdminSettings.AdminSettings_BrandingLogos.CopyRight()'><b>CopyRight</b><br>Test class: AdminSettings.AdminSettings_BrandingLogos<br>Parameters: nagaraju, nagaraju21, org.testng.TestRunner@480d3575<br/>
<a href="#Output-33419717" onClick='toggleBox("Output-33419717", this, "Show output", "Hide output");'>Show output</a>

<a href="#Output-33419717" onClick="toggleAllBoxes();">Show all outputs</a>
<div class='log' id="Output-33419717">
<br/><br/>
<img src=" F:\Automation\Xray/Screenshots/ScreenshotsSuccess/CopyRight.png" alt="""/" /><br/>
</div>
</td>
<td></td>
<td>26</td>
<td>AdminSettings.AdminSettings_BrandingLogos@3a82f6ef</td></tr>
<tr>
<td title='AdminSettings.AdminSettings_BrandingLogos.HelpURL()'><b>HelpURL</b><br>Test class: AdminSettings.AdminSettings_BrandingLogos<br>Parameters: org.testng.TestRunner@480d3575<br/>
<a href="#Output-1793899405" onClick='toggleBox("Output-1793899405", this, "Show output", "Hide output");'>Show output</a>

<a href="#Output-1793899405" onClick="toggleAllBoxes();">Show all outputs</a>
<div class='log' id="Output-1793899405">
<br/><br/>
<img src=" F:\Automation\Xray/Screenshots/ScreenshotsSuccess/HelpURL.png" alt="""/" /><br/>
</div>
</td>
<td></td>
<td>16</td>
<td>AdminSettings.AdminSettings_BrandingLogos@3a82f6ef</td></tr>
<tr>
<td title='AdminSettings.AdminSettings_BrandingLogos.LandingPageText()'><b>LandingPageText</b><br>Test class: AdminSettings.AdminSettings_BrandingLogos<br>Parameters: nagaraju, nagaraju21, org.testng.TestRunner@480d3575<br/>
<a href="#Output-1746570062" onClick='toggleBox("Output-1746570062", this, "Show output", "Hide output");'>Show output</a>

<a href="#Output-1746570062" onClick="toggleAllBoxes();">Show all outputs</a>
<div class='log' id="Output-1746570062">
<br/><br/>
<img src=" F:\Automation\Xray/Screenshots/ScreenshotsSuccess/LandingPageText.png" alt="""/" /><br/>
</div>
</td>
<td></td>
<td>40</td>
<td>AdminSettings.AdminSettings_BrandingLogos@3a82f6ef</td></tr>
<tr>
<td title='AdminSettings.AdminSettings_BrandingLogos.LeaveFeedback()'><b>LeaveFeedback</b><br>Test class: AdminSettings.AdminSettings_BrandingLogos<br>Parameters: org.testng.TestRunner@480d3575<br/>
<a href="#Output-95369743" onClick='toggleBox("Output-95369743", this, "Show output", "Hide output");'>Show output</a>

<a href="#Output-95369743" onClick="toggleAllBoxes();">Show all outputs</a>
<div class='log' id="Output-95369743">
<br/><br/>
<img src=" F:\Automation\Xray/Screenshots/ScreenshotsSuccess/LeaveFeedback.png" alt="""/" /><br/>
</div>
</td>
<td></td>
<td>14</td>
<td>AdminSettings.AdminSettings_BrandingLogos@3a82f6ef</td></tr>
<tr>
<td title='AdminSettings.AdminSettings_BrandingLogos.LicenseURLCheckbox()'><b>LicenseURLCheckbox</b><br>Test class: AdminSettings.AdminSettings_BrandingLogos<br>Parameters: org.testng.TestRunner@480d3575<br/>
<a href="#Output-1544895390" onClick='toggleBox("Output-1544895390", this, "Show output", "Hide output");'>Show output</a>

<a href="#Output-1544895390" onClick="toggleAllBoxes();">Show all outputs</a>
<div class='log' id="Output-1544895390">
<br/><br/>
<img src=" F:\Automation\Xray/Screenshots/ScreenshotsSuccess/LicenseURLCheckbox.png" alt="""/" /><br/>
</div>
</td>
<td></td>
<td>4</td>
<td>AdminSettings.AdminSettings_BrandingLogos@3a82f6ef</td></tr>
<tr>
<td title='AdminSettings.AdminSettings_BrandingLogos.Login()'><b>Login</b><br>Test class: AdminSettings.AdminSettings_BrandingLogos<br/>
<a href="#Output-1439394198" onClick='toggleBox("Output-1439394198", this, "Show output", "Hide output");'>Show output</a>

<a href="#Output-1439394198" onClick="toggleAllBoxes();">Show all outputs</a>
<div class='log' id="Output-1439394198">
<br/><br/>
<img src=" F:\Automation\Xray/Screenshots/ScreenshotsSuccess/Login.png" alt="""/" /><br/>
</div>
</td>
<td></td>
<td>43</td>
<td>AdminSettings.AdminSettings_BrandingLogos@3a82f6ef</td></tr>
<tr>
<td title='AdminSettings.AdminSettings_BrandingLogos.Logoutmessage()'><b>Logoutmessage</b><br>Test class: AdminSettings.AdminSettings_BrandingLogos<br>Parameters: org.testng.TestRunner@480d3575</td>
<td></td>
<td>8</td>
<td>AdminSettings.AdminSettings_BrandingLogos@3a82f6ef</td></tr>
<tr>
<td title='AdminSettings.AdminSettings_BrandingLogos.PrivacyURL()'><b>PrivacyURL</b><br>Test class: AdminSettings.AdminSettings_BrandingLogos<br>Parameters: org.testng.TestRunner@480d3575<br/>
<a href="#Output-222427158" onClick='toggleBox("Output-222427158", this, "Show output", "Hide output");'>Show output</a>

<a href="#Output-222427158" onClick="toggleAllBoxes();">Show all outputs</a>
<div class='log' id="Output-222427158">
<br/><br/>
<img src=" F:\Automation\Xray/Screenshots/ScreenshotsSuccess/PrivacyURL.png" alt="""/" /><br/>
</div>
</td>
<td></td>
<td>0</td>
<td>AdminSettings.AdminSettings_BrandingLogos@3a82f6ef</td></tr>
<tr>
<td title='AdminSettings.AdminSettings_BrandingLogos.RegistrationText()'><b>RegistrationText</b><br>Test class: AdminSettings.AdminSettings_BrandingLogos<br>Parameters: nagaraju, nagaraju21, org.testng.TestRunner@480d3575<br/>
<a href="#Output-1939022383" onClick='toggleBox("Output-1939022383", this, "Show output", "Hide output");'>Show output</a>

<a href="#Output-1939022383" onClick="toggleAllBoxes();">Show all outputs</a>
<div class='log' id="Output-1939022383">
<br/><br/>
<img src=" F:\Automation\Xray/Screenshots/ScreenshotsSuccess/RegistrationText.png" alt="""/" /><br/>
</div>
</td>
<td></td>
<td>0</td>
<td>AdminSettings.AdminSettings_BrandingLogos@3a82f6ef</td></tr>
<tr>
<td title='AdminSettings.AdminSettings_BrandingLogos.RegistrationTextCheckbox()'><b>RegistrationTextCheckbox</b><br>Test class: AdminSettings.AdminSettings_BrandingLogos<br>Parameters: org.testng.TestRunner@480d3575<br/>
<a href="#Output-1870209957" onClick='toggleBox("Output-1870209957", this, "Show output", "Hide output");'>Show output</a>

<a href="#Output-1870209957" onClick="toggleAllBoxes();">Show all outputs</a>
<div class='log' id="Output-1870209957">
<br/><br/>
<img src=" F:\Automation\Xray/Screenshots/ScreenshotsSuccess/RegistrationTextCheckbox.png" alt="""/" /><br/>
</div>
</td>
<td></td>
<td>5</td>
<td>AdminSettings.AdminSettings_BrandingLogos@3a82f6ef</td></tr>
<tr>
<td title='AdminSettings.AdminSettings_BrandingLogos.RegistrationURL()'><b>RegistrationURL</b><br>Test class: AdminSettings.AdminSettings_BrandingLogos<br>Parameters: org.testng.TestRunner@480d3575<br/>
<a href="#Output-872669868" onClick='toggleBox("Output-872669868", this, "Show output", "Hide output");'>Show output</a>

<a href="#Output-872669868" onClick="toggleAllBoxes();">Show all outputs</a>
<div class='log' id="Output-872669868">
<br/><br/>
<img src=" F:\Automation\Xray/Screenshots/ScreenshotsSuccess/RegistrationURL.png" alt="""/" /><br/>
</div>
</td>
<td></td>
<td>2</td>
<td>AdminSettings.AdminSettings_BrandingLogos@3a82f6ef</td></tr>
<tr>
<td title='AdminSettings.AdminSettings_BrandingLogos.TermsOfServiceURL()'><b>TermsOfServiceURL</b><br>Test class: AdminSettings.AdminSettings_BrandingLogos<br>Parameters: org.testng.TestRunner@480d3575<br/>
<a href="#Output-2049051802" onClick='toggleBox("Output-2049051802", this, "Show output", "Hide output");'>Show output</a>

<a href="#Output-2049051802" onClick="toggleAllBoxes();">Show all outputs</a>
<div class='log' id="Output-2049051802">
<br/><br/>
<img src=" F:\Automation\Xray/Screenshots/ScreenshotsSuccess/TermsOfServiceURL.png" alt="""/" /><br/>
</div>
</td>
<td></td>
<td>0</td>
<td>AdminSettings.AdminSettings_BrandingLogos@3a82f6ef</td></tr>
</table><p>
</body>
</html>