<?xml version="1.0" encoding="UTF-8"?>
<!-- Generated by org.testng.reporters.JUnitXMLReporter -->
<testsuite hostname="LAPTOP-P3LD1OLC" ignored="10" name="Branding Logos" tests="17" failures="2" timestamp="29 Jan 2021 12:27:42 GMT" time="468.64" errors="0">
  <testcase name="Browser" time="12.978" classname="AdminSettings.AdminSettings_BrandingLogos"/>
  <testcase name="Login" time="43.258" classname="AdminSettings.AdminSettings_BrandingLogos"/>
  <testcase name="RegistrationTextCheckbox" time="5.785" classname="AdminSettings.AdminSettings_BrandingLogos"/>
  <testcase name="RegistrationText" time="0.068" classname="AdminSettings.AdminSettings_BrandingLogos"/>
  <testcase name="RegistrationURL" time="2.251" classname="AdminSettings.AdminSettings_BrandingLogos"/>
  <testcase name="TermsOfServiceURL" time="0.063" classname="AdminSettings.AdminSettings_BrandingLogos"/>
  <testcase name="PrivacyURL" time="0.045" classname="AdminSettings.AdminSettings_BrandingLogos"/>
  <testcase name="ForgotPasswordURL" time="28.808" classname="AdminSettings.AdminSettings_BrandingLogos">
    <failure type="org.openqa.selenium.NoSuchElementException" message="no such element: Unable to locate element: {&amp;quot;method&amp;quot;:&amp;quot;id&amp;quot;,&amp;quot;selector&amp;quot;:&amp;quot;Forgot password field failed&amp;quot;}
  (Session info: chrome=88.0.4324.104)
  (Driver info: chromedriver=2.41.578737 (49da6702b16031c40d63e5618de03a32ff6c197e),platform=Windows NT 10.0.19041 x86_64) (WARNING: The server did not provide any stacktrace information)
Command duration or timeout: 0 milliseconds
For documentation on this error, please visit: https://www.seleniumhq.org/exceptions/no_such_element.html
Build info: version: &amp;apos;3.141.59&amp;apos;, revision: &amp;apos;e82be7d358&amp;apos;, time: &amp;apos;2018-11-14T08:25:53&amp;apos;
System info: host: &amp;apos;LAPTOP-P3LD1OLC&amp;apos;, ip: &amp;apos;192.168.43.213&amp;apos;, os.name: &amp;apos;Windows 10&amp;apos;, os.arch: &amp;apos;amd64&amp;apos;, os.version: &amp;apos;10.0&amp;apos;, java.version: &amp;apos;1.8.0_144&amp;apos;
Driver info: org.openqa.selenium.chrome.ChromeDriver
Capabilities {acceptInsecureCerts: false, acceptSslCerts: false, applicationCacheEnabled: false, browserConnectionEnabled: false, browserName: chrome, chrome: {chromedriverVersion: 2.41.578737 (49da6702b16031..., userDataDir: C:\Users\kagit\AppData\Loca...}, cssSelectorsEnabled: true, databaseEnabled: false, goog:chromeOptions: {debuggerAddress: localhost:53116}, handlesAlerts: true, hasTouchScreen: false, javascriptEnabled: true, locationContextEnabled: true, mobileEmulationEnabled: false, nativeEvents: true, networkConnectionEnabled: false, pageLoadStrategy: normal, platform: XP, platformName: XP, rotatable: false, setWindowRect: true, takesHeapSnapshot: true, takesScreenshot: true, unexpectedAlertBehaviour: , unhandledPromptBehavior: , version: 88.0.4324.104, webStorageEnabled: true}
Session ID: 4598e6d04907e15b520b2201f78e5ac9
*** Element info: {Using=id, value=Forgot password field failed}">
      <![CDATA[org.openqa.selenium.NoSuchElementException: no such element: Unable to locate element: {"method":"id","selector":"Forgot password field failed"}
  (Session info: chrome=88.0.4324.104)
  (Driver info: chromedriver=2.41.578737 (49da6702b16031c40d63e5618de03a32ff6c197e),platform=Windows NT 10.0.19041 x86_64) (WARNING: The server did not provide any stacktrace information)
Command duration or timeout: 0 milliseconds
For documentation on this error, please visit: https://www.seleniumhq.org/exceptions/no_such_element.html
Build info: version: '3.141.59', revision: 'e82be7d358', time: '2018-11-14T08:25:53'
System info: host: 'LAPTOP-P3LD1OLC', ip: '192.168.43.213', os.name: 'Windows 10', os.arch: 'amd64', os.version: '10.0', java.version: '1.8.0_144'
Driver info: org.openqa.selenium.chrome.ChromeDriver
Capabilities {acceptInsecureCerts: false, acceptSslCerts: false, applicationCacheEnabled: false, browserConnectionEnabled: false, browserName: chrome, chrome: {chromedriverVersion: 2.41.578737 (49da6702b16031..., userDataDir: C:\Users\kagit\AppData\Loca...}, cssSelectorsEnabled: true, databaseEnabled: false, goog:chromeOptions: {debuggerAddress: localhost:53116}, handlesAlerts: true, hasTouchScreen: false, javascriptEnabled: true, locationContextEnabled: true, mobileEmulationEnabled: false, nativeEvents: true, networkConnectionEnabled: false, pageLoadStrategy: normal, platform: XP, platformName: XP, rotatable: false, setWindowRect: true, takesHeapSnapshot: true, takesScreenshot: true, unexpectedAlertBehaviour: , unhandledPromptBehavior: , version: 88.0.4324.104, webStorageEnabled: true}
Session ID: 4598e6d04907e15b520b2201f78e5ac9
*** Element info: {Using=id, value=Forgot password field failed}
	at org.openqa.selenium.remote.ErrorHandler.createThrowable(ErrorHandler.java:214)
	at org.openqa.selenium.remote.ErrorHandler.throwIfResponseFailed(ErrorHandler.java:166)
	at org.openqa.selenium.remote.http.JsonHttpResponseCodec.reconstructValue(JsonHttpResponseCodec.java:40)
	at org.openqa.selenium.remote.http.AbstractHttpResponseCodec.decode(AbstractHttpResponseCodec.java:80)
	at org.openqa.selenium.remote.http.AbstractHttpResponseCodec.decode(AbstractHttpResponseCodec.java:44)
	at org.openqa.selenium.remote.HttpCommandExecutor.execute(HttpCommandExecutor.java:158)
	at org.openqa.selenium.remote.service.DriverCommandExecutor.execute(DriverCommandExecutor.java:83)
	at org.openqa.selenium.remote.RemoteWebDriver.execute(RemoteWebDriver.java:552)
	at org.openqa.selenium.remote.RemoteWebDriver.findElement(RemoteWebDriver.java:323)
	at org.openqa.selenium.remote.RemoteWebDriver.findElementById(RemoteWebDriver.java:372)
	at org.openqa.selenium.By$ById.findElement(By.java:188)
	at org.openqa.selenium.remote.RemoteWebDriver.findElement(RemoteWebDriver.java:315)
	at AdminSettings.AdminSettings_BrandingLogos.ForgotPasswordURL(AdminSettings_BrandingLogos.java:871)
... Removed 29 stack frames]]>
    </failure>
  </testcase> <!-- ForgotPasswordURL -->
  <testcase name="CopyRight" time="26.768" classname="AdminSettings.AdminSettings_BrandingLogos"/>
  <testcase name="LandingPageText" time="40.418" classname="AdminSettings.AdminSettings_BrandingLogos"/>
  <testcase name="LicenseURLCheckbox" time="4.718" classname="AdminSettings.AdminSettings_BrandingLogos"/>
  <testcase name="HelpURL" time="16.582" classname="AdminSettings.AdminSettings_BrandingLogos"/>
  <testcase name="LeaveFeedback" time="14.527" classname="AdminSettings.AdminSettings_BrandingLogos"/>
  <testcase name="CollectorsURL" time="14.554" classname="AdminSettings.AdminSettings_BrandingLogos"/>
  <testcase name="LicenseURL" time="26.774" classname="AdminSettings.AdminSettings_BrandingLogos">
    <failure type="org.openqa.selenium.NoSuchElementException" message="no such element: Unable to locate element: {&amp;quot;method&amp;quot;:&amp;quot;id&amp;quot;,&amp;quot;selector&amp;quot;:&amp;quot;License url failed&amp;quot;}
  (Session info: chrome=88.0.4324.104)
  (Driver info: chromedriver=2.41.578737 (49da6702b16031c40d63e5618de03a32ff6c197e),platform=Windows NT 10.0.19041 x86_64) (WARNING: The server did not provide any stacktrace information)
Command duration or timeout: 0 milliseconds
For documentation on this error, please visit: https://www.seleniumhq.org/exceptions/no_such_element.html
Build info: version: &amp;apos;3.141.59&amp;apos;, revision: &amp;apos;e82be7d358&amp;apos;, time: &amp;apos;2018-11-14T08:25:53&amp;apos;
System info: host: &amp;apos;LAPTOP-P3LD1OLC&amp;apos;, ip: &amp;apos;192.168.43.213&amp;apos;, os.name: &amp;apos;Windows 10&amp;apos;, os.arch: &amp;apos;amd64&amp;apos;, os.version: &amp;apos;10.0&amp;apos;, java.version: &amp;apos;1.8.0_144&amp;apos;
Driver info: org.openqa.selenium.chrome.ChromeDriver
Capabilities {acceptInsecureCerts: false, acceptSslCerts: false, applicationCacheEnabled: false, browserConnectionEnabled: false, browserName: chrome, chrome: {chromedriverVersion: 2.41.578737 (49da6702b16031..., userDataDir: C:\Users\kagit\AppData\Loca...}, cssSelectorsEnabled: true, databaseEnabled: false, goog:chromeOptions: {debuggerAddress: localhost:53116}, handlesAlerts: true, hasTouchScreen: false, javascriptEnabled: true, locationContextEnabled: true, mobileEmulationEnabled: false, nativeEvents: true, networkConnectionEnabled: false, pageLoadStrategy: normal, platform: XP, platformName: XP, rotatable: false, setWindowRect: true, takesHeapSnapshot: true, takesScreenshot: true, unexpectedAlertBehaviour: , unhandledPromptBehavior: , version: 88.0.4324.104, webStorageEnabled: true}
Session ID: 4598e6d04907e15b520b2201f78e5ac9
*** Element info: {Using=id, value=License url failed}">
      <![CDATA[org.openqa.selenium.NoSuchElementException: no such element: Unable to locate element: {"method":"id","selector":"License url failed"}
  (Session info: chrome=88.0.4324.104)
  (Driver info: chromedriver=2.41.578737 (49da6702b16031c40d63e5618de03a32ff6c197e),platform=Windows NT 10.0.19041 x86_64) (WARNING: The server did not provide any stacktrace information)
Command duration or timeout: 0 milliseconds
For documentation on this error, please visit: https://www.seleniumhq.org/exceptions/no_such_element.html
Build info: version: '3.141.59', revision: 'e82be7d358', time: '2018-11-14T08:25:53'
System info: host: 'LAPTOP-P3LD1OLC', ip: '192.168.43.213', os.name: 'Windows 10', os.arch: 'amd64', os.version: '10.0', java.version: '1.8.0_144'
Driver info: org.openqa.selenium.chrome.ChromeDriver
Capabilities {acceptInsecureCerts: false, acceptSslCerts: false, applicationCacheEnabled: false, browserConnectionEnabled: false, browserName: chrome, chrome: {chromedriverVersion: 2.41.578737 (49da6702b16031..., userDataDir: C:\Users\kagit\AppData\Loca...}, cssSelectorsEnabled: true, databaseEnabled: false, goog:chromeOptions: {debuggerAddress: localhost:53116}, handlesAlerts: true, hasTouchScreen: false, javascriptEnabled: true, locationContextEnabled: true, mobileEmulationEnabled: false, nativeEvents: true, networkConnectionEnabled: false, pageLoadStrategy: normal, platform: XP, platformName: XP, rotatable: false, setWindowRect: true, takesHeapSnapshot: true, takesScreenshot: true, unexpectedAlertBehaviour: , unhandledPromptBehavior: , version: 88.0.4324.104, webStorageEnabled: true}
Session ID: 4598e6d04907e15b520b2201f78e5ac9
*** Element info: {Using=id, value=License url failed}
	at org.openqa.selenium.remote.ErrorHandler.createThrowable(ErrorHandler.java:214)
	at org.openqa.selenium.remote.ErrorHandler.throwIfResponseFailed(ErrorHandler.java:166)
	at org.openqa.selenium.remote.http.JsonHttpResponseCodec.reconstructValue(JsonHttpResponseCodec.java:40)
	at org.openqa.selenium.remote.http.AbstractHttpResponseCodec.decode(AbstractHttpResponseCodec.java:80)
	at org.openqa.selenium.remote.http.AbstractHttpResponseCodec.decode(AbstractHttpResponseCodec.java:44)
	at org.openqa.selenium.remote.HttpCommandExecutor.execute(HttpCommandExecutor.java:158)
	at org.openqa.selenium.remote.service.DriverCommandExecutor.execute(DriverCommandExecutor.java:83)
	at org.openqa.selenium.remote.RemoteWebDriver.execute(RemoteWebDriver.java:552)
	at org.openqa.selenium.remote.RemoteWebDriver.findElement(RemoteWebDriver.java:323)
	at org.openqa.selenium.remote.RemoteWebDriver.findElementById(RemoteWebDriver.java:372)
	at org.openqa.selenium.By$ById.findElement(By.java:188)
	at org.openqa.selenium.remote.RemoteWebDriver.findElement(RemoteWebDriver.java:315)
	at AdminSettings.AdminSettings_BrandingLogos.LicenseURL(AdminSettings_BrandingLogos.java:1387)
... Removed 29 stack frames]]>
    </failure>
  </testcase> <!-- LicenseURL -->
  <testcase name="Logoutmessage" time="8.822" classname="AdminSettings.AdminSettings_BrandingLogos"/>
  <testcase name="Closebrowser" time="0.212" classname="AdminSettings.AdminSettings_BrandingLogos"/>
  <testcase name="Applogo" time="0.0" classname="AdminSettings.AdminSettings_BrandingLogos">
    <ignored/>
  </testcase> <!-- Applogo -->
  <testcase name="LandingPageDefaultChechbox" time="0.0" classname="AdminSettings.AdminSettings_BrandingLogos">
    <ignored/>
  </testcase> <!-- LandingPageDefaultChechbox -->
  <testcase name="LoginPageDefaultValuesCheckbox" time="0.0" classname="AdminSettings.AdminSettings_BrandingLogos">
    <ignored/>
  </testcase> <!-- LoginPageDefaultValuesCheckbox -->
  <testcase name="Faviconlogo" time="0.0" classname="AdminSettings.AdminSettings_BrandingLogos">
    <ignored/>
  </testcase> <!-- Faviconlogo -->
  <testcase name="LogoutPageDefaultChechbox" time="0.0" classname="AdminSettings.AdminSettings_BrandingLogos">
    <ignored/>
  </testcase> <!-- LogoutPageDefaultChechbox -->
  <testcase name="DefaultNastelvaluesCheckbox" time="0.0" classname="AdminSettings.AdminSettings_BrandingLogos">
    <ignored/>
  </testcase> <!-- DefaultNastelvaluesCheckbox -->
  <testcase name="AppLogoLinkURL" time="0.0" classname="AdminSettings.AdminSettings_BrandingLogos">
    <ignored/>
  </testcase> <!-- AppLogoLinkURL -->
  <testcase name="IndexPageDefaultChechbox" time="0.0" classname="AdminSettings.AdminSettings_BrandingLogos">
    <ignored/>
  </testcase> <!-- IndexPageDefaultChechbox -->
  <testcase name="Logout" time="0.0" classname="AdminSettings.AdminSettings_BrandingLogos">
    <ignored/>
  </testcase> <!-- Logout -->
  <testcase name="Loginlogo" time="0.0" classname="AdminSettings.AdminSettings_BrandingLogos">
    <ignored/>
  </testcase> <!-- Loginlogo -->
</testsuite> <!-- Branding Logos -->
