<?xml version="1.0" encoding="UTF-8"?>
<!-- Generated by org.testng.reporters.JUnitXMLReporter -->
<testsuite hostname="Nastel2" name="Basic summary viewlet" tests="15" failures="2" timestamp="21 May 2020 08:41:04 GMT" time="699.351" errors="0">
  <testcase name="Login" time="64.605" classname="SummaryViewlets.SummaryViewlet_CreateBasicSummaryViewlet"/>
  <testcase name="CreateSummaryViewlet" time="7.894" classname="SummaryViewlets.SummaryViewlet_CreateBasicSummaryViewlet"/>
  <testcase name="VerifyRecordsCount" time="1.857" classname="SummaryViewlets.SummaryViewlet_CreateBasicSummaryViewlet"/>
  <testcase name="ObservationOfQuery" time="2.027" classname="SummaryViewlets.SummaryViewlet_CreateBasicSummaryViewlet"/>
  <testcase name="TemporaryViewlet" time="3.284" classname="SummaryViewlets.SummaryViewlet_CreateBasicSummaryViewlet"/>
  <testcase name="QueryInTemporaryViewlet" time="6.087" classname="SummaryViewlets.SummaryViewlet_CreateBasicSummaryViewlet"/>
  <testcase name="ConsoleTabFunctionality" time="4.433" classname="SummaryViewlets.SummaryViewlet_CreateBasicSummaryViewlet"/>
  <testcase name="EditSummaryViewletQuery" time="15.362" classname="SummaryViewlets.SummaryViewlet_CreateBasicSummaryViewlet"/>
  <testcase name="EditOptionInSummaryViewlet" time="20.289" classname="SummaryViewlets.SummaryViewlet_CreateBasicSummaryViewlet"/>
  <testcase name="SaveSummaryViewlet" time="8.001" classname="SummaryViewlets.SummaryViewlet_CreateBasicSummaryViewlet"/>
  <testcase name="Logout" time="0.018" classname="SummaryViewlets.SummaryViewlet_CreateBasicSummaryViewlet">
    <failure type="org.openqa.selenium.ElementClickInterceptedException" message="Element &amp;lt;i class=&amp;quot;fa fa-power-off&amp;quot;&amp;gt; is not clickable at point (1318,11) because another element &amp;lt;div class=&amp;quot;modal-popup-overlay tinted&amp;quot;&amp;gt; obscures it
Build info: version: &amp;apos;3.14.0&amp;apos;, revision: &amp;apos;aacccce0&amp;apos;, time: &amp;apos;2018-08-02T20:13:22.693Z&amp;apos;
System info: host: &amp;apos;NASTEL2&amp;apos;, ip: &amp;apos;192.168.1.94&amp;apos;, os.name: &amp;apos;Windows 10&amp;apos;, os.arch: &amp;apos;amd64&amp;apos;, os.version: &amp;apos;10.0&amp;apos;, java.version: &amp;apos;1.8.0_191&amp;apos;
Driver info: org.openqa.selenium.firefox.FirefoxDriver
Capabilities {acceptInsecureCerts: true, browserName: firefox, browserVersion: 76.0.1, javascriptEnabled: true, moz:accessibilityChecks: false, moz:buildID: 20200507114007, moz:geckodriverVersion: 0.22.0, moz:headless: false, moz:processID: 14812, moz:profile: C:\Users\nastel2\AppData\Lo..., moz:shutdownTimeout: 60000, moz:useNonSpecCompliantPointerOrigin: false, moz:webdriverClick: true, pageLoadStrategy: normal, platform: WINDOWS, platformName: WINDOWS, platformVersion: 10.0, rotatable: false, setWindowRect: true, strictFileInteractability: false, timeouts: {implicit: 0, pageLoad: 300000, script: 30000}, unhandledPromptBehavior: dismiss and notify}
Session ID: 2716b67d-708c-4428-b96b-16717a060a89">
      <![CDATA[org.openqa.selenium.ElementClickInterceptedException: Element <i class="fa fa-power-off"> is not clickable at point (1318,11) because another element <div class="modal-popup-overlay tinted"> obscures it
Build info: version: '3.14.0', revision: 'aacccce0', time: '2018-08-02T20:13:22.693Z'
System info: host: 'NASTEL2', ip: '192.168.1.94', os.name: 'Windows 10', os.arch: 'amd64', os.version: '10.0', java.version: '1.8.0_191'
Driver info: org.openqa.selenium.firefox.FirefoxDriver
Capabilities {acceptInsecureCerts: true, browserName: firefox, browserVersion: 76.0.1, javascriptEnabled: true, moz:accessibilityChecks: false, moz:buildID: 20200507114007, moz:geckodriverVersion: 0.22.0, moz:headless: false, moz:processID: 14812, moz:profile: C:\Users\nastel2\AppData\Lo..., moz:shutdownTimeout: 60000, moz:useNonSpecCompliantPointerOrigin: false, moz:webdriverClick: true, pageLoadStrategy: normal, platform: WINDOWS, platformName: WINDOWS, platformVersion: 10.0, rotatable: false, setWindowRect: true, strictFileInteractability: false, timeouts: {implicit: 0, pageLoad: 300000, script: 30000}, unhandledPromptBehavior: dismiss and notify}
Session ID: 2716b67d-708c-4428-b96b-16717a060a89
	at org.openqa.selenium.remote.http.W3CHttpResponseCodec.createException(W3CHttpResponseCodec.java:187)
	at org.openqa.selenium.remote.http.W3CHttpResponseCodec.decode(W3CHttpResponseCodec.java:122)
	at org.openqa.selenium.remote.http.W3CHttpResponseCodec.decode(W3CHttpResponseCodec.java:49)
	at org.openqa.selenium.remote.HttpCommandExecutor.execute(HttpCommandExecutor.java:158)
	at org.openqa.selenium.remote.service.DriverCommandExecutor.execute(DriverCommandExecutor.java:83)
	at org.openqa.selenium.remote.RemoteWebDriver.execute(RemoteWebDriver.java:548)
	at org.openqa.selenium.remote.RemoteWebElement.execute(RemoteWebElement.java:276)
	at org.openqa.selenium.remote.RemoteWebElement.click(RemoteWebElement.java:83)
	at SummaryViewlets.SummaryViewlet_CreateBasicSummaryViewlet.Logout(SummaryViewlet_CreateBasicSummaryViewlet.java:726)
... Removed 29 stack frames]]>
    </failure>
  </testcase> <!-- Logout -->
  <testcase name="SaveASSummaryViewlet" time="13.92" classname="SummaryViewlets.SummaryViewlet_CreateBasicSummaryViewlet"/>
  <testcase name="RemoveSummaryViewlet" time="10.542" classname="SummaryViewlets.SummaryViewlet_CreateBasicSummaryViewlet"/>
  <testcase name="DeleteSummaryViewlet" time="11.53" classname="SummaryViewlets.SummaryViewlet_CreateBasicSummaryViewlet"/>
  <testcase name="ExportSummaryViewlet" time="1.046" classname="SummaryViewlets.SummaryViewlet_CreateBasicSummaryViewlet">
    <failure type="org.openqa.selenium.ElementNotInteractableException" message="Element &amp;lt;div class=&amp;quot;modal-popup-overlay tinted&amp;quot;&amp;gt; could not be scrolled into view
Build info: version: &amp;apos;3.14.0&amp;apos;, revision: &amp;apos;aacccce0&amp;apos;, time: &amp;apos;2018-08-02T20:13:22.693Z&amp;apos;
System info: host: &amp;apos;NASTEL2&amp;apos;, ip: &amp;apos;192.168.1.94&amp;apos;, os.name: &amp;apos;Windows 10&amp;apos;, os.arch: &amp;apos;amd64&amp;apos;, os.version: &amp;apos;10.0&amp;apos;, java.version: &amp;apos;1.8.0_191&amp;apos;
Driver info: org.openqa.selenium.firefox.FirefoxDriver
Capabilities {acceptInsecureCerts: true, browserName: firefox, browserVersion: 76.0.1, javascriptEnabled: true, moz:accessibilityChecks: false, moz:buildID: 20200507114007, moz:geckodriverVersion: 0.22.0, moz:headless: false, moz:processID: 14812, moz:profile: C:\Users\nastel2\AppData\Lo..., moz:shutdownTimeout: 60000, moz:useNonSpecCompliantPointerOrigin: false, moz:webdriverClick: true, pageLoadStrategy: normal, platform: WINDOWS, platformName: WINDOWS, platformVersion: 10.0, rotatable: false, setWindowRect: true, strictFileInteractability: false, timeouts: {implicit: 0, pageLoad: 300000, script: 30000}, unhandledPromptBehavior: dismiss and notify}
Session ID: 2716b67d-708c-4428-b96b-16717a060a89">
      <![CDATA[org.openqa.selenium.ElementNotInteractableException: Element <div class="modal-popup-overlay tinted"> could not be scrolled into view
Build info: version: '3.14.0', revision: 'aacccce0', time: '2018-08-02T20:13:22.693Z'
System info: host: 'NASTEL2', ip: '192.168.1.94', os.name: 'Windows 10', os.arch: 'amd64', os.version: '10.0', java.version: '1.8.0_191'
Driver info: org.openqa.selenium.firefox.FirefoxDriver
Capabilities {acceptInsecureCerts: true, browserName: firefox, browserVersion: 76.0.1, javascriptEnabled: true, moz:accessibilityChecks: false, moz:buildID: 20200507114007, moz:geckodriverVersion: 0.22.0, moz:headless: false, moz:processID: 14812, moz:profile: C:\Users\nastel2\AppData\Lo..., moz:shutdownTimeout: 60000, moz:useNonSpecCompliantPointerOrigin: false, moz:webdriverClick: true, pageLoadStrategy: normal, platform: WINDOWS, platformName: WINDOWS, platformVersion: 10.0, rotatable: false, setWindowRect: true, strictFileInteractability: false, timeouts: {implicit: 0, pageLoad: 300000, script: 30000}, unhandledPromptBehavior: dismiss and notify}
Session ID: 2716b67d-708c-4428-b96b-16717a060a89
	at org.openqa.selenium.remote.http.W3CHttpResponseCodec.createException(W3CHttpResponseCodec.java:187)
	at org.openqa.selenium.remote.http.W3CHttpResponseCodec.decode(W3CHttpResponseCodec.java:122)
	at org.openqa.selenium.remote.http.W3CHttpResponseCodec.decode(W3CHttpResponseCodec.java:49)
	at org.openqa.selenium.remote.HttpCommandExecutor.execute(HttpCommandExecutor.java:158)
	at org.openqa.selenium.remote.service.DriverCommandExecutor.execute(DriverCommandExecutor.java:83)
	at org.openqa.selenium.remote.RemoteWebDriver.execute(RemoteWebDriver.java:548)
	at org.openqa.selenium.remote.RemoteWebElement.execute(RemoteWebElement.java:276)
	at org.openqa.selenium.remote.RemoteWebElement.click(RemoteWebElement.java:83)
	at SummaryViewlets.SummaryViewlet_CreateBasicSummaryViewlet.ExportSummaryViewlet(SummaryViewlet_CreateBasicSummaryViewlet.java:718)
... Removed 29 stack frames]]>
    </failure>
  </testcase> <!-- ExportSummaryViewlet -->
</testsuite> <!-- Basic summary viewlet -->
