<html>
<head>
<title>TestNG:  Open Exiting Viwewlet</title>
<link href="../testng.css" rel="stylesheet" type="text/css" />
<link href="../my-testng.css" rel="stylesheet" type="text/css" />

<style type="text/css">
.log { display: none;} 
.stack-trace { display: none;} 
</style>
<script type="text/javascript">
<!--
function flip(e) {
  current = e.style.display;
  if (current == 'block') {
    e.style.display = 'none';
    return 0;
  }
  else {
    e.style.display = 'block';
    return 1;
  }
}

function toggleBox(szDivId, elem, msg1, msg2)
{
  var res = -1;  if (document.getElementById) {
    res = flip(document.getElementById(szDivId));
  }
  else if (document.all) {
    // this is the way old msie versions work
    res = flip(document.all[szDivId]);
  }
  if(elem) {
    if(res == 0) elem.innerHTML = msg1; else elem.innerHTML = msg2;
  }

}

function toggleAllBoxes() {
  if (document.getElementsByTagName) {
    d = document.getElementsByTagName('div');
    for (i = 0; i < d.length; i++) {
      if (d[i].className == 'log') {
        flip(d[i]);
      }
    }
  }
}

// -->
</script>

</head>
<body>
<h2 align='center'>Open Exiting Viwewlet</h2><table border='1' align="center">
<tr>
<td>Tests passed/Failed/Skipped:</td><td>9/1/0</td>
</tr><tr>
<td>Started on:</td><td>Wed May 06 16:12:19 IST 2020</td>
</tr>
<tr><td>Total time:</td><td>412 seconds (412148 ms)</td>
</tr><tr>
<td>Included groups:</td><td></td>
</tr><tr>
<td>Excluded groups:</td><td></td>
</tr>
</table><p/>
<small><i>(Hover the method name to see the test class name)</i></small><p/>
<table width='100%' border='1' class='invocation-failed'>
<tr><td colspan='4' align='center'><b>FAILED TESTS</b></td></tr>
<tr><td><b>Test method</b></td>
<td width="30%"><b>Exception</b></td>
<td width="10%"><b>Time (seconds)</b></td>
<td><b>Instance</b></td>
</tr>
<tr>
<td title='ViewletLevel.ViewletLevel_ExistingViewlet.OpenExistingViewlet()'><b>OpenExistingViewlet</b><br>Test class: ViewletLevel.ViewletLevel_ExistingViewlet<br>Parameters: org.testng.TestRunner@5357c287<br/>
<a href="#Output-298724898" onClick='toggleBox("Output-298724898", this, "Show output", "Hide output");'>Show output</a>

<a href="#Output-298724898" onClick="toggleAllBoxes();">Show all outputs</a>
<div class='log' id="Output-298724898">
<br/>Failed to execute method: OpenExistingViewlet<br/><br/>
<br/><br/>
<img src=" F:\Prashant\automation\JkoolTest/Screenshots/ScreenshotsFailure/OpenExistingViewlet.png" alt="""/" /><br/>
</div>
</td>
<td><div><pre>org.openqa.selenium.ElementNotVisibleException: element not visible
  (Session info: chrome=81.0.4044.129)
  (Driver info: chromedriver=2.41.578737 (49da6702b16031c40d63e5618de03a32ff6c197e),platform=Windows NT 10.0.18363 x86_64) (WARNING: The server did not provide any stacktrace information)
Command duration or timeout: 0 milliseconds
Build info: version: &apos;3.14.0&apos;, revision: &apos;aacccce0&apos;, time: &apos;2018-08-02T20:13:22.693Z&apos;
System info: host: &apos;NASTEL2&apos;, ip: &apos;192.168.1.94&apos;, os.name: &apos;Windows 10&apos;, os.arch: &apos;amd64&apos;, os.version: &apos;10.0&apos;, java.version: &apos;1.8.0_191&apos;
Driver info: org.openqa.selenium.chrome.ChromeDriver
Capabilities {acceptInsecureCerts: false, acceptSslCerts: false, applicationCacheEnabled: false, browserConnectionEnabled: false, browserName: chrome, chrome: {chromedriverVersion: 2.41.578737 (49da6702b16031..., userDataDir: C:\Users\nastel2\AppData\Lo...}, cssSelectorsEnabled: true, databaseEnabled: false, goog:chromeOptions: {debuggerAddress: localhost:49155}, handlesAlerts: true, hasTouchScreen: false, javascriptEnabled: true, locationContextEnabled: true, mobileEmulationEnabled: false, nativeEvents: true, networkConnectionEnabled: false, pageLoadStrategy: normal, platform: XP, platformName: XP, rotatable: false, setWindowRect: true, takesHeapSnapshot: true, takesScreenshot: true, unexpectedAlertBehaviour: , unhandledPromptBehavior: , version: 81.0.4044.129, webStorageEnabled: true}
Session ID: 098b172d60c0d4e24a3e2c62c7f75784
	at org.openqa.selenium.remote.ErrorHandler.createThrowable(ErrorHandler.java:214)
	at org.openqa.selenium.remote.ErrorHandler.throwIfResponseFailed(ErrorHandler.java:166)
	at org.openqa.selenium.remote.http.JsonHttpResponseCodec.reconstructValue(JsonHttpResponseCodec.java:40)
	at org.openqa.selenium.remote.http.AbstractHttpResponseCodec.decode(AbstractHttpResponseCodec.java:80)
	at org.openqa.selenium.remote.http.AbstractHttpResponseCodec.decode(AbstractHttpResponseCodec.java:44)
	at org.openqa.selenium.remote.HttpCommandExecutor.execute(HttpCommandExecutor.java:158)
	at org.openqa.selenium.remote.service.DriverCommandExecutor.execute(DriverCommandExecutor.java:83)
	at org.openqa.selenium.remote.RemoteWebDriver.execute(RemoteWebDriver.java:548)
	at org.openqa.selenium.remote.RemoteWebElement.execute(RemoteWebElement.java:276)
	at org.openqa.selenium.remote.RemoteWebElement.click(RemoteWebElement.java:83)
	at ViewletLevel.ViewletLevel_ExistingViewlet.OpenExistingViewlet(ViewletLevel_ExistingViewlet.java:474)
... Removed 29 stack frames</pre></div><a href='#' onClick='toggleBox("stack-trace298724898", this, "Click to show all stack frames", "Click to hide stack frames")'>Click to show all stack frames</a>
<div class='stack-trace' id='stack-trace298724898'><pre>org.openqa.selenium.ElementNotVisibleException: element not visible
  (Session info: chrome=81.0.4044.129)
  (Driver info: chromedriver=2.41.578737 (49da6702b16031c40d63e5618de03a32ff6c197e),platform=Windows NT 10.0.18363 x86_64) (WARNING: The server did not provide any stacktrace information)
Command duration or timeout: 0 milliseconds
Build info: version: &apos;3.14.0&apos;, revision: &apos;aacccce0&apos;, time: &apos;2018-08-02T20:13:22.693Z&apos;
System info: host: &apos;NASTEL2&apos;, ip: &apos;192.168.1.94&apos;, os.name: &apos;Windows 10&apos;, os.arch: &apos;amd64&apos;, os.version: &apos;10.0&apos;, java.version: &apos;1.8.0_191&apos;
Driver info: org.openqa.selenium.chrome.ChromeDriver
Capabilities {acceptInsecureCerts: false, acceptSslCerts: false, applicationCacheEnabled: false, browserConnectionEnabled: false, browserName: chrome, chrome: {chromedriverVersion: 2.41.578737 (49da6702b16031..., userDataDir: C:\Users\nastel2\AppData\Lo...}, cssSelectorsEnabled: true, databaseEnabled: false, goog:chromeOptions: {debuggerAddress: localhost:49155}, handlesAlerts: true, hasTouchScreen: false, javascriptEnabled: true, locationContextEnabled: true, mobileEmulationEnabled: false, nativeEvents: true, networkConnectionEnabled: false, pageLoadStrategy: normal, platform: XP, platformName: XP, rotatable: false, setWindowRect: true, takesHeapSnapshot: true, takesScreenshot: true, unexpectedAlertBehaviour: , unhandledPromptBehavior: , version: 81.0.4044.129, webStorageEnabled: true}
Session ID: 098b172d60c0d4e24a3e2c62c7f75784
	at sun.reflect.NativeConstructorAccessorImpl.newInstance0(Native Method)
	at sun.reflect.NativeConstructorAccessorImpl.newInstance(Unknown Source)
	at sun.reflect.DelegatingConstructorAccessorImpl.newInstance(Unknown Source)
	at java.lang.reflect.Constructor.newInstance(Unknown Source)
	at org.openqa.selenium.remote.ErrorHandler.createThrowable(ErrorHandler.java:214)
	at org.openqa.selenium.remote.ErrorHandler.throwIfResponseFailed(ErrorHandler.java:166)
	at org.openqa.selenium.remote.http.JsonHttpResponseCodec.reconstructValue(JsonHttpResponseCodec.java:40)
	at org.openqa.selenium.remote.http.AbstractHttpResponseCodec.decode(AbstractHttpResponseCodec.java:80)
	at org.openqa.selenium.remote.http.AbstractHttpResponseCodec.decode(AbstractHttpResponseCodec.java:44)
	at org.openqa.selenium.remote.HttpCommandExecutor.execute(HttpCommandExecutor.java:158)
	at org.openqa.selenium.remote.service.DriverCommandExecutor.execute(DriverCommandExecutor.java:83)
	at org.openqa.selenium.remote.RemoteWebDriver.execute(RemoteWebDriver.java:548)
	at org.openqa.selenium.remote.RemoteWebElement.execute(RemoteWebElement.java:276)
	at org.openqa.selenium.remote.RemoteWebElement.click(RemoteWebElement.java:83)
	at ViewletLevel.ViewletLevel_ExistingViewlet.OpenExistingViewlet(ViewletLevel_ExistingViewlet.java:474)
	at sun.reflect.NativeMethodAccessorImpl.invoke0(Native Method)
	at sun.reflect.NativeMethodAccessorImpl.invoke(Unknown Source)
	at sun.reflect.DelegatingMethodAccessorImpl.invoke(Unknown Source)
	at java.lang.reflect.Method.invoke(Unknown Source)
	at org.testng.internal.MethodInvocationHelper.invokeMethod(MethodInvocationHelper.java:86)
	at org.testng.internal.Invoker.invokeMethod(Invoker.java:643)
	at org.testng.internal.Invoker.invokeTestMethod(Invoker.java:820)
	at org.testng.internal.Invoker.invokeTestMethods(Invoker.java:1128)
	at org.testng.internal.TestMethodWorker.invokeTestMethods(TestMethodWorker.java:129)
	at org.testng.internal.TestMethodWorker.run(TestMethodWorker.java:112)
	at org.testng.TestRunner.privateRun(TestRunner.java:782)
	at org.testng.TestRunner.run(TestRunner.java:632)
	at org.testng.SuiteRunner.runTest(SuiteRunner.java:366)
	at org.testng.SuiteRunner.runSequentially(SuiteRunner.java:361)
	at org.testng.SuiteRunner.privateRun(SuiteRunner.java:319)
	at org.testng.SuiteRunner.run(SuiteRunner.java:268)
	at org.testng.SuiteRunnerWorker.runSuite(SuiteRunnerWorker.java:52)
	at org.testng.SuiteRunnerWorker.run(SuiteRunnerWorker.java:86)
	at org.testng.TestNG.runSuitesSequentially(TestNG.java:1244)
	at org.testng.TestNG.runSuitesSequentially(TestNG.java:1240)
	at org.testng.TestNG.runSuitesLocally(TestNG.java:1169)
	at org.testng.TestNG.run(TestNG.java:1064)
	at org.testng.remote.AbstractRemoteTestNG.run(AbstractRemoteTestNG.java:115)
	at org.testng.remote.RemoteTestNG.initAndRun(RemoteTestNG.java:251)
	at org.testng.remote.RemoteTestNG.main(RemoteTestNG.java:77)
</pre></div></td>
<td>18</td>
<td>ViewletLevel.ViewletLevel_ExistingViewlet@224edc67</td></tr>
</table><p>
<table width='100%' border='1' class='invocation-passed'>
<tr><td colspan='4' align='center'><b>PASSED TESTS</b></td></tr>
<tr><td><b>Test method</b></td>
<td width="30%"><b>Exception</b></td>
<td width="10%"><b>Time (seconds)</b></td>
<td><b>Instance</b></td>
</tr>
<tr>
<td title='ViewletLevel.ViewletLevel_ExistingViewlet.AllOptionsStatus()'><b>AllOptionsStatus</b><br>Test class: ViewletLevel.ViewletLevel_ExistingViewlet<br>Parameters: org.testng.TestRunner@5357c287<br/>
<a href="#Output-2088582214" onClick='toggleBox("Output-2088582214", this, "Show output", "Hide output");'>Show output</a>

<a href="#Output-2088582214" onClick="toggleAllBoxes();">Show all outputs</a>
<div class='log' id="Output-2088582214">
<br/><br/>
<img src=" F:\Prashant\automation\JkoolTest/Screenshots/ScreenshotsSuccess/AllOptionsStatus.png" alt="""/" /><br/>
</div>
</td>
<td></td>
<td>6</td>
<td>ViewletLevel.ViewletLevel_ExistingViewlet@224edc67</td></tr>
<tr>
<td title='ViewletLevel.ViewletLevel_ExistingViewlet.ButtonsStatus()'><b>ButtonsStatus</b><br>Test class: ViewletLevel.ViewletLevel_ExistingViewlet<br>Parameters: org.testng.TestRunner@5357c287<br/>
<a href="#Output-953528583" onClick='toggleBox("Output-953528583", this, "Show output", "Hide output");'>Show output</a>

<a href="#Output-953528583" onClick="toggleAllBoxes();">Show all outputs</a>
<div class='log' id="Output-953528583">
<br/><br/>
<img src=" F:\Prashant\automation\JkoolTest/Screenshots/ScreenshotsSuccess/ButtonsStatus.png" alt="""/" /><br/>
</div>
</td>
<td></td>
<td>2</td>
<td>ViewletLevel.ViewletLevel_ExistingViewlet@224edc67</td></tr>
<tr>
<td title='ViewletLevel.ViewletLevel_ExistingViewlet.InValidSearch()'><b>InValidSearch</b><br>Test class: ViewletLevel.ViewletLevel_ExistingViewlet<br>Parameters: TestInvalidChartName, org.testng.TestRunner@5357c287<br/>
<a href="#Output-1511180072" onClick='toggleBox("Output-1511180072", this, "Show output", "Hide output");'>Show output</a>

<a href="#Output-1511180072" onClick="toggleAllBoxes();">Show all outputs</a>
<div class='log' id="Output-1511180072">
<br/><br/>
<img src=" F:\Prashant\automation\JkoolTest/Screenshots/ScreenshotsSuccess/InValidSearch.png" alt="""/" /><br/>
</div>
</td>
<td></td>
<td>3</td>
<td>ViewletLevel.ViewletLevel_ExistingViewlet@224edc67</td></tr>
<tr>
<td title='ViewletLevel.ViewletLevel_ExistingViewlet.Login()'><b>Login</b><br>Test class: ViewletLevel.ViewletLevel_ExistingViewlet<br>Parameters: Drivers/chromedriver.exe, webdriver.chrome.driver<br/>
<a href="#Output-2023917549" onClick='toggleBox("Output-2023917549", this, "Show output", "Hide output");'>Show output</a>

<a href="#Output-2023917549" onClick="toggleAllBoxes();">Show all outputs</a>
<div class='log' id="Output-2023917549">
<br/><br/>
<img src=" F:\Prashant\automation\JkoolTest/Screenshots/ScreenshotsSuccess/Login.png" alt="""/" /><br/>
</div>
</td>
<td></td>
<td>43</td>
<td>ViewletLevel.ViewletLevel_ExistingViewlet@224edc67</td></tr>
<tr>
<td title='ViewletLevel.ViewletLevel_ExistingViewlet.Logout()'><b>Logout</b><br>Test class: ViewletLevel.ViewletLevel_ExistingViewlet</td>
<td></td>
<td>2</td>
<td>ViewletLevel.ViewletLevel_ExistingViewlet@224edc67</td></tr>
<tr>
<td title='ViewletLevel.ViewletLevel_ExistingViewlet.OpenExistingViewletPopup()'><b>OpenExistingViewletPopup</b><br>Test class: ViewletLevel.ViewletLevel_ExistingViewlet<br>Parameters: org.testng.TestRunner@5357c287<br/>
<a href="#Output-1429616542" onClick='toggleBox("Output-1429616542", this, "Show output", "Hide output");'>Show output</a>

<a href="#Output-1429616542" onClick="toggleAllBoxes();">Show all outputs</a>
<div class='log' id="Output-1429616542">
<br/><br/>
<img src=" F:\Prashant\automation\JkoolTest/Screenshots/ScreenshotsSuccess/OpenExistingViewletPopup.png" alt="""/" /><br/>
</div>
</td>
<td></td>
<td>6</td>
<td>ViewletLevel.ViewletLevel_ExistingViewlet@224edc67</td></tr>
<tr>
<td title='ViewletLevel.ViewletLevel_ExistingViewlet.SortByAlphabetically()'><b>SortByAlphabetically</b><br>Test class: ViewletLevel.ViewletLevel_ExistingViewlet<br>Parameters: Alphabetically, Icons, org.testng.TestRunner@5357c287<br/>
<a href="#Output-1250582716" onClick='toggleBox("Output-1250582716", this, "Show output", "Hide output");'>Show output</a>

<a href="#Output-1250582716" onClick="toggleAllBoxes();">Show all outputs</a>
<div class='log' id="Output-1250582716">
<br/><br/>
<img src=" F:\Prashant\automation\JkoolTest/Screenshots/ScreenshotsSuccess/SortByAlphabetically.png" alt="""/" /><br/>
</div>
</td>
<td></td>
<td>13</td>
<td>ViewletLevel.ViewletLevel_ExistingViewlet@224edc67</td></tr>
<tr>
<td title='ViewletLevel.ViewletLevel_ExistingViewlet.ValidSearch()'><b>ValidSearch</b><br>Test class: ViewletLevel.ViewletLevel_ExistingViewlet<br>Parameters: Viewlet 2, org.testng.TestRunner@5357c287<br/>
<a href="#Output-130721104" onClick='toggleBox("Output-130721104", this, "Show output", "Hide output");'>Show output</a>

<a href="#Output-130721104" onClick="toggleAllBoxes();">Show all outputs</a>
<div class='log' id="Output-130721104">
<br/><br/>
<img src=" F:\Prashant\automation\JkoolTest/Screenshots/ScreenshotsSuccess/ValidSearch.png" alt="""/" /><br/>
</div>
</td>
<td></td>
<td>2</td>
<td>ViewletLevel.ViewletLevel_ExistingViewlet@224edc67</td></tr>
<tr>
<td title='ViewletLevel.ViewletLevel_ExistingViewlet.ViewByFiletrDetailsOption()'><b>ViewByFiletrDetailsOption</b><br>Test class: ViewletLevel.ViewletLevel_ExistingViewlet<br>Parameters: Details, org.testng.TestRunner@5357c287<br/>
<a href="#Output-820677667" onClick='toggleBox("Output-820677667", this, "Show output", "Hide output");'>Show output</a>

<a href="#Output-820677667" onClick="toggleAllBoxes();">Show all outputs</a>
<div class='log' id="Output-820677667">
<br/><br/>
<img src=" F:\Prashant\automation\JkoolTest/Screenshots/ScreenshotsSuccess/ViewByFiletrDetailsOption.png" alt="""/" /><br/>
</div>
</td>
<td></td>
<td>0</td>
<td>ViewletLevel.ViewletLevel_ExistingViewlet@224edc67</td></tr>
</table><p>
</body>
</html>