<html>
<head>
<title>TestNG:  Console page</title>
<link href="../testng.css" rel="stylesheet" type="text/css" />
<link href="../my-testng.css" rel="stylesheet" type="text/css" />

<style type="text/css">
.log { display: none;} 
.stack-trace { display: none;} 
</style>
<script type="text/javascript">
<!--
function flip(e) {
  current = e.style.display;
  if (current == 'block') {
    e.style.display = 'none';
    return 0;
  }
  else {
    e.style.display = 'block';
    return 1;
  }
}

function toggleBox(szDivId, elem, msg1, msg2)
{
  var res = -1;  if (document.getElementById) {
    res = flip(document.getElementById(szDivId));
  }
  else if (document.all) {
    // this is the way old msie versions work
    res = flip(document.all[szDivId]);
  }
  if(elem) {
    if(res == 0) elem.innerHTML = msg1; else elem.innerHTML = msg2;
  }

}

function toggleAllBoxes() {
  if (document.getElementsByTagName) {
    d = document.getElementsByTagName('div');
    for (i = 0; i < d.length; i++) {
      if (d[i].className == 'log') {
        flip(d[i]);
      }
    }
  }
}

// -->
</script>

</head>
<body>
<h2 align='center'>Console page</h2><table border='1' align="center">
<tr>
<td>Tests passed/Failed/Skipped:</td><td>13/3/0</td>
</tr><tr>
<td>Started on:</td><td>Mon Jan 20 13:17:11 IST 2020</td>
</tr>
<tr><td>Total time:</td><td>552 seconds (552872 ms)</td>
</tr><tr>
<td>Included groups:</td><td></td>
</tr><tr>
<td>Excluded groups:</td><td></td>
</tr>
</table><p/>
<small><i>(Hover the method name to see the test class name)</i></small><p/>
<table width='100%' border='1' class='invocation-failed'>
<tr><td colspan='4' align='center'><b>FAILED TESTS</b></td></tr>
<tr><td><b>Test method</b></td>
<td width="30%"><b>Exception</b></td>
<td width="10%"><b>Time (seconds)</b></td>
<td><b>Instance</b></td>
</tr>
<tr>
<td title='ViewletLevel.ViewletLevel_ConsolePage.ApplyButtonFuncationalityinTemporaryviewletEditPage()'><b>ApplyButtonFuncationalityinTemporaryviewletEditPage</b><br>Test class: ViewletLevel.ViewletLevel_ConsolePage<br>Parameters: org.testng.TestRunner@585513a8<br/>
<a href="#Output-1055317122" onClick='toggleBox("Output-1055317122", this, "Show output", "Hide output");'>Show output</a>

<a href="#Output-1055317122" onClick="toggleAllBoxes();">Show all outputs</a>
<div class='log' id="Output-1055317122">
<br/>Failed to execute method: ApplyButtonFuncationalityinTemporaryviewletEditPage<br/><br/>
<br/><br/>
<img src=" F:\Prashant\automation\JkoolTest/Screenshots/ScreenshotsFailure/ApplyButtonFuncationalityinTemporaryviewletEditPage.png" alt="""/" /><br/>
</div>
</td>
<td><div><pre>org.openqa.selenium.NoSuchElementException: no such element: Unable to locate element: {&quot;method&quot;:&quot;xpath&quot;,&quot;selector&quot;:&quot;//button[contains(.,&apos;Apply&apos;)]&quot;}
  (Session info: chrome=79.0.3945.117)
  (Driver info: chromedriver=2.41.578737 (49da6702b16031c40d63e5618de03a32ff6c197e),platform=Windows NT 10.0.17763 x86_64) (WARNING: The server did not provide any stacktrace information)
Command duration or timeout: 0 milliseconds
For documentation on this error, please visit: http://seleniumhq.org/exceptions/no_such_element.html
Build info: version: &apos;3.14.0&apos;, revision: &apos;aacccce0&apos;, time: &apos;2018-08-02T20:13:22.693Z&apos;
System info: host: &apos;NASTEL2&apos;, ip: &apos;192.168.1.205&apos;, os.name: &apos;Windows 10&apos;, os.arch: &apos;amd64&apos;, os.version: &apos;10.0&apos;, java.version: &apos;1.8.0_191&apos;
Driver info: org.openqa.selenium.chrome.ChromeDriver
Capabilities {acceptInsecureCerts: false, acceptSslCerts: false, applicationCacheEnabled: false, browserConnectionEnabled: false, browserName: chrome, chrome: {chromedriverVersion: 2.41.578737 (49da6702b16031..., userDataDir: C:\Users\nastel2\AppData\Lo...}, cssSelectorsEnabled: true, databaseEnabled: false, goog:chromeOptions: {debuggerAddress: localhost:57214}, handlesAlerts: true, hasTouchScreen: false, javascriptEnabled: true, locationContextEnabled: true, mobileEmulationEnabled: false, nativeEvents: true, networkConnectionEnabled: false, pageLoadStrategy: normal, platform: XP, platformName: XP, rotatable: false, setWindowRect: true, takesHeapSnapshot: true, takesScreenshot: true, unexpectedAlertBehaviour: , unhandledPromptBehavior: , version: 79.0.3945.117, webStorageEnabled: true}
Session ID: e5b12b251e1e3a0df6c172708340be31
*** Element info: {Using=xpath, value=//button[contains(.,&apos;Apply&apos;)]}
	at org.openqa.selenium.remote.ErrorHandler.createThrowable(ErrorHandler.java:214)
	at org.openqa.selenium.remote.ErrorHandler.throwIfResponseFailed(ErrorHandler.java:166)
	at org.openqa.selenium.remote.http.JsonHttpResponseCodec.reconstructValue(JsonHttpResponseCodec.java:40)
	at org.openqa.selenium.remote.http.AbstractHttpResponseCodec.decode(AbstractHttpResponseCodec.java:80)
	at org.openqa.selenium.remote.http.AbstractHttpResponseCodec.decode(AbstractHttpResponseCodec.java:44)
	at org.openqa.selenium.remote.HttpCommandExecutor.execute(HttpCommandExecutor.java:158)
	at org.openqa.selenium.remote.service.DriverCommandExecutor.execute(DriverCommandExecutor.java:83)
	at org.openqa.selenium.remote.RemoteWebDriver.execute(RemoteWebDriver.java:548)
	at org.openqa.selenium.remote.RemoteWebDriver.findElement(RemoteWebDriver.java:322)
	at org.openqa.selenium.remote.RemoteWebDriver.findElementByXPath(RemoteWebDriver.java:424)
	at org.openqa.selenium.By$ByXPath.findElement(By.java:353)
	at org.openqa.selenium.remote.RemoteWebDriver.findElement(RemoteWebDriver.java:314)
	at ViewletLevel.ViewletLevel_ConsolePage.ApplyButtonFuncationalityinTemporaryviewletEditPage(ViewletLevel_ConsolePage.java:823)
... Removed 29 stack frames</pre></div><a href='#' onClick='toggleBox("stack-trace1055317122", this, "Click to show all stack frames", "Click to hide stack frames")'>Click to show all stack frames</a>
<div class='stack-trace' id='stack-trace1055317122'><pre>org.openqa.selenium.NoSuchElementException: no such element: Unable to locate element: {&quot;method&quot;:&quot;xpath&quot;,&quot;selector&quot;:&quot;//button[contains(.,&apos;Apply&apos;)]&quot;}
  (Session info: chrome=79.0.3945.117)
  (Driver info: chromedriver=2.41.578737 (49da6702b16031c40d63e5618de03a32ff6c197e),platform=Windows NT 10.0.17763 x86_64) (WARNING: The server did not provide any stacktrace information)
Command duration or timeout: 0 milliseconds
For documentation on this error, please visit: http://seleniumhq.org/exceptions/no_such_element.html
Build info: version: &apos;3.14.0&apos;, revision: &apos;aacccce0&apos;, time: &apos;2018-08-02T20:13:22.693Z&apos;
System info: host: &apos;NASTEL2&apos;, ip: &apos;192.168.1.205&apos;, os.name: &apos;Windows 10&apos;, os.arch: &apos;amd64&apos;, os.version: &apos;10.0&apos;, java.version: &apos;1.8.0_191&apos;
Driver info: org.openqa.selenium.chrome.ChromeDriver
Capabilities {acceptInsecureCerts: false, acceptSslCerts: false, applicationCacheEnabled: false, browserConnectionEnabled: false, browserName: chrome, chrome: {chromedriverVersion: 2.41.578737 (49da6702b16031..., userDataDir: C:\Users\nastel2\AppData\Lo...}, cssSelectorsEnabled: true, databaseEnabled: false, goog:chromeOptions: {debuggerAddress: localhost:57214}, handlesAlerts: true, hasTouchScreen: false, javascriptEnabled: true, locationContextEnabled: true, mobileEmulationEnabled: false, nativeEvents: true, networkConnectionEnabled: false, pageLoadStrategy: normal, platform: XP, platformName: XP, rotatable: false, setWindowRect: true, takesHeapSnapshot: true, takesScreenshot: true, unexpectedAlertBehaviour: , unhandledPromptBehavior: , version: 79.0.3945.117, webStorageEnabled: true}
Session ID: e5b12b251e1e3a0df6c172708340be31
*** Element info: {Using=xpath, value=//button[contains(.,&apos;Apply&apos;)]}
	at sun.reflect.NativeConstructorAccessorImpl.newInstance0(Native Method)
	at sun.reflect.NativeConstructorAccessorImpl.newInstance(Unknown Source)
	at sun.reflect.DelegatingConstructorAccessorImpl.newInstance(Unknown Source)
	at java.lang.reflect.Constructor.newInstance(Unknown Source)
	at org.openqa.selenium.remote.ErrorHandler.createThrowable(ErrorHandler.java:214)
	at org.openqa.selenium.remote.ErrorHandler.throwIfResponseFailed(ErrorHandler.java:166)
	at org.openqa.selenium.remote.http.JsonHttpResponseCodec.reconstructValue(JsonHttpResponseCodec.java:40)
	at org.openqa.selenium.remote.http.AbstractHttpResponseCodec.decode(AbstractHttpResponseCodec.java:80)
	at org.openqa.selenium.remote.http.AbstractHttpResponseCodec.decode(AbstractHttpResponseCodec.java:44)
	at org.openqa.selenium.remote.HttpCommandExecutor.execute(HttpCommandExecutor.java:158)
	at org.openqa.selenium.remote.service.DriverCommandExecutor.execute(DriverCommandExecutor.java:83)
	at org.openqa.selenium.remote.RemoteWebDriver.execute(RemoteWebDriver.java:548)
	at org.openqa.selenium.remote.RemoteWebDriver.findElement(RemoteWebDriver.java:322)
	at org.openqa.selenium.remote.RemoteWebDriver.findElementByXPath(RemoteWebDriver.java:424)
	at org.openqa.selenium.By$ByXPath.findElement(By.java:353)
	at org.openqa.selenium.remote.RemoteWebDriver.findElement(RemoteWebDriver.java:314)
	at ViewletLevel.ViewletLevel_ConsolePage.ApplyButtonFuncationalityinTemporaryviewletEditPage(ViewletLevel_ConsolePage.java:823)
	at sun.reflect.NativeMethodAccessorImpl.invoke0(Native Method)
	at sun.reflect.NativeMethodAccessorImpl.invoke(Unknown Source)
	at sun.reflect.DelegatingMethodAccessorImpl.invoke(Unknown Source)
	at java.lang.reflect.Method.invoke(Unknown Source)
	at org.testng.internal.MethodInvocationHelper.invokeMethod(MethodInvocationHelper.java:86)
	at org.testng.internal.Invoker.invokeMethod(Invoker.java:643)
	at org.testng.internal.Invoker.invokeTestMethod(Invoker.java:820)
	at org.testng.internal.Invoker.invokeTestMethods(Invoker.java:1128)
	at org.testng.internal.TestMethodWorker.invokeTestMethods(TestMethodWorker.java:129)
	at org.testng.internal.TestMethodWorker.run(TestMethodWorker.java:112)
	at org.testng.TestRunner.privateRun(TestRunner.java:782)
	at org.testng.TestRunner.run(TestRunner.java:632)
	at org.testng.SuiteRunner.runTest(SuiteRunner.java:366)
	at org.testng.SuiteRunner.runSequentially(SuiteRunner.java:361)
	at org.testng.SuiteRunner.privateRun(SuiteRunner.java:319)
	at org.testng.SuiteRunner.run(SuiteRunner.java:268)
	at org.testng.SuiteRunnerWorker.runSuite(SuiteRunnerWorker.java:52)
	at org.testng.SuiteRunnerWorker.run(SuiteRunnerWorker.java:86)
	at org.testng.TestNG.runSuitesSequentially(TestNG.java:1244)
	at org.testng.TestNG.runSuitesSequentially(TestNG.java:1240)
	at org.testng.TestNG.runSuitesLocally(TestNG.java:1169)
	at org.testng.TestNG.run(TestNG.java:1064)
	at org.testng.remote.AbstractRemoteTestNG.run(AbstractRemoteTestNG.java:115)
	at org.testng.remote.RemoteTestNG.initAndRun(RemoteTestNG.java:251)
	at org.testng.remote.RemoteTestNG.main(RemoteTestNG.java:77)
</pre></div></td>
<td>10</td>
<td>ViewletLevel.ViewletLevel_ConsolePage@5e3a8624</td></tr>
<tr>
<td title='ViewletLevel.ViewletLevel_ConsolePage.PreviewButtonFuncationalityinTemporaryviewletEditPage()'><b>PreviewButtonFuncationalityinTemporaryviewletEditPage</b><br>Test class: ViewletLevel.ViewletLevel_ConsolePage<br/>
<a href="#Output-711964207" onClick='toggleBox("Output-711964207", this, "Show output", "Hide output");'>Show output</a>

<a href="#Output-711964207" onClick="toggleAllBoxes();">Show all outputs</a>
<div class='log' id="Output-711964207">
<br/>Failed to execute method: PreviewButtonFuncationalityinTemporaryviewletEditPage<br/><br/>
<br/><br/>
<img src=" F:\Prashant\automation\JkoolTest/Screenshots/ScreenshotsFailure/PreviewButtonFuncationalityinTemporaryviewletEditPage.png" alt="""/" /><br/>
</div>
</td>
<td><div><pre>org.openqa.selenium.NoSuchElementException: no such element: Unable to locate element: {&quot;method&quot;:&quot;id&quot;,&quot;selector&quot;:&quot;viewlet-form-preview-wp&quot;}
  (Session info: chrome=79.0.3945.117)
  (Driver info: chromedriver=2.41.578737 (49da6702b16031c40d63e5618de03a32ff6c197e),platform=Windows NT 10.0.17763 x86_64) (WARNING: The server did not provide any stacktrace information)
Command duration or timeout: 0 milliseconds
For documentation on this error, please visit: http://seleniumhq.org/exceptions/no_such_element.html
Build info: version: &apos;3.14.0&apos;, revision: &apos;aacccce0&apos;, time: &apos;2018-08-02T20:13:22.693Z&apos;
System info: host: &apos;NASTEL2&apos;, ip: &apos;192.168.1.205&apos;, os.name: &apos;Windows 10&apos;, os.arch: &apos;amd64&apos;, os.version: &apos;10.0&apos;, java.version: &apos;1.8.0_191&apos;
Driver info: org.openqa.selenium.chrome.ChromeDriver
Capabilities {acceptInsecureCerts: false, acceptSslCerts: false, applicationCacheEnabled: false, browserConnectionEnabled: false, browserName: chrome, chrome: {chromedriverVersion: 2.41.578737 (49da6702b16031..., userDataDir: C:\Users\nastel2\AppData\Lo...}, cssSelectorsEnabled: true, databaseEnabled: false, goog:chromeOptions: {debuggerAddress: localhost:57214}, handlesAlerts: true, hasTouchScreen: false, javascriptEnabled: true, locationContextEnabled: true, mobileEmulationEnabled: false, nativeEvents: true, networkConnectionEnabled: false, pageLoadStrategy: normal, platform: XP, platformName: XP, rotatable: false, setWindowRect: true, takesHeapSnapshot: true, takesScreenshot: true, unexpectedAlertBehaviour: , unhandledPromptBehavior: , version: 79.0.3945.117, webStorageEnabled: true}
Session ID: e5b12b251e1e3a0df6c172708340be31
*** Element info: {Using=id, value=viewlet-form-preview-wp}
	at org.openqa.selenium.remote.ErrorHandler.createThrowable(ErrorHandler.java:214)
	at org.openqa.selenium.remote.ErrorHandler.throwIfResponseFailed(ErrorHandler.java:166)
	at org.openqa.selenium.remote.http.JsonHttpResponseCodec.reconstructValue(JsonHttpResponseCodec.java:40)
	at org.openqa.selenium.remote.http.AbstractHttpResponseCodec.decode(AbstractHttpResponseCodec.java:80)
	at org.openqa.selenium.remote.http.AbstractHttpResponseCodec.decode(AbstractHttpResponseCodec.java:44)
	at org.openqa.selenium.remote.HttpCommandExecutor.execute(HttpCommandExecutor.java:158)
	at org.openqa.selenium.remote.service.DriverCommandExecutor.execute(DriverCommandExecutor.java:83)
	at org.openqa.selenium.remote.RemoteWebDriver.execute(RemoteWebDriver.java:548)
	at org.openqa.selenium.remote.RemoteWebDriver.findElement(RemoteWebDriver.java:322)
	at org.openqa.selenium.remote.RemoteWebDriver.findElementById(RemoteWebDriver.java:368)
	at org.openqa.selenium.By$ById.findElement(By.java:188)
	at org.openqa.selenium.remote.RemoteWebDriver.findElement(RemoteWebDriver.java:314)
	at ViewletLevel.ViewletLevel_ConsolePage.PreviewButton1(ViewletLevel_ConsolePage.java:1122)
	at ViewletLevel.ViewletLevel_ConsolePage.PreviewButtonFuncationalityinTemporaryviewletEditPage(ViewletLevel_ConsolePage.java:816)
... Removed 29 stack frames</pre></div><a href='#' onClick='toggleBox("stack-trace711964207", this, "Click to show all stack frames", "Click to hide stack frames")'>Click to show all stack frames</a>
<div class='stack-trace' id='stack-trace711964207'><pre>org.openqa.selenium.NoSuchElementException: no such element: Unable to locate element: {&quot;method&quot;:&quot;id&quot;,&quot;selector&quot;:&quot;viewlet-form-preview-wp&quot;}
  (Session info: chrome=79.0.3945.117)
  (Driver info: chromedriver=2.41.578737 (49da6702b16031c40d63e5618de03a32ff6c197e),platform=Windows NT 10.0.17763 x86_64) (WARNING: The server did not provide any stacktrace information)
Command duration or timeout: 0 milliseconds
For documentation on this error, please visit: http://seleniumhq.org/exceptions/no_such_element.html
Build info: version: &apos;3.14.0&apos;, revision: &apos;aacccce0&apos;, time: &apos;2018-08-02T20:13:22.693Z&apos;
System info: host: &apos;NASTEL2&apos;, ip: &apos;192.168.1.205&apos;, os.name: &apos;Windows 10&apos;, os.arch: &apos;amd64&apos;, os.version: &apos;10.0&apos;, java.version: &apos;1.8.0_191&apos;
Driver info: org.openqa.selenium.chrome.ChromeDriver
Capabilities {acceptInsecureCerts: false, acceptSslCerts: false, applicationCacheEnabled: false, browserConnectionEnabled: false, browserName: chrome, chrome: {chromedriverVersion: 2.41.578737 (49da6702b16031..., userDataDir: C:\Users\nastel2\AppData\Lo...}, cssSelectorsEnabled: true, databaseEnabled: false, goog:chromeOptions: {debuggerAddress: localhost:57214}, handlesAlerts: true, hasTouchScreen: false, javascriptEnabled: true, locationContextEnabled: true, mobileEmulationEnabled: false, nativeEvents: true, networkConnectionEnabled: false, pageLoadStrategy: normal, platform: XP, platformName: XP, rotatable: false, setWindowRect: true, takesHeapSnapshot: true, takesScreenshot: true, unexpectedAlertBehaviour: , unhandledPromptBehavior: , version: 79.0.3945.117, webStorageEnabled: true}
Session ID: e5b12b251e1e3a0df6c172708340be31
*** Element info: {Using=id, value=viewlet-form-preview-wp}
	at sun.reflect.NativeConstructorAccessorImpl.newInstance0(Native Method)
	at sun.reflect.NativeConstructorAccessorImpl.newInstance(Unknown Source)
	at sun.reflect.DelegatingConstructorAccessorImpl.newInstance(Unknown Source)
	at java.lang.reflect.Constructor.newInstance(Unknown Source)
	at org.openqa.selenium.remote.ErrorHandler.createThrowable(ErrorHandler.java:214)
	at org.openqa.selenium.remote.ErrorHandler.throwIfResponseFailed(ErrorHandler.java:166)
	at org.openqa.selenium.remote.http.JsonHttpResponseCodec.reconstructValue(JsonHttpResponseCodec.java:40)
	at org.openqa.selenium.remote.http.AbstractHttpResponseCodec.decode(AbstractHttpResponseCodec.java:80)
	at org.openqa.selenium.remote.http.AbstractHttpResponseCodec.decode(AbstractHttpResponseCodec.java:44)
	at org.openqa.selenium.remote.HttpCommandExecutor.execute(HttpCommandExecutor.java:158)
	at org.openqa.selenium.remote.service.DriverCommandExecutor.execute(DriverCommandExecutor.java:83)
	at org.openqa.selenium.remote.RemoteWebDriver.execute(RemoteWebDriver.java:548)
	at org.openqa.selenium.remote.RemoteWebDriver.findElement(RemoteWebDriver.java:322)
	at org.openqa.selenium.remote.RemoteWebDriver.findElementById(RemoteWebDriver.java:368)
	at org.openqa.selenium.By$ById.findElement(By.java:188)
	at org.openqa.selenium.remote.RemoteWebDriver.findElement(RemoteWebDriver.java:314)
	at ViewletLevel.ViewletLevel_ConsolePage.PreviewButton1(ViewletLevel_ConsolePage.java:1122)
	at ViewletLevel.ViewletLevel_ConsolePage.PreviewButtonFuncationalityinTemporaryviewletEditPage(ViewletLevel_ConsolePage.java:816)
	at sun.reflect.NativeMethodAccessorImpl.invoke0(Native Method)
	at sun.reflect.NativeMethodAccessorImpl.invoke(Unknown Source)
	at sun.reflect.DelegatingMethodAccessorImpl.invoke(Unknown Source)
	at java.lang.reflect.Method.invoke(Unknown Source)
	at org.testng.internal.MethodInvocationHelper.invokeMethod(MethodInvocationHelper.java:86)
	at org.testng.internal.Invoker.invokeMethod(Invoker.java:643)
	at org.testng.internal.Invoker.invokeTestMethod(Invoker.java:820)
	at org.testng.internal.Invoker.invokeTestMethods(Invoker.java:1128)
	at org.testng.internal.TestMethodWorker.invokeTestMethods(TestMethodWorker.java:129)
	at org.testng.internal.TestMethodWorker.run(TestMethodWorker.java:112)
	at org.testng.TestRunner.privateRun(TestRunner.java:782)
	at org.testng.TestRunner.run(TestRunner.java:632)
	at org.testng.SuiteRunner.runTest(SuiteRunner.java:366)
	at org.testng.SuiteRunner.runSequentially(SuiteRunner.java:361)
	at org.testng.SuiteRunner.privateRun(SuiteRunner.java:319)
	at org.testng.SuiteRunner.run(SuiteRunner.java:268)
	at org.testng.SuiteRunnerWorker.runSuite(SuiteRunnerWorker.java:52)
	at org.testng.SuiteRunnerWorker.run(SuiteRunnerWorker.java:86)
	at org.testng.TestNG.runSuitesSequentially(TestNG.java:1244)
	at org.testng.TestNG.runSuitesSequentially(TestNG.java:1240)
	at org.testng.TestNG.runSuitesLocally(TestNG.java:1169)
	at org.testng.TestNG.run(TestNG.java:1064)
	at org.testng.remote.AbstractRemoteTestNG.run(AbstractRemoteTestNG.java:115)
	at org.testng.remote.RemoteTestNG.initAndRun(RemoteTestNG.java:251)
	at org.testng.remote.RemoteTestNG.main(RemoteTestNG.java:77)
</pre></div></td>
<td>24</td>
<td>ViewletLevel.ViewletLevel_ConsolePage@5e3a8624</td></tr>
<tr>
<td title='ViewletLevel.ViewletLevel_ConsolePage.TemporaryViewletEditOptionFromViewletMenuIntheConsolepage()'><b>TemporaryViewletEditOptionFromViewletMenuIntheConsolepage</b><br>Test class: ViewletLevel.ViewletLevel_ConsolePage<br/>
<a href="#Output-514556983" onClick='toggleBox("Output-514556983", this, "Show output", "Hide output");'>Show output</a>

<a href="#Output-514556983" onClick="toggleAllBoxes();">Show all outputs</a>
<div class='log' id="Output-514556983">
<br/>Failed to execute method: TemporaryViewletEditOptionFromViewletMenuIntheConsolepage<br/><br/>
<br/><br/>
<img src=" F:\Prashant\automation\JkoolTest/Screenshots/ScreenshotsFailure/TemporaryViewletEditOptionFromViewletMenuIntheConsolepage.png" alt="""/" /><br/>
</div>
</td>
<td><div><pre>org.openqa.selenium.NoSuchElementException: no such element: Unable to locate element: {&quot;method&quot;:&quot;xpath&quot;,&quot;selector&quot;:&quot;//div[9]/div/div/div/button&quot;}
  (Session info: chrome=79.0.3945.117)
  (Driver info: chromedriver=2.41.578737 (49da6702b16031c40d63e5618de03a32ff6c197e),platform=Windows NT 10.0.17763 x86_64) (WARNING: The server did not provide any stacktrace information)
Command duration or timeout: 0 milliseconds
For documentation on this error, please visit: http://seleniumhq.org/exceptions/no_such_element.html
Build info: version: &apos;3.14.0&apos;, revision: &apos;aacccce0&apos;, time: &apos;2018-08-02T20:13:22.693Z&apos;
System info: host: &apos;NASTEL2&apos;, ip: &apos;192.168.1.205&apos;, os.name: &apos;Windows 10&apos;, os.arch: &apos;amd64&apos;, os.version: &apos;10.0&apos;, java.version: &apos;1.8.0_191&apos;
Driver info: org.openqa.selenium.chrome.ChromeDriver
Capabilities {acceptInsecureCerts: false, acceptSslCerts: false, applicationCacheEnabled: false, browserConnectionEnabled: false, browserName: chrome, chrome: {chromedriverVersion: 2.41.578737 (49da6702b16031..., userDataDir: C:\Users\nastel2\AppData\Lo...}, cssSelectorsEnabled: true, databaseEnabled: false, goog:chromeOptions: {debuggerAddress: localhost:57214}, handlesAlerts: true, hasTouchScreen: false, javascriptEnabled: true, locationContextEnabled: true, mobileEmulationEnabled: false, nativeEvents: true, networkConnectionEnabled: false, pageLoadStrategy: normal, platform: XP, platformName: XP, rotatable: false, setWindowRect: true, takesHeapSnapshot: true, takesScreenshot: true, unexpectedAlertBehaviour: , unhandledPromptBehavior: , version: 79.0.3945.117, webStorageEnabled: true}
Session ID: e5b12b251e1e3a0df6c172708340be31
*** Element info: {Using=xpath, value=//div[9]/div/div/div/button}
	at org.openqa.selenium.remote.ErrorHandler.createThrowable(ErrorHandler.java:214)
	at org.openqa.selenium.remote.ErrorHandler.throwIfResponseFailed(ErrorHandler.java:166)
	at org.openqa.selenium.remote.http.JsonHttpResponseCodec.reconstructValue(JsonHttpResponseCodec.java:40)
	at org.openqa.selenium.remote.http.AbstractHttpResponseCodec.decode(AbstractHttpResponseCodec.java:80)
	at org.openqa.selenium.remote.http.AbstractHttpResponseCodec.decode(AbstractHttpResponseCodec.java:44)
	at org.openqa.selenium.remote.HttpCommandExecutor.execute(HttpCommandExecutor.java:158)
	at org.openqa.selenium.remote.service.DriverCommandExecutor.execute(DriverCommandExecutor.java:83)
	at org.openqa.selenium.remote.RemoteWebDriver.execute(RemoteWebDriver.java:548)
	at org.openqa.selenium.remote.RemoteWebDriver.findElement(RemoteWebDriver.java:322)
	at org.openqa.selenium.remote.RemoteWebDriver.findElementByXPath(RemoteWebDriver.java:424)
	at org.openqa.selenium.By$ByXPath.findElement(By.java:353)
	at org.openqa.selenium.remote.RemoteWebDriver.findElement(RemoteWebDriver.java:314)
	at ViewletLevel.ViewletLevel_ConsolePage.ButtonsAndStatus(ViewletLevel_ConsolePage.java:1002)
	at ViewletLevel.ViewletLevel_ConsolePage.TemporaryViewletEditOptionFromViewletMenuIntheConsolepage(ViewletLevel_ConsolePage.java:779)
... Removed 29 stack frames</pre></div><a href='#' onClick='toggleBox("stack-trace514556983", this, "Click to show all stack frames", "Click to hide stack frames")'>Click to show all stack frames</a>
<div class='stack-trace' id='stack-trace514556983'><pre>org.openqa.selenium.NoSuchElementException: no such element: Unable to locate element: {&quot;method&quot;:&quot;xpath&quot;,&quot;selector&quot;:&quot;//div[9]/div/div/div/button&quot;}
  (Session info: chrome=79.0.3945.117)
  (Driver info: chromedriver=2.41.578737 (49da6702b16031c40d63e5618de03a32ff6c197e),platform=Windows NT 10.0.17763 x86_64) (WARNING: The server did not provide any stacktrace information)
Command duration or timeout: 0 milliseconds
For documentation on this error, please visit: http://seleniumhq.org/exceptions/no_such_element.html
Build info: version: &apos;3.14.0&apos;, revision: &apos;aacccce0&apos;, time: &apos;2018-08-02T20:13:22.693Z&apos;
System info: host: &apos;NASTEL2&apos;, ip: &apos;192.168.1.205&apos;, os.name: &apos;Windows 10&apos;, os.arch: &apos;amd64&apos;, os.version: &apos;10.0&apos;, java.version: &apos;1.8.0_191&apos;
Driver info: org.openqa.selenium.chrome.ChromeDriver
Capabilities {acceptInsecureCerts: false, acceptSslCerts: false, applicationCacheEnabled: false, browserConnectionEnabled: false, browserName: chrome, chrome: {chromedriverVersion: 2.41.578737 (49da6702b16031..., userDataDir: C:\Users\nastel2\AppData\Lo...}, cssSelectorsEnabled: true, databaseEnabled: false, goog:chromeOptions: {debuggerAddress: localhost:57214}, handlesAlerts: true, hasTouchScreen: false, javascriptEnabled: true, locationContextEnabled: true, mobileEmulationEnabled: false, nativeEvents: true, networkConnectionEnabled: false, pageLoadStrategy: normal, platform: XP, platformName: XP, rotatable: false, setWindowRect: true, takesHeapSnapshot: true, takesScreenshot: true, unexpectedAlertBehaviour: , unhandledPromptBehavior: , version: 79.0.3945.117, webStorageEnabled: true}
Session ID: e5b12b251e1e3a0df6c172708340be31
*** Element info: {Using=xpath, value=//div[9]/div/div/div/button}
	at sun.reflect.NativeConstructorAccessorImpl.newInstance0(Native Method)
	at sun.reflect.NativeConstructorAccessorImpl.newInstance(Unknown Source)
	at sun.reflect.DelegatingConstructorAccessorImpl.newInstance(Unknown Source)
	at java.lang.reflect.Constructor.newInstance(Unknown Source)
	at org.openqa.selenium.remote.ErrorHandler.createThrowable(ErrorHandler.java:214)
	at org.openqa.selenium.remote.ErrorHandler.throwIfResponseFailed(ErrorHandler.java:166)
	at org.openqa.selenium.remote.http.JsonHttpResponseCodec.reconstructValue(JsonHttpResponseCodec.java:40)
	at org.openqa.selenium.remote.http.AbstractHttpResponseCodec.decode(AbstractHttpResponseCodec.java:80)
	at org.openqa.selenium.remote.http.AbstractHttpResponseCodec.decode(AbstractHttpResponseCodec.java:44)
	at org.openqa.selenium.remote.HttpCommandExecutor.execute(HttpCommandExecutor.java:158)
	at org.openqa.selenium.remote.service.DriverCommandExecutor.execute(DriverCommandExecutor.java:83)
	at org.openqa.selenium.remote.RemoteWebDriver.execute(RemoteWebDriver.java:548)
	at org.openqa.selenium.remote.RemoteWebDriver.findElement(RemoteWebDriver.java:322)
	at org.openqa.selenium.remote.RemoteWebDriver.findElementByXPath(RemoteWebDriver.java:424)
	at org.openqa.selenium.By$ByXPath.findElement(By.java:353)
	at org.openqa.selenium.remote.RemoteWebDriver.findElement(RemoteWebDriver.java:314)
	at ViewletLevel.ViewletLevel_ConsolePage.ButtonsAndStatus(ViewletLevel_ConsolePage.java:1002)
	at ViewletLevel.ViewletLevel_ConsolePage.TemporaryViewletEditOptionFromViewletMenuIntheConsolepage(ViewletLevel_ConsolePage.java:779)
	at sun.reflect.NativeMethodAccessorImpl.invoke0(Native Method)
	at sun.reflect.NativeMethodAccessorImpl.invoke(Unknown Source)
	at sun.reflect.DelegatingMethodAccessorImpl.invoke(Unknown Source)
	at java.lang.reflect.Method.invoke(Unknown Source)
	at org.testng.internal.MethodInvocationHelper.invokeMethod(MethodInvocationHelper.java:86)
	at org.testng.internal.Invoker.invokeMethod(Invoker.java:643)
	at org.testng.internal.Invoker.invokeTestMethod(Invoker.java:820)
	at org.testng.internal.Invoker.invokeTestMethods(Invoker.java:1128)
	at org.testng.internal.TestMethodWorker.invokeTestMethods(TestMethodWorker.java:129)
	at org.testng.internal.TestMethodWorker.run(TestMethodWorker.java:112)
	at org.testng.TestRunner.privateRun(TestRunner.java:782)
	at org.testng.TestRunner.run(TestRunner.java:632)
	at org.testng.SuiteRunner.runTest(SuiteRunner.java:366)
	at org.testng.SuiteRunner.runSequentially(SuiteRunner.java:361)
	at org.testng.SuiteRunner.privateRun(SuiteRunner.java:319)
	at org.testng.SuiteRunner.run(SuiteRunner.java:268)
	at org.testng.SuiteRunnerWorker.runSuite(SuiteRunnerWorker.java:52)
	at org.testng.SuiteRunnerWorker.run(SuiteRunnerWorker.java:86)
	at org.testng.TestNG.runSuitesSequentially(TestNG.java:1244)
	at org.testng.TestNG.runSuitesSequentially(TestNG.java:1240)
	at org.testng.TestNG.runSuitesLocally(TestNG.java:1169)
	at org.testng.TestNG.run(TestNG.java:1064)
	at org.testng.remote.AbstractRemoteTestNG.run(AbstractRemoteTestNG.java:115)
	at org.testng.remote.RemoteTestNG.initAndRun(RemoteTestNG.java:251)
	at org.testng.remote.RemoteTestNG.main(RemoteTestNG.java:77)
</pre></div></td>
<td>25</td>
<td>ViewletLevel.ViewletLevel_ConsolePage@5e3a8624</td></tr>
</table><p>
<table width='100%' border='1' class='invocation-passed'>
<tr><td colspan='4' align='center'><b>PASSED TESTS</b></td></tr>
<tr><td><b>Test method</b></td>
<td width="30%"><b>Exception</b></td>
<td width="10%"><b>Time (seconds)</b></td>
<td><b>Instance</b></td>
</tr>
<tr>
<td title='ViewletLevel.ViewletLevel_ConsolePage.CheckOptionsStatusWithOutQueryforTemporaryViewlet()'><b>CheckOptionsStatusWithOutQueryforTemporaryViewlet</b><br>Test class: ViewletLevel.ViewletLevel_ConsolePage<br>Parameters: org.testng.TestRunner@585513a8<br/>
<a href="#Output-2078887126" onClick='toggleBox("Output-2078887126", this, "Show output", "Hide output");'>Show output</a>

<a href="#Output-2078887126" onClick="toggleAllBoxes();">Show all outputs</a>
<div class='log' id="Output-2078887126">
<br/><br/>
<img src=" F:\Prashant\automation\JkoolTest/Screenshots/ScreenshotsSuccess/CheckOptionsStatusWithOutQueryforTemporaryViewlet.png" alt="""/" /><br/>
</div>
</td>
<td></td>
<td>5</td>
<td>ViewletLevel.ViewletLevel_ConsolePage@5e3a8624</td></tr>
<tr>
<td title='ViewletLevel.ViewletLevel_ConsolePage.CheckTemporaryViewletOptionsStatusWithQueryIntheConsolePage()'><b>CheckTemporaryViewletOptionsStatusWithQueryIntheConsolePage</b><br>Test class: ViewletLevel.ViewletLevel_ConsolePage<br>Parameters: org.testng.TestRunner@585513a8<br/>
<a href="#Output-1662140450" onClick='toggleBox("Output-1662140450", this, "Show output", "Hide output");'>Show output</a>

<a href="#Output-1662140450" onClick="toggleAllBoxes();">Show all outputs</a>
<div class='log' id="Output-1662140450">
<br/><br/>
<img src=" F:\Prashant\automation\JkoolTest/Screenshots/ScreenshotsSuccess/CheckTemporaryViewletOptionsStatusWithQueryIntheConsolePage.png" alt="""/" /><br/>
</div>
</td>
<td></td>
<td>2</td>
<td>ViewletLevel.ViewletLevel_ConsolePage@5e3a8624</td></tr>
<tr>
<td title='ViewletLevel.ViewletLevel_ConsolePage.CloseButtonFuncationalityinTemporaryviewletEditPage()'><b>CloseButtonFuncationalityinTemporaryviewletEditPage</b><br>Test class: ViewletLevel.ViewletLevel_ConsolePage<br>Parameters: org.testng.TestRunner@585513a8<br/>
<a href="#Output-917847816" onClick='toggleBox("Output-917847816", this, "Show output", "Hide output");'>Show output</a>

<a href="#Output-917847816" onClick="toggleAllBoxes();">Show all outputs</a>
<div class='log' id="Output-917847816">
<br/><br/>
<img src=" F:\Prashant\automation\JkoolTest/Screenshots/ScreenshotsSuccess/CloseButtonFuncationalityinTemporaryviewletEditPage.png" alt="""/" /><br/>
</div>
</td>
<td></td>
<td>2</td>
<td>ViewletLevel.ViewletLevel_ConsolePage@5e3a8624</td></tr>
<tr>
<td title='ViewletLevel.ViewletLevel_ConsolePage.Console()'><b>Console</b><br>Test class: ViewletLevel.ViewletLevel_ConsolePage<br>Parameters: Get Event  where ProcessID between '10' and '100000', org.testng.TestRunner@585513a8<br/>
<a href="#Output-599592065" onClick='toggleBox("Output-599592065", this, "Show output", "Hide output");'>Show output</a>

<a href="#Output-599592065" onClick="toggleAllBoxes();">Show all outputs</a>
<div class='log' id="Output-599592065">
<br/><br/>
<img src=" F:\Prashant\automation\JkoolTest/Screenshots/ScreenshotsSuccess/Console.png" alt="""/" /><br/>
</div>
</td>
<td></td>
<td>11</td>
<td>ViewletLevel.ViewletLevel_ConsolePage@5e3a8624</td></tr>
<tr>
<td title='ViewletLevel.ViewletLevel_ConsolePage.ConsoleViewletEditOption()'><b>ConsoleViewletEditOption</b><br>Test class: ViewletLevel.ViewletLevel_ConsolePage<br>Parameters: org.testng.TestRunner@585513a8<br/>
<a href="#Output-326362094" onClick='toggleBox("Output-326362094", this, "Show output", "Hide output");'>Show output</a>

<a href="#Output-326362094" onClick="toggleAllBoxes();">Show all outputs</a>
<div class='log' id="Output-326362094">
<br/><br/>
<img src=" F:\Prashant\automation\JkoolTest/Screenshots/ScreenshotsSuccess/ConsoleViewletEditOption.png" alt="""/" /><br/>
</div>
</td>
<td></td>
<td>12</td>
<td>ViewletLevel.ViewletLevel_ConsolePage@5e3a8624</td></tr>
<tr>
<td title='ViewletLevel.ViewletLevel_ConsolePage.ConsoleViewletExportOption()'><b>ConsoleViewletExportOption</b><br>Test class: ViewletLevel.ViewletLevel_ConsolePage<br>Parameters: org.testng.TestRunner@585513a8<br/>
<a href="#Output-1044639817" onClick='toggleBox("Output-1044639817", this, "Show output", "Hide output");'>Show output</a>

<a href="#Output-1044639817" onClick="toggleAllBoxes();">Show all outputs</a>
<div class='log' id="Output-1044639817">
<br/><br/>
<img src=" F:\Prashant\automation\JkoolTest/Screenshots/ScreenshotsSuccess/ConsoleViewletExportOption.png" alt="""/" /><br/>
</div>
</td>
<td></td>
<td>7</td>
<td>ViewletLevel.ViewletLevel_ConsolePage@5e3a8624</td></tr>
<tr>
<td title='ViewletLevel.ViewletLevel_ConsolePage.CreateViewletforconsole()'><b>CreateViewletforconsole</b><br>Test class: ViewletLevel.ViewletLevel_ConsolePage<br>Parameters: get number of Event Show as table, CreateVielet1, org.testng.TestRunner@585513a8<br/>
<a href="#Output-117701189" onClick='toggleBox("Output-117701189", this, "Show output", "Hide output");'>Show output</a>

<a href="#Output-117701189" onClick="toggleAllBoxes();">Show all outputs</a>
<div class='log' id="Output-117701189">
<br/><br/>
<img src=" F:\Prashant\automation\JkoolTest/Screenshots/ScreenshotsSuccess/CreateViewletforconsole.png" alt="""/" /><br/>
</div>
</td>
<td></td>
<td>13</td>
<td>ViewletLevel.ViewletLevel_ConsolePage@5e3a8624</td></tr>
<tr>
<td title='ViewletLevel.ViewletLevel_ConsolePage.EditTempoararyViewletQueryIntheConsolePage()'><b>EditTempoararyViewletQueryIntheConsolePage</b><br>Test class: ViewletLevel.ViewletLevel_ConsolePage<br>Parameters: Get Activity, org.testng.TestRunner@585513a8<br/>
<a href="#Output-1373172466" onClick='toggleBox("Output-1373172466", this, "Show output", "Hide output");'>Show output</a>

<a href="#Output-1373172466" onClick="toggleAllBoxes();">Show all outputs</a>
<div class='log' id="Output-1373172466">
<br/><br/>
<img src=" F:\Prashant\automation\JkoolTest/Screenshots/ScreenshotsSuccess/EditTempoararyViewletQueryIntheConsolePage.png" alt="""/" /><br/>
</div>
</td>
<td></td>
<td>12</td>
<td>ViewletLevel.ViewletLevel_ConsolePage@5e3a8624</td></tr>
<tr>
<td title='ViewletLevel.ViewletLevel_ConsolePage.EnterQueryIntoTemporaryViewletInTheConsolePage()'><b>EnterQueryIntoTemporaryViewletInTheConsolePage</b><br>Test class: ViewletLevel.ViewletLevel_ConsolePage<br>Parameters: Get Events, org.testng.TestRunner@585513a8<br/>
<a href="#Output-1552024347" onClick='toggleBox("Output-1552024347", this, "Show output", "Hide output");'>Show output</a>

<a href="#Output-1552024347" onClick="toggleAllBoxes();">Show all outputs</a>
<div class='log' id="Output-1552024347">
<br/><br/>
<img src=" F:\Prashant\automation\JkoolTest/Screenshots/ScreenshotsSuccess/EnterQueryIntoTemporaryViewletInTheConsolePage.png" alt="""/" /><br/>
</div>
</td>
<td></td>
<td>13</td>
<td>ViewletLevel.ViewletLevel_ConsolePage@5e3a8624</td></tr>
<tr>
<td title='ViewletLevel.ViewletLevel_ConsolePage.Login()'><b>Login</b><br>Test class: ViewletLevel.ViewletLevel_ConsolePage<br>Parameters: Drivers/chromedriver.exe, webdriver.chrome.driver, F:\JKool Reports\Exported CSV Files<br/>
<a href="#Output-1506030945" onClick='toggleBox("Output-1506030945", this, "Show output", "Hide output");'>Show output</a>

<a href="#Output-1506030945" onClick="toggleAllBoxes();">Show all outputs</a>
<div class='log' id="Output-1506030945">
<br/><br/>
<img src=" F:\Prashant\automation\JkoolTest/Screenshots/ScreenshotsSuccess/Login.png" alt="""/" /><br/>
</div>
</td>
<td></td>
<td>48</td>
<td>ViewletLevel.ViewletLevel_ConsolePage@5e3a8624</td></tr>
<tr>
<td title='ViewletLevel.ViewletLevel_ConsolePage.Logout()'><b>Logout</b><br>Test class: ViewletLevel.ViewletLevel_ConsolePage</td>
<td></td>
<td>7</td>
<td>ViewletLevel.ViewletLevel_ConsolePage@5e3a8624</td></tr>
<tr>
<td title='ViewletLevel.ViewletLevel_ConsolePage.TemporaryViewletExportoptionFromMenubar()'><b>TemporaryViewletExportoptionFromMenubar</b><br>Test class: ViewletLevel.ViewletLevel_ConsolePage<br>Parameters: org.testng.TestRunner@585513a8<br/>
<a href="#Output-441672036" onClick='toggleBox("Output-441672036", this, "Show output", "Hide output");'>Show output</a>

<a href="#Output-441672036" onClick="toggleAllBoxes();">Show all outputs</a>
<div class='log' id="Output-441672036">
<br/><br/>
<img src=" F:\Prashant\automation\JkoolTest/Screenshots/ScreenshotsSuccess/TemporaryViewletExportoptionFromMenubar.png" alt="""/" /><br/>
</div>
</td>
<td></td>
<td>2</td>
<td>ViewletLevel.ViewletLevel_ConsolePage@5e3a8624</td></tr>
<tr>
<td title='ViewletLevel.ViewletLevel_ConsolePage.TemporaryViewletRefreshOptionIntheConsolePage()'><b>TemporaryViewletRefreshOptionIntheConsolePage</b><br>Test class: ViewletLevel.ViewletLevel_ConsolePage<br>Parameters: org.testng.TestRunner@585513a8<br/>
<a href="#Output-1978471002" onClick='toggleBox("Output-1978471002", this, "Show output", "Hide output");'>Show output</a>

<a href="#Output-1978471002" onClick="toggleAllBoxes();">Show all outputs</a>
<div class='log' id="Output-1978471002">
<br/><br/>
<img src=" F:\Prashant\automation\JkoolTest/Screenshots/ScreenshotsSuccess/TemporaryViewletRefreshOptionIntheConsolePage.png" alt="""/" /><br/>
</div>
</td>
<td></td>
<td>3</td>
<td>ViewletLevel.ViewletLevel_ConsolePage@5e3a8624</td></tr>
</table><p>
</body>
</html>