<html>
<head>
<title>TestNG:  Edit Viewlet Options</title>
<link href="../testng.css" rel="stylesheet" type="text/css" />
<link href="../my-testng.css" rel="stylesheet" type="text/css" />

<style type="text/css">
.log { display: none;} 
.stack-trace { display: none;} 
</style>
<script type="text/javascript">
<!--
function flip(e) {
  current = e.style.display;
  if (current == 'block') {
    e.style.display = 'none';
    return 0;
  }
  else {
    e.style.display = 'block';
    return 1;
  }
}

function toggleBox(szDivId, elem, msg1, msg2)
{
  var res = -1;  if (document.getElementById) {
    res = flip(document.getElementById(szDivId));
  }
  else if (document.all) {
    // this is the way old msie versions work
    res = flip(document.all[szDivId]);
  }
  if(elem) {
    if(res == 0) elem.innerHTML = msg1; else elem.innerHTML = msg2;
  }

}

function toggleAllBoxes() {
  if (document.getElementsByTagName) {
    d = document.getElementsByTagName('div');
    for (i = 0; i < d.length; i++) {
      if (d[i].className == 'log') {
        flip(d[i]);
      }
    }
  }
}

// -->
</script>

</head>
<body>
<h2 align='center'>Edit Viewlet Options</h2><table border='1' align="center">
<tr>
<td>Tests passed/Failed/Skipped:</td><td>13/1/0</td>
</tr><tr>
<td>Started on:</td><td>Wed May 06 16:19:12 IST 2020</td>
</tr>
<tr><td>Total time:</td><td>714 seconds (714213 ms)</td>
</tr><tr>
<td>Included groups:</td><td></td>
</tr><tr>
<td>Excluded groups:</td><td></td>
</tr>
</table><p/>
<small><i>(Hover the method name to see the test class name)</i></small><p/>
<table width='100%' border='1' class='invocation-failed'>
<tr><td colspan='4' align='center'><b>FAILED TESTS</b></td></tr>
<tr><td><b>Test method</b></td>
<td width="30%"><b>Exception</b></td>
<td width="10%"><b>Time (seconds)</b></td>
<td><b>Instance</b></td>
</tr>
<tr>
<td title='ViewletLevel.ViewletLevel_EditViewletOption.shareviewlet()'><b>shareviewlet</b><br>Test class: ViewletLevel.ViewletLevel_EditViewletOption<br>Parameters: org.testng.TestRunner@466d49f0<br/>
<a href="#Output-1568450200" onClick='toggleBox("Output-1568450200", this, "Show output", "Hide output");'>Show output</a>

<a href="#Output-1568450200" onClick="toggleAllBoxes();">Show all outputs</a>
<div class='log' id="Output-1568450200">
<br/>Failed to execute method: shareviewlet<br/><br/>
<br/><br/>
<img src=" F:\Prashant\automation\JkoolTest/Screenshots/ScreenshotsFailure/shareviewlet.png" alt="""/" /><br/>
</div>
</td>
<td><div><pre>org.openqa.selenium.NoSuchElementException: no such element: Unable to locate element: {&quot;method&quot;:&quot;xpath&quot;,&quot;selector&quot;:&quot;//div[2]/div[2]/div/div[2]/ul/li/div[2]/div/div[2]/div[8]/i&quot;}
  (Session info: chrome=81.0.4044.129)
  (Driver info: chromedriver=2.41.578737 (49da6702b16031c40d63e5618de03a32ff6c197e),platform=Windows NT 10.0.18363 x86_64) (WARNING: The server did not provide any stacktrace information)
Command duration or timeout: 0 milliseconds
For documentation on this error, please visit: http://seleniumhq.org/exceptions/no_such_element.html
Build info: version: &apos;3.14.0&apos;, revision: &apos;aacccce0&apos;, time: &apos;2018-08-02T20:13:22.693Z&apos;
System info: host: &apos;NASTEL2&apos;, ip: &apos;192.168.1.94&apos;, os.name: &apos;Windows 10&apos;, os.arch: &apos;amd64&apos;, os.version: &apos;10.0&apos;, java.version: &apos;1.8.0_191&apos;
Driver info: org.openqa.selenium.chrome.ChromeDriver
Capabilities {acceptInsecureCerts: false, acceptSslCerts: false, applicationCacheEnabled: false, browserConnectionEnabled: false, browserName: chrome, chrome: {chromedriverVersion: 2.41.578737 (49da6702b16031..., userDataDir: C:\Users\nastel2\AppData\Lo...}, cssSelectorsEnabled: true, databaseEnabled: false, goog:chromeOptions: {debuggerAddress: localhost:50301}, handlesAlerts: true, hasTouchScreen: false, javascriptEnabled: true, locationContextEnabled: true, mobileEmulationEnabled: false, nativeEvents: true, networkConnectionEnabled: false, pageLoadStrategy: normal, platform: XP, platformName: XP, rotatable: false, setWindowRect: true, takesHeapSnapshot: true, takesScreenshot: true, unexpectedAlertBehaviour: , unhandledPromptBehavior: , version: 81.0.4044.129, webStorageEnabled: true}
Session ID: 6a8c93e4178a17e42dca0ff6630383e7
*** Element info: {Using=xpath, value=//div[2]/div[2]/div/div[2]/ul/li/div[2]/div/div[2]/div[8]/i}
	at org.openqa.selenium.remote.ErrorHandler.createThrowable(ErrorHandler.java:214)
	at org.openqa.selenium.remote.ErrorHandler.throwIfResponseFailed(ErrorHandler.java:166)
	at org.openqa.selenium.remote.http.JsonHttpResponseCodec.reconstructValue(JsonHttpResponseCodec.java:40)
	at org.openqa.selenium.remote.http.AbstractHttpResponseCodec.decode(AbstractHttpResponseCodec.java:80)
	at org.openqa.selenium.remote.http.AbstractHttpResponseCodec.decode(AbstractHttpResponseCodec.java:44)
	at org.openqa.selenium.remote.HttpCommandExecutor.execute(HttpCommandExecutor.java:158)
	at org.openqa.selenium.remote.service.DriverCommandExecutor.execute(DriverCommandExecutor.java:83)
	at org.openqa.selenium.remote.RemoteWebDriver.execute(RemoteWebDriver.java:548)
	at org.openqa.selenium.remote.RemoteWebDriver.findElement(RemoteWebDriver.java:322)
	at org.openqa.selenium.remote.RemoteWebDriver.findElementByXPath(RemoteWebDriver.java:424)
	at org.openqa.selenium.By$ByXPath.findElement(By.java:353)
	at org.openqa.selenium.remote.RemoteWebDriver.findElement(RemoteWebDriver.java:314)
	at ViewletLevel.ViewletLevel_EditViewletOption.shareviewlet(ViewletLevel_EditViewletOption.java:893)
... Removed 29 stack frames</pre></div><a href='#' onClick='toggleBox("stack-trace1568450200", this, "Click to show all stack frames", "Click to hide stack frames")'>Click to show all stack frames</a>
<div class='stack-trace' id='stack-trace1568450200'><pre>org.openqa.selenium.NoSuchElementException: no such element: Unable to locate element: {&quot;method&quot;:&quot;xpath&quot;,&quot;selector&quot;:&quot;//div[2]/div[2]/div/div[2]/ul/li/div[2]/div/div[2]/div[8]/i&quot;}
  (Session info: chrome=81.0.4044.129)
  (Driver info: chromedriver=2.41.578737 (49da6702b16031c40d63e5618de03a32ff6c197e),platform=Windows NT 10.0.18363 x86_64) (WARNING: The server did not provide any stacktrace information)
Command duration or timeout: 0 milliseconds
For documentation on this error, please visit: http://seleniumhq.org/exceptions/no_such_element.html
Build info: version: &apos;3.14.0&apos;, revision: &apos;aacccce0&apos;, time: &apos;2018-08-02T20:13:22.693Z&apos;
System info: host: &apos;NASTEL2&apos;, ip: &apos;192.168.1.94&apos;, os.name: &apos;Windows 10&apos;, os.arch: &apos;amd64&apos;, os.version: &apos;10.0&apos;, java.version: &apos;1.8.0_191&apos;
Driver info: org.openqa.selenium.chrome.ChromeDriver
Capabilities {acceptInsecureCerts: false, acceptSslCerts: false, applicationCacheEnabled: false, browserConnectionEnabled: false, browserName: chrome, chrome: {chromedriverVersion: 2.41.578737 (49da6702b16031..., userDataDir: C:\Users\nastel2\AppData\Lo...}, cssSelectorsEnabled: true, databaseEnabled: false, goog:chromeOptions: {debuggerAddress: localhost:50301}, handlesAlerts: true, hasTouchScreen: false, javascriptEnabled: true, locationContextEnabled: true, mobileEmulationEnabled: false, nativeEvents: true, networkConnectionEnabled: false, pageLoadStrategy: normal, platform: XP, platformName: XP, rotatable: false, setWindowRect: true, takesHeapSnapshot: true, takesScreenshot: true, unexpectedAlertBehaviour: , unhandledPromptBehavior: , version: 81.0.4044.129, webStorageEnabled: true}
Session ID: 6a8c93e4178a17e42dca0ff6630383e7
*** Element info: {Using=xpath, value=//div[2]/div[2]/div/div[2]/ul/li/div[2]/div/div[2]/div[8]/i}
	at sun.reflect.NativeConstructorAccessorImpl.newInstance0(Native Method)
	at sun.reflect.NativeConstructorAccessorImpl.newInstance(Unknown Source)
	at sun.reflect.DelegatingConstructorAccessorImpl.newInstance(Unknown Source)
	at java.lang.reflect.Constructor.newInstance(Unknown Source)
	at org.openqa.selenium.remote.ErrorHandler.createThrowable(ErrorHandler.java:214)
	at org.openqa.selenium.remote.ErrorHandler.throwIfResponseFailed(ErrorHandler.java:166)
	at org.openqa.selenium.remote.http.JsonHttpResponseCodec.reconstructValue(JsonHttpResponseCodec.java:40)
	at org.openqa.selenium.remote.http.AbstractHttpResponseCodec.decode(AbstractHttpResponseCodec.java:80)
	at org.openqa.selenium.remote.http.AbstractHttpResponseCodec.decode(AbstractHttpResponseCodec.java:44)
	at org.openqa.selenium.remote.HttpCommandExecutor.execute(HttpCommandExecutor.java:158)
	at org.openqa.selenium.remote.service.DriverCommandExecutor.execute(DriverCommandExecutor.java:83)
	at org.openqa.selenium.remote.RemoteWebDriver.execute(RemoteWebDriver.java:548)
	at org.openqa.selenium.remote.RemoteWebDriver.findElement(RemoteWebDriver.java:322)
	at org.openqa.selenium.remote.RemoteWebDriver.findElementByXPath(RemoteWebDriver.java:424)
	at org.openqa.selenium.By$ByXPath.findElement(By.java:353)
	at org.openqa.selenium.remote.RemoteWebDriver.findElement(RemoteWebDriver.java:314)
	at ViewletLevel.ViewletLevel_EditViewletOption.shareviewlet(ViewletLevel_EditViewletOption.java:893)
	at sun.reflect.NativeMethodAccessorImpl.invoke0(Native Method)
	at sun.reflect.NativeMethodAccessorImpl.invoke(Unknown Source)
	at sun.reflect.DelegatingMethodAccessorImpl.invoke(Unknown Source)
	at java.lang.reflect.Method.invoke(Unknown Source)
	at org.testng.internal.MethodInvocationHelper.invokeMethod(MethodInvocationHelper.java:86)
	at org.testng.internal.Invoker.invokeMethod(Invoker.java:643)
	at org.testng.internal.Invoker.invokeTestMethod(Invoker.java:820)
	at org.testng.internal.Invoker.invokeTestMethods(Invoker.java:1128)
	at org.testng.internal.TestMethodWorker.invokeTestMethods(TestMethodWorker.java:129)
	at org.testng.internal.TestMethodWorker.run(TestMethodWorker.java:112)
	at org.testng.TestRunner.privateRun(TestRunner.java:782)
	at org.testng.TestRunner.run(TestRunner.java:632)
	at org.testng.SuiteRunner.runTest(SuiteRunner.java:366)
	at org.testng.SuiteRunner.runSequentially(SuiteRunner.java:361)
	at org.testng.SuiteRunner.privateRun(SuiteRunner.java:319)
	at org.testng.SuiteRunner.run(SuiteRunner.java:268)
	at org.testng.SuiteRunnerWorker.runSuite(SuiteRunnerWorker.java:52)
	at org.testng.SuiteRunnerWorker.run(SuiteRunnerWorker.java:86)
	at org.testng.TestNG.runSuitesSequentially(TestNG.java:1244)
	at org.testng.TestNG.runSuitesSequentially(TestNG.java:1240)
	at org.testng.TestNG.runSuitesLocally(TestNG.java:1169)
	at org.testng.TestNG.run(TestNG.java:1064)
	at org.testng.remote.AbstractRemoteTestNG.run(AbstractRemoteTestNG.java:115)
	at org.testng.remote.RemoteTestNG.initAndRun(RemoteTestNG.java:251)
	at org.testng.remote.RemoteTestNG.main(RemoteTestNG.java:77)
</pre></div></td>
<td>41</td>
<td>ViewletLevel.ViewletLevel_EditViewletOption@61832929</td></tr>
</table><p>
<table width='100%' border='1' class='invocation-passed'>
<tr><td colspan='4' align='center'><b>PASSED TESTS</b></td></tr>
<tr><td><b>Test method</b></td>
<td width="30%"><b>Exception</b></td>
<td width="10%"><b>Time (seconds)</b></td>
<td><b>Instance</b></td>
</tr>
<tr>
<td title='ViewletLevel.ViewletLevel_EditViewletOption.ApplyButton()'><b>ApplyButton</b><br>Test class: ViewletLevel.ViewletLevel_EditViewletOption<br>Parameters: org.testng.TestRunner@466d49f0<br/>
<a href="#Output-1318209130" onClick='toggleBox("Output-1318209130", this, "Show output", "Hide output");'>Show output</a>

<a href="#Output-1318209130" onClick="toggleAllBoxes();">Show all outputs</a>
<div class='log' id="Output-1318209130">
<br/><br/>
<img src=" F:\Prashant\automation\JkoolTest/Screenshots/ScreenshotsSuccess/ApplyButton.png" alt="""/" /><br/>
</div>
</td>
<td></td>
<td>5</td>
<td>ViewletLevel.ViewletLevel_EditViewletOption@61832929</td></tr>
<tr>
<td title='ViewletLevel.ViewletLevel_EditViewletOption.CloseButton()'><b>CloseButton</b><br>Test class: ViewletLevel.ViewletLevel_EditViewletOption<br>Parameters: org.testng.TestRunner@466d49f0<br/>
<a href="#Output-1442342557" onClick='toggleBox("Output-1442342557", this, "Show output", "Hide output");'>Show output</a>

<a href="#Output-1442342557" onClick="toggleAllBoxes();">Show all outputs</a>
<div class='log' id="Output-1442342557">
<br/><br/>
<img src=" F:\Prashant\automation\JkoolTest/Screenshots/ScreenshotsSuccess/CloseButton.png" alt="""/" /><br/>
</div>
</td>
<td></td>
<td>14</td>
<td>ViewletLevel.ViewletLevel_EditViewletOption@61832929</td></tr>
<tr>
<td title='ViewletLevel.ViewletLevel_EditViewletOption.CreateViewletWithAForm()'><b>CreateViewletWithAForm</b><br>Test class: ViewletLevel.ViewletLevel_EditViewletOption<br>Parameters: org.testng.TestRunner@466d49f0<br/>
<a href="#Output-1707901480" onClick='toggleBox("Output-1707901480", this, "Show output", "Hide output");'>Show output</a>

<a href="#Output-1707901480" onClick="toggleAllBoxes();">Show all outputs</a>
<div class='log' id="Output-1707901480">
<br/><br/>
<img src=" F:\Prashant\automation\JkoolTest/Screenshots/ScreenshotsSuccess/CreateViewletWithAForm.png" alt="""/" /><br/>
</div>
</td>
<td></td>
<td>18</td>
<td>ViewletLevel.ViewletLevel_EditViewletOption@61832929</td></tr>
<tr>
<td title='ViewletLevel.ViewletLevel_EditViewletOption.DeleteOption()'><b>DeleteOption</b><br>Test class: ViewletLevel.ViewletLevel_EditViewletOption<br>Parameters: get Event show as table, org.testng.TestRunner@466d49f0<br/>
<a href="#Output-978599729" onClick='toggleBox("Output-978599729", this, "Show output", "Hide output");'>Show output</a>

<a href="#Output-978599729" onClick="toggleAllBoxes();">Show all outputs</a>
<div class='log' id="Output-978599729">
<br/><br/>
<img src=" F:\Prashant\automation\JkoolTest/Screenshots/ScreenshotsSuccess/DeleteOption.png" alt="""/" /><br/>
</div>
</td>
<td></td>
<td>29</td>
<td>ViewletLevel.ViewletLevel_EditViewletOption@61832929</td></tr>
<tr>
<td title='ViewletLevel.ViewletLevel_EditViewletOption.EditOptionInViewletMenu()'><b>EditOptionInViewletMenu</b><br>Test class: ViewletLevel.ViewletLevel_EditViewletOption<br>Parameters: org.testng.TestRunner@466d49f0<br/>
<a href="#Output-133177937" onClick='toggleBox("Output-133177937", this, "Show output", "Hide output");'>Show output</a>

<a href="#Output-133177937" onClick="toggleAllBoxes();">Show all outputs</a>
<div class='log' id="Output-133177937">
<br/><br/>
<img src=" F:\Prashant\automation\JkoolTest/Screenshots/ScreenshotsSuccess/EditOptionInViewletMenu.png" alt="""/" /><br/>
</div>
</td>
<td></td>
<td>6</td>
<td>ViewletLevel.ViewletLevel_EditViewletOption@61832929</td></tr>
<tr>
<td title='ViewletLevel.ViewletLevel_EditViewletOption.EditviewletWindowOptions()'><b>EditviewletWindowOptions</b><br>Test class: ViewletLevel.ViewletLevel_EditViewletOption<br>Parameters: org.testng.TestRunner@466d49f0<br/>
<a href="#Output-469643779" onClick='toggleBox("Output-469643779", this, "Show output", "Hide output");'>Show output</a>

<a href="#Output-469643779" onClick="toggleAllBoxes();">Show all outputs</a>
<div class='log' id="Output-469643779">
<br/><br/>
<img src=" F:\Prashant\automation\JkoolTest/Screenshots/ScreenshotsSuccess/EditviewletWindowOptions.png" alt="""/" /><br/>
</div>
</td>
<td></td>
<td>11</td>
<td>ViewletLevel.ViewletLevel_EditViewletOption@61832929</td></tr>
<tr>
<td title='ViewletLevel.ViewletLevel_EditViewletOption.ExportOption()'><b>ExportOption</b><br>Test class: ViewletLevel.ViewletLevel_EditViewletOption<br>Parameters: org.testng.TestRunner@466d49f0<br/>
<a href="#Output-1969875555" onClick='toggleBox("Output-1969875555", this, "Show output", "Hide output");'>Show output</a>

<a href="#Output-1969875555" onClick="toggleAllBoxes();">Show all outputs</a>
<div class='log' id="Output-1969875555">
<br/><br/>
<img src=" F:\Prashant\automation\JkoolTest/Screenshots/ScreenshotsSuccess/ExportOption.png" alt="""/" /><br/>
</div>
</td>
<td></td>
<td>3</td>
<td>ViewletLevel.ViewletLevel_EditViewletOption@61832929</td></tr>
<tr>
<td title='ViewletLevel.ViewletLevel_EditViewletOption.Login()'><b>Login</b><br>Test class: ViewletLevel.ViewletLevel_EditViewletOption<br>Parameters: Drivers/chromedriver.exe, webdriver.chrome.driver, F:\JKool Reports\Exported CSV Files<br/>
<a href="#Output-66845334" onClick='toggleBox("Output-66845334", this, "Show output", "Hide output");'>Show output</a>

<a href="#Output-66845334" onClick="toggleAllBoxes();">Show all outputs</a>
<div class='log' id="Output-66845334">
<br/><br/>
<img src=" F:\Prashant\automation\JkoolTest/Screenshots/ScreenshotsSuccess/Login.png" alt="""/" /><br/>
</div>
</td>
<td></td>
<td>45</td>
<td>ViewletLevel.ViewletLevel_EditViewletOption@61832929</td></tr>
<tr>
<td title='ViewletLevel.ViewletLevel_EditViewletOption.Logout()'><b>Logout</b><br>Test class: ViewletLevel.ViewletLevel_EditViewletOption</td>
<td></td>
<td>6</td>
<td>ViewletLevel.ViewletLevel_EditViewletOption@61832929</td></tr>
<tr>
<td title='ViewletLevel.ViewletLevel_EditViewletOption.PreviewButton()'><b>PreviewButton</b><br>Test class: ViewletLevel.ViewletLevel_EditViewletOption<br>Parameters: org.testng.TestRunner@466d49f0<br/>
<a href="#Output-1842173497" onClick='toggleBox("Output-1842173497", this, "Show output", "Hide output");'>Show output</a>

<a href="#Output-1842173497" onClick="toggleAllBoxes();">Show all outputs</a>
<div class='log' id="Output-1842173497">
<br/><br/>
<img src=" F:\Prashant\automation\JkoolTest/Screenshots/ScreenshotsSuccess/PreviewButton.png" alt="""/" /><br/>
</div>
</td>
<td></td>
<td>11</td>
<td>ViewletLevel.ViewletLevel_EditViewletOption@61832929</td></tr>
<tr>
<td title='ViewletLevel.ViewletLevel_EditViewletOption.RemoveOption()'><b>RemoveOption</b><br>Test class: ViewletLevel.ViewletLevel_EditViewletOption<br>Parameters: get Event show as table, org.testng.TestRunner@466d49f0<br/>
<a href="#Output-1462661081" onClick='toggleBox("Output-1462661081", this, "Show output", "Hide output");'>Show output</a>

<a href="#Output-1462661081" onClick="toggleAllBoxes();">Show all outputs</a>
<div class='log' id="Output-1462661081">
<br/><br/>
<img src=" F:\Prashant\automation\JkoolTest/Screenshots/ScreenshotsSuccess/RemoveOption.png" alt="""/" /><br/>
</div>
</td>
<td></td>
<td>30</td>
<td>ViewletLevel.ViewletLevel_EditViewletOption@61832929</td></tr>
<tr>
<td title='ViewletLevel.ViewletLevel_EditViewletOption.SaveAsOption()'><b>SaveAsOption</b><br>Test class: ViewletLevel.ViewletLevel_EditViewletOption<br>Parameters: SaveAsViewlet1, org.testng.TestRunner@466d49f0<br/>
<a href="#Output-346847161" onClick='toggleBox("Output-346847161", this, "Show output", "Hide output");'>Show output</a>

<a href="#Output-346847161" onClick="toggleAllBoxes();">Show all outputs</a>
<div class='log' id="Output-346847161">
<br/><br/>
<img src=" F:\Prashant\automation\JkoolTest/Screenshots/ScreenshotsSuccess/SaveAsOption.png" alt="""/" /><br/>
</div>
</td>
<td></td>
<td>13</td>
<td>ViewletLevel.ViewletLevel_EditViewletOption@61832929</td></tr>
<tr>
<td title='ViewletLevel.ViewletLevel_EditViewletOption.SaveOption()'><b>SaveOption</b><br>Test class: ViewletLevel.ViewletLevel_EditViewletOption<br>Parameters: org.testng.TestRunner@466d49f0<br/>
<a href="#Output-1757970371" onClick='toggleBox("Output-1757970371", this, "Show output", "Hide output");'>Show output</a>

<a href="#Output-1757970371" onClick="toggleAllBoxes();">Show all outputs</a>
<div class='log' id="Output-1757970371">
<br/><br/>
<img src=" F:\Prashant\automation\JkoolTest/Screenshots/ScreenshotsSuccess/SaveOption.png" alt="""/" /><br/>
</div>
</td>
<td></td>
<td>14</td>
<td>ViewletLevel.ViewletLevel_EditViewletOption@61832929</td></tr>
</table><p>
</body>
</html>