<?xml version="1.0" encoding="UTF-8"?>
<!-- Generated by org.testng.reporters.JUnitXMLReporter -->
<testsuite hostname="Nastel2" name="Edit Viewlet Options" tests="14" failures="1" timestamp="6 May 2020 11:01:06 GMT" time="714.213" errors="0">
  <testcase name="Login" time="45.576" classname="ViewletLevel.ViewletLevel_EditViewletOption"/>
  <testcase name="CreateViewletWithAForm" time="18.946" classname="ViewletLevel.ViewletLevel_EditViewletOption"/>
  <testcase name="EditOptionInViewletMenu" time="6.256" classname="ViewletLevel.ViewletLevel_EditViewletOption"/>
  <testcase name="EditviewletWindowOptions" time="11.276" classname="ViewletLevel.ViewletLevel_EditViewletOption"/>
  <testcase name="CloseButton" time="14.197" classname="ViewletLevel.ViewletLevel_EditViewletOption"/>
  <testcase name="PreviewButton" time="11.6" classname="ViewletLevel.ViewletLevel_EditViewletOption"/>
  <testcase name="ApplyButton" time="5.224" classname="ViewletLevel.ViewletLevel_EditViewletOption"/>
  <testcase name="SaveOption" time="14.436" classname="ViewletLevel.ViewletLevel_EditViewletOption"/>
  <testcase name="SaveAsOption" time="13.651" classname="ViewletLevel.ViewletLevel_EditViewletOption"/>
  <testcase name="RemoveOption" time="30.777" classname="ViewletLevel.ViewletLevel_EditViewletOption"/>
  <testcase name="DeleteOption" time="29.524" classname="ViewletLevel.ViewletLevel_EditViewletOption"/>
  <testcase name="ExportOption" time="3.02" classname="ViewletLevel.ViewletLevel_EditViewletOption"/>
  <testcase name="shareviewlet" time="41.552" classname="ViewletLevel.ViewletLevel_EditViewletOption">
    <failure type="org.openqa.selenium.NoSuchElementException" message="no such element: Unable to locate element: {&amp;quot;method&amp;quot;:&amp;quot;xpath&amp;quot;,&amp;quot;selector&amp;quot;:&amp;quot;//div[2]/div[2]/div/div[2]/ul/li/div[2]/div/div[2]/div[8]/i&amp;quot;}
  (Session info: chrome=81.0.4044.129)
  (Driver info: chromedriver=2.41.578737 (49da6702b16031c40d63e5618de03a32ff6c197e),platform=Windows NT 10.0.18363 x86_64) (WARNING: The server did not provide any stacktrace information)
Command duration or timeout: 0 milliseconds
For documentation on this error, please visit: http://seleniumhq.org/exceptions/no_such_element.html
Build info: version: &amp;apos;3.14.0&amp;apos;, revision: &amp;apos;aacccce0&amp;apos;, time: &amp;apos;2018-08-02T20:13:22.693Z&amp;apos;
System info: host: &amp;apos;NASTEL2&amp;apos;, ip: &amp;apos;192.168.1.94&amp;apos;, os.name: &amp;apos;Windows 10&amp;apos;, os.arch: &amp;apos;amd64&amp;apos;, os.version: &amp;apos;10.0&amp;apos;, java.version: &amp;apos;1.8.0_191&amp;apos;
Driver info: org.openqa.selenium.chrome.ChromeDriver
Capabilities {acceptInsecureCerts: false, acceptSslCerts: false, applicationCacheEnabled: false, browserConnectionEnabled: false, browserName: chrome, chrome: {chromedriverVersion: 2.41.578737 (49da6702b16031..., userDataDir: C:\Users\nastel2\AppData\Lo...}, cssSelectorsEnabled: true, databaseEnabled: false, goog:chromeOptions: {debuggerAddress: localhost:50301}, handlesAlerts: true, hasTouchScreen: false, javascriptEnabled: true, locationContextEnabled: true, mobileEmulationEnabled: false, nativeEvents: true, networkConnectionEnabled: false, pageLoadStrategy: normal, platform: XP, platformName: XP, rotatable: false, setWindowRect: true, takesHeapSnapshot: true, takesScreenshot: true, unexpectedAlertBehaviour: , unhandledPromptBehavior: , version: 81.0.4044.129, webStorageEnabled: true}
Session ID: 6a8c93e4178a17e42dca0ff6630383e7
*** Element info: {Using=xpath, value=//div[2]/div[2]/div/div[2]/ul/li/div[2]/div/div[2]/div[8]/i}">
      <![CDATA[org.openqa.selenium.NoSuchElementException: no such element: Unable to locate element: {"method":"xpath","selector":"//div[2]/div[2]/div/div[2]/ul/li/div[2]/div/div[2]/div[8]/i"}
  (Session info: chrome=81.0.4044.129)
  (Driver info: chromedriver=2.41.578737 (49da6702b16031c40d63e5618de03a32ff6c197e),platform=Windows NT 10.0.18363 x86_64) (WARNING: The server did not provide any stacktrace information)
Command duration or timeout: 0 milliseconds
For documentation on this error, please visit: http://seleniumhq.org/exceptions/no_such_element.html
Build info: version: '3.14.0', revision: 'aacccce0', time: '2018-08-02T20:13:22.693Z'
System info: host: 'NASTEL2', ip: '192.168.1.94', os.name: 'Windows 10', os.arch: 'amd64', os.version: '10.0', java.version: '1.8.0_191'
Driver info: org.openqa.selenium.chrome.ChromeDriver
Capabilities {acceptInsecureCerts: false, acceptSslCerts: false, applicationCacheEnabled: false, browserConnectionEnabled: false, browserName: chrome, chrome: {chromedriverVersion: 2.41.578737 (49da6702b16031..., userDataDir: C:\Users\nastel2\AppData\Lo...}, cssSelectorsEnabled: true, databaseEnabled: false, goog:chromeOptions: {debuggerAddress: localhost:50301}, handlesAlerts: true, hasTouchScreen: false, javascriptEnabled: true, locationContextEnabled: true, mobileEmulationEnabled: false, nativeEvents: true, networkConnectionEnabled: false, pageLoadStrategy: normal, platform: XP, platformName: XP, rotatable: false, setWindowRect: true, takesHeapSnapshot: true, takesScreenshot: true, unexpectedAlertBehaviour: , unhandledPromptBehavior: , version: 81.0.4044.129, webStorageEnabled: true}
Session ID: 6a8c93e4178a17e42dca0ff6630383e7
*** Element info: {Using=xpath, value=//div[2]/div[2]/div/div[2]/ul/li/div[2]/div/div[2]/div[8]/i}
	at org.openqa.selenium.remote.ErrorHandler.createThrowable(ErrorHandler.java:214)
	at org.openqa.selenium.remote.ErrorHandler.throwIfResponseFailed(ErrorHandler.java:166)
	at org.openqa.selenium.remote.http.JsonHttpResponseCodec.reconstructValue(JsonHttpResponseCodec.java:40)
	at org.openqa.selenium.remote.http.AbstractHttpResponseCodec.decode(AbstractHttpResponseCodec.java:80)
	at org.openqa.selenium.remote.http.AbstractHttpResponseCodec.decode(AbstractHttpResponseCodec.java:44)
	at org.openqa.selenium.remote.HttpCommandExecutor.execute(HttpCommandExecutor.java:158)
	at org.openqa.selenium.remote.service.DriverCommandExecutor.execute(DriverCommandExecutor.java:83)
	at org.openqa.selenium.remote.RemoteWebDriver.execute(RemoteWebDriver.java:548)
	at org.openqa.selenium.remote.RemoteWebDriver.findElement(RemoteWebDriver.java:322)
	at org.openqa.selenium.remote.RemoteWebDriver.findElementByXPath(RemoteWebDriver.java:424)
	at org.openqa.selenium.By$ByXPath.findElement(By.java:353)
	at org.openqa.selenium.remote.RemoteWebDriver.findElement(RemoteWebDriver.java:314)
	at ViewletLevel.ViewletLevel_EditViewletOption.shareviewlet(ViewletLevel_EditViewletOption.java:893)
... Removed 29 stack frames]]>
    </failure>
  </testcase> <!-- shareviewlet -->
  <testcase name="Logout" time="6.632" classname="ViewletLevel.ViewletLevel_EditViewletOption"/>
</testsuite> <!-- Edit Viewlet Options -->
