<?xml version="1.0" encoding="UTF-8"?>
<!-- Generated by org.testng.reporters.JUnitXMLReporter -->
<testsuite hostname="LAPTOP-P3LD1OLC" ignored="0" name="Console page" tests="18" failures="1" timestamp="29 Jan 2021 10:37:50 GMT" time="497.051" errors="0">
  <testcase name="Login" time="49.757" classname="ViewletLevel.ViewletLevel_ConsolePage"/>
  <testcase name="CreateViewletforconsole" time="14.56" classname="ViewletLevel.ViewletLevel_ConsolePage"/>
  <testcase name="Console" time="10.413" classname="ViewletLevel.ViewletLevel_ConsolePage"/>
  <testcase name="ConsoleViewletEditOption" time="12.003" classname="ViewletLevel.ViewletLevel_ConsolePage"/>
  <testcase name="ConsoleViewletExportOption" time="7.862" classname="ViewletLevel.ViewletLevel_ConsolePage"/>
  <testcase name="CheckOptionsStatusWithOutQueryforTemporaryViewlet" time="12.366" classname="ViewletLevel.ViewletLevel_ConsolePage">
    <failure type="org.openqa.selenium.NoSuchElementException" message="no such element: Unable to locate element: {&amp;quot;method&amp;quot;:&amp;quot;xpath&amp;quot;,&amp;quot;selector&amp;quot;:&amp;quot;//div[3]/div[2]/div/div/div/div[2]/button[2]/i&amp;quot;}
  (Session info: chrome=88.0.4324.104)
  (Driver info: chromedriver=2.41.578737 (49da6702b16031c40d63e5618de03a32ff6c197e),platform=Windows NT 10.0.19041 x86_64) (WARNING: The server did not provide any stacktrace information)
Command duration or timeout: 0 milliseconds
For documentation on this error, please visit: https://www.seleniumhq.org/exceptions/no_such_element.html
Build info: version: &amp;apos;3.141.59&amp;apos;, revision: &amp;apos;e82be7d358&amp;apos;, time: &amp;apos;2018-11-14T08:25:53&amp;apos;
System info: host: &amp;apos;LAPTOP-P3LD1OLC&amp;apos;, ip: &amp;apos;192.168.43.213&amp;apos;, os.name: &amp;apos;Windows 10&amp;apos;, os.arch: &amp;apos;amd64&amp;apos;, os.version: &amp;apos;10.0&amp;apos;, java.version: &amp;apos;1.8.0_144&amp;apos;
Driver info: org.openqa.selenium.chrome.ChromeDriver
Capabilities {acceptInsecureCerts: false, acceptSslCerts: false, applicationCacheEnabled: false, browserConnectionEnabled: false, browserName: chrome, chrome: {chromedriverVersion: 2.41.578737 (49da6702b16031..., userDataDir: C:\Users\kagit\AppData\Loca...}, cssSelectorsEnabled: true, databaseEnabled: false, goog:chromeOptions: {debuggerAddress: localhost:59682}, handlesAlerts: true, hasTouchScreen: false, javascriptEnabled: true, locationContextEnabled: true, mobileEmulationEnabled: false, nativeEvents: true, networkConnectionEnabled: false, pageLoadStrategy: normal, platform: XP, platformName: XP, rotatable: false, setWindowRect: true, takesHeapSnapshot: true, takesScreenshot: true, unexpectedAlertBehaviour: , unhandledPromptBehavior: , version: 88.0.4324.104, webStorageEnabled: true}
Session ID: f16f6be5b66e22ebf8f3e99c3ad63631
*** Element info: {Using=xpath, value=//div[3]/div[2]/div/div/div/div[2]/button[2]/i}">
      <![CDATA[org.openqa.selenium.NoSuchElementException: no such element: Unable to locate element: {"method":"xpath","selector":"//div[3]/div[2]/div/div/div/div[2]/button[2]/i"}
  (Session info: chrome=88.0.4324.104)
  (Driver info: chromedriver=2.41.578737 (49da6702b16031c40d63e5618de03a32ff6c197e),platform=Windows NT 10.0.19041 x86_64) (WARNING: The server did not provide any stacktrace information)
Command duration or timeout: 0 milliseconds
For documentation on this error, please visit: https://www.seleniumhq.org/exceptions/no_such_element.html
Build info: version: '3.141.59', revision: 'e82be7d358', time: '2018-11-14T08:25:53'
System info: host: 'LAPTOP-P3LD1OLC', ip: '192.168.43.213', os.name: 'Windows 10', os.arch: 'amd64', os.version: '10.0', java.version: '1.8.0_144'
Driver info: org.openqa.selenium.chrome.ChromeDriver
Capabilities {acceptInsecureCerts: false, acceptSslCerts: false, applicationCacheEnabled: false, browserConnectionEnabled: false, browserName: chrome, chrome: {chromedriverVersion: 2.41.578737 (49da6702b16031..., userDataDir: C:\Users\kagit\AppData\Loca...}, cssSelectorsEnabled: true, databaseEnabled: false, goog:chromeOptions: {debuggerAddress: localhost:59682}, handlesAlerts: true, hasTouchScreen: false, javascriptEnabled: true, locationContextEnabled: true, mobileEmulationEnabled: false, nativeEvents: true, networkConnectionEnabled: false, pageLoadStrategy: normal, platform: XP, platformName: XP, rotatable: false, setWindowRect: true, takesHeapSnapshot: true, takesScreenshot: true, unexpectedAlertBehaviour: , unhandledPromptBehavior: , version: 88.0.4324.104, webStorageEnabled: true}
Session ID: f16f6be5b66e22ebf8f3e99c3ad63631
*** Element info: {Using=xpath, value=//div[3]/div[2]/div/div/div/div[2]/button[2]/i}
	at org.openqa.selenium.remote.ErrorHandler.createThrowable(ErrorHandler.java:214)
	at org.openqa.selenium.remote.ErrorHandler.throwIfResponseFailed(ErrorHandler.java:166)
	at org.openqa.selenium.remote.http.JsonHttpResponseCodec.reconstructValue(JsonHttpResponseCodec.java:40)
	at org.openqa.selenium.remote.http.AbstractHttpResponseCodec.decode(AbstractHttpResponseCodec.java:80)
	at org.openqa.selenium.remote.http.AbstractHttpResponseCodec.decode(AbstractHttpResponseCodec.java:44)
	at org.openqa.selenium.remote.HttpCommandExecutor.execute(HttpCommandExecutor.java:158)
	at org.openqa.selenium.remote.service.DriverCommandExecutor.execute(DriverCommandExecutor.java:83)
	at org.openqa.selenium.remote.RemoteWebDriver.execute(RemoteWebDriver.java:552)
	at org.openqa.selenium.remote.RemoteWebDriver.findElement(RemoteWebDriver.java:323)
	at org.openqa.selenium.remote.RemoteWebDriver.findElementByXPath(RemoteWebDriver.java:428)
	at org.openqa.selenium.By$ByXPath.findElement(By.java:353)
	at org.openqa.selenium.remote.RemoteWebDriver.findElement(RemoteWebDriver.java:315)
	at ViewletLevel.ViewletLevel_ConsolePage.CheckOptionsStatusWithOutQueryforTemporaryViewlet(ViewletLevel_ConsolePage.java:384)
... Removed 29 stack frames]]>
    </failure>
  </testcase> <!-- CheckOptionsStatusWithOutQueryforTemporaryViewlet -->
  <testcase name="EnterQueryIntoTemporaryViewletInTheConsolePage" time="8.358" classname="ViewletLevel.ViewletLevel_ConsolePage"/>
  <testcase name="CheckTemporaryViewletOptionsStatusWithQueryIntheConsolePage" time="2.263" classname="ViewletLevel.ViewletLevel_ConsolePage"/>
  <testcase name="EditTempoararyViewletQueryIntheConsolePage" time="16.004" classname="ViewletLevel.ViewletLevel_ConsolePage"/>
  <testcase name="TemporaryViewletRefreshOptionIntheConsolePage" time="3.192" classname="ViewletLevel.ViewletLevel_ConsolePage"/>
  <testcase name="TemporaryViewletEditOptionFromViewletMenuIntheConsolepage" time="17.199" classname="ViewletLevel.ViewletLevel_ConsolePage"/>
  <testcase name="CloseButtonFuncationalityinTemporaryviewletEditPage" time="3.302" classname="ViewletLevel.ViewletLevel_ConsolePage"/>
  <testcase name="PreviewButtonFuncationalityinTemporaryviewletEditPage" time="23.611" classname="ViewletLevel.ViewletLevel_ConsolePage"/>
  <testcase name="ApplyButtonFuncationalityinTemporaryviewletEditPage" time="7.325" classname="ViewletLevel.ViewletLevel_ConsolePage"/>
  <testcase name="TemporaryViewletExportoptionFromMenubar" time="10.103" classname="ViewletLevel.ViewletLevel_ConsolePage"/>
  <testcase name="movetoDashboard" time="7.6" classname="ViewletLevel.ViewletLevel_ConsolePage"/>
  <testcase name="TearOff" time="21.554" classname="ViewletLevel.ViewletLevel_ConsolePage"/>
  <testcase name="Logout" time="3.67" classname="ViewletLevel.ViewletLevel_ConsolePage"/>
</testsuite> <!-- Console page -->
