<html>
<head>
<title>TestNG:  Chrome</title>
<link href="../testng.css" rel="stylesheet" type="text/css" />
<link href="../my-testng.css" rel="stylesheet" type="text/css" />

<style type="text/css">
.log { display: none;} 
.stack-trace { display: none;} 
</style>
<script type="text/javascript">
<!--
function flip(e) {
  current = e.style.display;
  if (current == 'block') {
    e.style.display = 'none';
    return 0;
  }
  else {
    e.style.display = 'block';
    return 1;
  }
}

function toggleBox(szDivId, elem, msg1, msg2)
{
  var res = -1;  if (document.getElementById) {
    res = flip(document.getElementById(szDivId));
  }
  else if (document.all) {
    // this is the way old msie versions work
    res = flip(document.all[szDivId]);
  }
  if(elem) {
    if(res == 0) elem.innerHTML = msg1; else elem.innerHTML = msg2;
  }

}

function toggleAllBoxes() {
  if (document.getElementsByTagName) {
    d = document.getElementsByTagName('div');
    for (i = 0; i < d.length; i++) {
      if (d[i].className == 'log') {
        flip(d[i]);
      }
    }
  }
}

// -->
</script>

</head>
<body>
<h2 align='center'>Chrome</h2><table border='1' align="center">
<tr>
<td>Tests passed/Failed/Skipped:</td><td>13/1/0</td>
</tr><tr>
<td>Started on:</td><td>Thu May 21 12:57:33 IST 2020</td>
</tr>
<tr><td>Total time:</td><td>975 seconds (975970 ms)</td>
</tr><tr>
<td>Included groups:</td><td></td>
</tr><tr>
<td>Excluded groups:</td><td></td>
</tr>
</table><p/>
<small><i>(Hover the method name to see the test class name)</i></small><p/>
<table width='100%' border='1' class='invocation-failed'>
<tr><td colspan='4' align='center'><b>FAILED TESTS</b></td></tr>
<tr><td><b>Test method</b></td>
<td width="30%"><b>Exception</b></td>
<td width="10%"><b>Time (seconds)</b></td>
<td><b>Instance</b></td>
</tr>
<tr>
<td title='AdminSettings.AdminSettings_Graph.CheckSeveritySettings()'><b>CheckSeveritySettings</b><br>Test class: AdminSettings.AdminSettings_Graph<br>Parameters: org.testng.TestRunner@64b018f3<br/>
<a href="#Output-822769753" onClick='toggleBox("Output-822769753", this, "Show output", "Hide output");'>Show output</a>

<a href="#Output-822769753" onClick="toggleAllBoxes();">Show all outputs</a>
<div class='log' id="Output-822769753">
<br/>Failed to execute method: CheckSeveritySettings<br/><br/>
<br/><br/>
<img src=" F:\Prashant\automation\JkoolTest/Screenshots/ScreenshotsFailure/CheckSeveritySettings.png" alt="""/" /><br/>
</div>
</td>
<td><div><pre>org.openqa.selenium.NoSuchElementException: Unable to locate element: #failed
For documentation on this error, please visit: http://seleniumhq.org/exceptions/no_such_element.html
Build info: version: &apos;3.14.0&apos;, revision: &apos;aacccce0&apos;, time: &apos;2018-08-02T20:13:22.693Z&apos;
System info: host: &apos;NASTEL2&apos;, ip: &apos;192.168.1.94&apos;, os.name: &apos;Windows 10&apos;, os.arch: &apos;amd64&apos;, os.version: &apos;10.0&apos;, java.version: &apos;1.8.0_191&apos;
Driver info: org.openqa.selenium.firefox.FirefoxDriver
Capabilities {acceptInsecureCerts: true, browserName: firefox, browserVersion: 76.0.1, javascriptEnabled: true, moz:accessibilityChecks: false, moz:buildID: 20200507114007, moz:geckodriverVersion: 0.22.0, moz:headless: false, moz:processID: 10168, moz:profile: C:\Users\nastel2\AppData\Lo..., moz:shutdownTimeout: 60000, moz:useNonSpecCompliantPointerOrigin: false, moz:webdriverClick: true, pageLoadStrategy: normal, platform: WINDOWS, platformName: WINDOWS, platformVersion: 10.0, rotatable: false, setWindowRect: true, strictFileInteractability: false, timeouts: {implicit: 0, pageLoad: 300000, script: 30000}, unhandledPromptBehavior: dismiss and notify}
Session ID: c2a37ad7-2514-446b-b2be-4ba4e19cbe6f
*** Element info: {Using=id, value=failed}
	at org.openqa.selenium.remote.http.W3CHttpResponseCodec.createException(W3CHttpResponseCodec.java:187)
	at org.openqa.selenium.remote.http.W3CHttpResponseCodec.decode(W3CHttpResponseCodec.java:122)
	at org.openqa.selenium.remote.http.W3CHttpResponseCodec.decode(W3CHttpResponseCodec.java:49)
	at org.openqa.selenium.remote.HttpCommandExecutor.execute(HttpCommandExecutor.java:158)
	at org.openqa.selenium.remote.service.DriverCommandExecutor.execute(DriverCommandExecutor.java:83)
	at org.openqa.selenium.remote.RemoteWebDriver.execute(RemoteWebDriver.java:548)
	at org.openqa.selenium.remote.RemoteWebDriver.findElement(RemoteWebDriver.java:322)
	at org.openqa.selenium.remote.RemoteWebDriver.findElementById(RemoteWebDriver.java:368)
	at org.openqa.selenium.By$ById.findElement(By.java:188)
	at org.openqa.selenium.remote.RemoteWebDriver.findElement(RemoteWebDriver.java:314)
	at AdminSettings.AdminSettings_Graph.CheckSeveritySettings(AdminSettings_Graph.java:169)
... Removed 29 stack frames</pre></div><a href='#' onClick='toggleBox("stack-trace822769753", this, "Click to show all stack frames", "Click to hide stack frames")'>Click to show all stack frames</a>
<div class='stack-trace' id='stack-trace822769753'><pre>org.openqa.selenium.NoSuchElementException: Unable to locate element: #failed
For documentation on this error, please visit: http://seleniumhq.org/exceptions/no_such_element.html
Build info: version: &apos;3.14.0&apos;, revision: &apos;aacccce0&apos;, time: &apos;2018-08-02T20:13:22.693Z&apos;
System info: host: &apos;NASTEL2&apos;, ip: &apos;192.168.1.94&apos;, os.name: &apos;Windows 10&apos;, os.arch: &apos;amd64&apos;, os.version: &apos;10.0&apos;, java.version: &apos;1.8.0_191&apos;
Driver info: org.openqa.selenium.firefox.FirefoxDriver
Capabilities {acceptInsecureCerts: true, browserName: firefox, browserVersion: 76.0.1, javascriptEnabled: true, moz:accessibilityChecks: false, moz:buildID: 20200507114007, moz:geckodriverVersion: 0.22.0, moz:headless: false, moz:processID: 10168, moz:profile: C:\Users\nastel2\AppData\Lo..., moz:shutdownTimeout: 60000, moz:useNonSpecCompliantPointerOrigin: false, moz:webdriverClick: true, pageLoadStrategy: normal, platform: WINDOWS, platformName: WINDOWS, platformVersion: 10.0, rotatable: false, setWindowRect: true, strictFileInteractability: false, timeouts: {implicit: 0, pageLoad: 300000, script: 30000}, unhandledPromptBehavior: dismiss and notify}
Session ID: c2a37ad7-2514-446b-b2be-4ba4e19cbe6f
*** Element info: {Using=id, value=failed}
	at sun.reflect.NativeConstructorAccessorImpl.newInstance0(Native Method)
	at sun.reflect.NativeConstructorAccessorImpl.newInstance(Unknown Source)
	at sun.reflect.DelegatingConstructorAccessorImpl.newInstance(Unknown Source)
	at java.lang.reflect.Constructor.newInstance(Unknown Source)
	at org.openqa.selenium.remote.http.W3CHttpResponseCodec.createException(W3CHttpResponseCodec.java:187)
	at org.openqa.selenium.remote.http.W3CHttpResponseCodec.decode(W3CHttpResponseCodec.java:122)
	at org.openqa.selenium.remote.http.W3CHttpResponseCodec.decode(W3CHttpResponseCodec.java:49)
	at org.openqa.selenium.remote.HttpCommandExecutor.execute(HttpCommandExecutor.java:158)
	at org.openqa.selenium.remote.service.DriverCommandExecutor.execute(DriverCommandExecutor.java:83)
	at org.openqa.selenium.remote.RemoteWebDriver.execute(RemoteWebDriver.java:548)
	at org.openqa.selenium.remote.RemoteWebDriver.findElement(RemoteWebDriver.java:322)
	at org.openqa.selenium.remote.RemoteWebDriver.findElementById(RemoteWebDriver.java:368)
	at org.openqa.selenium.By$ById.findElement(By.java:188)
	at org.openqa.selenium.remote.RemoteWebDriver.findElement(RemoteWebDriver.java:314)
	at AdminSettings.AdminSettings_Graph.CheckSeveritySettings(AdminSettings_Graph.java:169)
	at sun.reflect.NativeMethodAccessorImpl.invoke0(Native Method)
	at sun.reflect.NativeMethodAccessorImpl.invoke(Unknown Source)
	at sun.reflect.DelegatingMethodAccessorImpl.invoke(Unknown Source)
	at java.lang.reflect.Method.invoke(Unknown Source)
	at org.testng.internal.MethodInvocationHelper.invokeMethod(MethodInvocationHelper.java:86)
	at org.testng.internal.Invoker.invokeMethod(Invoker.java:643)
	at org.testng.internal.Invoker.invokeTestMethod(Invoker.java:820)
	at org.testng.internal.Invoker.invokeTestMethods(Invoker.java:1128)
	at org.testng.internal.TestMethodWorker.invokeTestMethods(TestMethodWorker.java:129)
	at org.testng.internal.TestMethodWorker.run(TestMethodWorker.java:112)
	at org.testng.TestRunner.privateRun(TestRunner.java:782)
	at org.testng.TestRunner.run(TestRunner.java:632)
	at org.testng.SuiteRunner.runTest(SuiteRunner.java:366)
	at org.testng.SuiteRunner.runSequentially(SuiteRunner.java:361)
	at org.testng.SuiteRunner.privateRun(SuiteRunner.java:319)
	at org.testng.SuiteRunner.run(SuiteRunner.java:268)
	at org.testng.SuiteRunnerWorker.runSuite(SuiteRunnerWorker.java:52)
	at org.testng.SuiteRunnerWorker.run(SuiteRunnerWorker.java:86)
	at org.testng.TestNG.runSuitesSequentially(TestNG.java:1244)
	at org.testng.TestNG.runSuitesSequentially(TestNG.java:1240)
	at org.testng.TestNG.runSuitesLocally(TestNG.java:1169)
	at org.testng.TestNG.run(TestNG.java:1064)
	at org.testng.remote.AbstractRemoteTestNG.run(AbstractRemoteTestNG.java:115)
	at org.testng.remote.RemoteTestNG.initAndRun(RemoteTestNG.java:251)
	at org.testng.remote.RemoteTestNG.main(RemoteTestNG.java:77)
</pre></div></td>
<td>30</td>
<td>AdminSettings.AdminSettings_Graph@5c3bd550</td></tr>
</table><p>
<table width='100%' border='1' class='invocation-passed'>
<tr><td colspan='4' align='center'><b>PASSED TESTS</b></td></tr>
<tr><td><b>Test method</b></td>
<td width="30%"><b>Exception</b></td>
<td width="10%"><b>Time (seconds)</b></td>
<td><b>Instance</b></td>
</tr>
<tr>
<td title='AdminSettings.AdminSettings_Graph.CancelGraphSettings()'><b>CancelGraphSettings</b><br>Test class: AdminSettings.AdminSettings_Graph<br>Parameters: org.testng.TestRunner@64b018f3<br/>
<a href="#Output-740982099" onClick='toggleBox("Output-740982099", this, "Show output", "Hide output");'>Show output</a>

<a href="#Output-740982099" onClick="toggleAllBoxes();">Show all outputs</a>
<div class='log' id="Output-740982099">
<br/><br/>
<img src=" F:\Prashant\automation\JkoolTest/Screenshots/ScreenshotsSuccess/CancelGraphSettings.png" alt="""/" /><br/>
</div>
</td>
<td></td>
<td>9</td>
<td>AdminSettings.AdminSettings_Graph@5c3bd550</td></tr>
<tr>
<td title='AdminSettings.AdminSettings_Graph.ChangeSeveritySettings()'><b>ChangeSeveritySettings</b><br>Test class: AdminSettings.AdminSettings_Graph<br>Parameters: org.testng.TestRunner@64b018f3<br/>
<a href="#Output-771715205" onClick='toggleBox("Output-771715205", this, "Show output", "Hide output");'>Show output</a>

<a href="#Output-771715205" onClick="toggleAllBoxes();">Show all outputs</a>
<div class='log' id="Output-771715205">
<br/><br/>
<img src=" F:\Prashant\automation\JkoolTest/Screenshots/ScreenshotsSuccess/ChangeSeveritySettings.png" alt="""/" /><br/>
</div>
</td>
<td></td>
<td>39</td>
<td>AdminSettings.AdminSettings_Graph@5c3bd550</td></tr>
<tr>
<td title='AdminSettings.AdminSettings_Graph.ChangeSeveritybyStandardcolor()'><b>ChangeSeveritybyStandardcolor</b><br>Test class: AdminSettings.AdminSettings_Graph<br>Parameters: Drivers/geckodriver.exe, webdriver.gecko.driver, org.testng.TestRunner@64b018f3<br/>
<a href="#Output-903297131" onClick='toggleBox("Output-903297131", this, "Show output", "Hide output");'>Show output</a>

<a href="#Output-903297131" onClick="toggleAllBoxes();">Show all outputs</a>
<div class='log' id="Output-903297131">
<br/><br/>
<img src=" F:\Prashant\automation\JkoolTest/Screenshots/ScreenshotsSuccess/ChangeSeveritybyStandardcolor.png" alt="""/" /><br/>
</div>
</td>
<td></td>
<td>120</td>
<td>AdminSettings.AdminSettings_Graph@5c3bd550</td></tr>
<tr>
<td title='AdminSettings.AdminSettings_Graph.ChangeSeveritybyWebcolor()'><b>ChangeSeveritybyWebcolor</b><br>Test class: AdminSettings.AdminSettings_Graph<br>Parameters: Drivers/geckodriver.exe, webdriver.gecko.driver, org.testng.TestRunner@64b018f3<br/>
<a href="#Output-978881375" onClick='toggleBox("Output-978881375", this, "Show output", "Hide output");'>Show output</a>

<a href="#Output-978881375" onClick="toggleAllBoxes();">Show all outputs</a>
<div class='log' id="Output-978881375">
<br/><br/>
<img src=" F:\Prashant\automation\JkoolTest/Screenshots/ScreenshotsSuccess/ChangeSeveritybyWebcolor.png" alt="""/" /><br/>
</div>
</td>
<td></td>
<td>119</td>
<td>AdminSettings.AdminSettings_Graph@5c3bd550</td></tr>
<tr>
<td title='AdminSettings.AdminSettings_Graph.CheckSeverityHexValue()'><b>CheckSeverityHexValue</b><br>Test class: AdminSettings.AdminSettings_Graph<br>Parameters: org.testng.TestRunner@64b018f3<br/>
<a href="#Output-333211209" onClick='toggleBox("Output-333211209", this, "Show output", "Hide output");'>Show output</a>

<a href="#Output-333211209" onClick="toggleAllBoxes();">Show all outputs</a>
<div class='log' id="Output-333211209">
<br/><br/>
<img src=" F:\Prashant\automation\JkoolTest/Screenshots/ScreenshotsSuccess/CheckSeverityHexValue.png" alt="""/" /><br/>
</div>
</td>
<td></td>
<td>8</td>
<td>AdminSettings.AdminSettings_Graph@5c3bd550</td></tr>
<tr>
<td title='AdminSettings.AdminSettings_Graph.CheckSeveritySelectedHexValue()'><b>CheckSeveritySelectedHexValue</b><br>Test class: AdminSettings.AdminSettings_Graph<br>Parameters: org.testng.TestRunner@64b018f3<br/>
<a href="#Output-482950564" onClick='toggleBox("Output-482950564", this, "Show output", "Hide output");'>Show output</a>

<a href="#Output-482950564" onClick="toggleAllBoxes();">Show all outputs</a>
<div class='log' id="Output-482950564">
<br/><br/>
<img src=" F:\Prashant\automation\JkoolTest/Screenshots/ScreenshotsSuccess/CheckSeveritySelectedHexValue.png" alt="""/" /><br/>
</div>
</td>
<td></td>
<td>11</td>
<td>AdminSettings.AdminSettings_Graph@5c3bd550</td></tr>
<tr>
<td title='AdminSettings.AdminSettings_Graph.Login()'><b>Login</b><br>Test class: AdminSettings.AdminSettings_Graph<br>Parameters: Drivers/geckodriver.exe, webdriver.gecko.driver<br/>
<a href="#Output-308103108" onClick='toggleBox("Output-308103108", this, "Show output", "Hide output");'>Show output</a>

<a href="#Output-308103108" onClick="toggleAllBoxes();">Show all outputs</a>
<div class='log' id="Output-308103108">
<br/><br/>
<img src=" F:\Prashant\automation\JkoolTest/Screenshots/ScreenshotsSuccess/Login.png" alt="""/" /><br/>
</div>
</td>
<td></td>
<td>67</td>
<td>AdminSettings.AdminSettings_Graph@5c3bd550</td></tr>
<tr>
<td title='AdminSettings.AdminSettings_Graph.Logout()'><b>Logout</b><br>Test class: AdminSettings.AdminSettings_Graph</td>
<td></td>
<td>4</td>
<td>AdminSettings.AdminSettings_Graph@5c3bd550</td></tr>
<tr>
<td title='AdminSettings.AdminSettings_Graph.OpenGraphSettings()'><b>OpenGraphSettings</b><br>Test class: AdminSettings.AdminSettings_Graph<br>Parameters: org.testng.TestRunner@64b018f3<br/>
<a href="#Output-353841915" onClick='toggleBox("Output-353841915", this, "Show output", "Hide output");'>Show output</a>

<a href="#Output-353841915" onClick="toggleAllBoxes();">Show all outputs</a>
<div class='log' id="Output-353841915">
<br/><br/>
<img src=" F:\Prashant\automation\JkoolTest/Screenshots/ScreenshotsSuccess/OpenGraphSettings.png" alt="""/" /><br/>
</div>
</td>
<td></td>
<td>6</td>
<td>AdminSettings.AdminSettings_Graph@5c3bd550</td></tr>
<tr>
<td title='AdminSettings.AdminSettings_Graph.VerifyBackSeverity()'><b>VerifyBackSeverity</b><br>Test class: AdminSettings.AdminSettings_Graph<br>Parameters: org.testng.TestRunner@64b018f3<br/>
<a href="#Output-914629851" onClick='toggleBox("Output-914629851", this, "Show output", "Hide output");'>Show output</a>

<a href="#Output-914629851" onClick="toggleAllBoxes();">Show all outputs</a>
<div class='log' id="Output-914629851">
<br/><br/>
<img src=" F:\Prashant\automation\JkoolTest/Screenshots/ScreenshotsSuccess/VerifyBackSeverity.png" alt="""/" /><br/>
</div>
</td>
<td></td>
<td>18</td>
<td>AdminSettings.AdminSettings_Graph@5c3bd550</td></tr>
<tr>
<td title='AdminSettings.AdminSettings_Graph.VerifyCanselSeverity()'><b>VerifyCanselSeverity</b><br>Test class: AdminSettings.AdminSettings_Graph<br>Parameters: org.testng.TestRunner@64b018f3<br/>
<a href="#Output-1141096440" onClick='toggleBox("Output-1141096440", this, "Show output", "Hide output");'>Show output</a>

<a href="#Output-1141096440" onClick="toggleAllBoxes();">Show all outputs</a>
<div class='log' id="Output-1141096440">
<br/><br/>
<img src=" F:\Prashant\automation\JkoolTest/Screenshots/ScreenshotsSuccess/VerifyCanselSeverity.png" alt="""/" /><br/>
</div>
</td>
<td></td>
<td>23</td>
<td>AdminSettings.AdminSettings_Graph@5c3bd550</td></tr>
<tr>
<td title='AdminSettings.AdminSettings_Graph.VerifyHistorySeverity()'><b>VerifyHistorySeverity</b><br>Test class: AdminSettings.AdminSettings_Graph<br>Parameters: org.testng.TestRunner@64b018f3<br/>
<a href="#Output-644718663" onClick='toggleBox("Output-644718663", this, "Show output", "Hide output");'>Show output</a>

<a href="#Output-644718663" onClick="toggleAllBoxes();">Show all outputs</a>
<div class='log' id="Output-644718663">
<br/><br/>
<img src=" F:\Prashant\automation\JkoolTest/Screenshots/ScreenshotsSuccess/VerifyHistorySeverity.png" alt="""/" /><br/>
</div>
</td>
<td></td>
<td>13</td>
<td>AdminSettings.AdminSettings_Graph@5c3bd550</td></tr>
<tr>
<td title='AdminSettings.AdminSettings_Graph.VerifyResetSeverity()'><b>VerifyResetSeverity</b><br>Test class: AdminSettings.AdminSettings_Graph<br>Parameters: org.testng.TestRunner@64b018f3<br/>
<a href="#Output-11219580" onClick='toggleBox("Output-11219580", this, "Show output", "Hide output");'>Show output</a>

<a href="#Output-11219580" onClick="toggleAllBoxes();">Show all outputs</a>
<div class='log' id="Output-11219580">
<br/><br/>
<img src=" F:\Prashant\automation\JkoolTest/Screenshots/ScreenshotsSuccess/VerifyResetSeverity.png" alt="""/" /><br/>
</div>
</td>
<td></td>
<td>17</td>
<td>AdminSettings.AdminSettings_Graph@5c3bd550</td></tr>
</table><p>
</body>
</html>