<?xml version="1.0" encoding="UTF-8"?>
<!-- Generated by org.testng.reporters.JUnitXMLReporter -->
<testsuite hostname="Nastel2" name="Chrome" tests="14" failures="1" timestamp="21 May 2020 07:43:49 GMT" time="975.97" errors="0">
  <testcase name="Login" time="67.896" classname="AdminSettings.AdminSettings_Graph"/>
  <testcase name="OpenGraphSettings" time="6.73" classname="AdminSettings.AdminSettings_Graph"/>
  <testcase name="CheckSeveritySettings" time="30.183" classname="AdminSettings.AdminSettings_Graph">
    <failure type="org.openqa.selenium.NoSuchElementException" message="Unable to locate element: #failed
For documentation on this error, please visit: http://seleniumhq.org/exceptions/no_such_element.html
Build info: version: &amp;apos;3.14.0&amp;apos;, revision: &amp;apos;aacccce0&amp;apos;, time: &amp;apos;2018-08-02T20:13:22.693Z&amp;apos;
System info: host: &amp;apos;NASTEL2&amp;apos;, ip: &amp;apos;192.168.1.94&amp;apos;, os.name: &amp;apos;Windows 10&amp;apos;, os.arch: &amp;apos;amd64&amp;apos;, os.version: &amp;apos;10.0&amp;apos;, java.version: &amp;apos;1.8.0_191&amp;apos;
Driver info: org.openqa.selenium.firefox.FirefoxDriver
Capabilities {acceptInsecureCerts: true, browserName: firefox, browserVersion: 76.0.1, javascriptEnabled: true, moz:accessibilityChecks: false, moz:buildID: 20200507114007, moz:geckodriverVersion: 0.22.0, moz:headless: false, moz:processID: 10168, moz:profile: C:\Users\nastel2\AppData\Lo..., moz:shutdownTimeout: 60000, moz:useNonSpecCompliantPointerOrigin: false, moz:webdriverClick: true, pageLoadStrategy: normal, platform: WINDOWS, platformName: WINDOWS, platformVersion: 10.0, rotatable: false, setWindowRect: true, strictFileInteractability: false, timeouts: {implicit: 0, pageLoad: 300000, script: 30000}, unhandledPromptBehavior: dismiss and notify}
Session ID: c2a37ad7-2514-446b-b2be-4ba4e19cbe6f
*** Element info: {Using=id, value=failed}">
      <![CDATA[org.openqa.selenium.NoSuchElementException: Unable to locate element: #failed
For documentation on this error, please visit: http://seleniumhq.org/exceptions/no_such_element.html
Build info: version: '3.14.0', revision: 'aacccce0', time: '2018-08-02T20:13:22.693Z'
System info: host: 'NASTEL2', ip: '192.168.1.94', os.name: 'Windows 10', os.arch: 'amd64', os.version: '10.0', java.version: '1.8.0_191'
Driver info: org.openqa.selenium.firefox.FirefoxDriver
Capabilities {acceptInsecureCerts: true, browserName: firefox, browserVersion: 76.0.1, javascriptEnabled: true, moz:accessibilityChecks: false, moz:buildID: 20200507114007, moz:geckodriverVersion: 0.22.0, moz:headless: false, moz:processID: 10168, moz:profile: C:\Users\nastel2\AppData\Lo..., moz:shutdownTimeout: 60000, moz:useNonSpecCompliantPointerOrigin: false, moz:webdriverClick: true, pageLoadStrategy: normal, platform: WINDOWS, platformName: WINDOWS, platformVersion: 10.0, rotatable: false, setWindowRect: true, strictFileInteractability: false, timeouts: {implicit: 0, pageLoad: 300000, script: 30000}, unhandledPromptBehavior: dismiss and notify}
Session ID: c2a37ad7-2514-446b-b2be-4ba4e19cbe6f
*** Element info: {Using=id, value=failed}
	at org.openqa.selenium.remote.http.W3CHttpResponseCodec.createException(W3CHttpResponseCodec.java:187)
	at org.openqa.selenium.remote.http.W3CHttpResponseCodec.decode(W3CHttpResponseCodec.java:122)
	at org.openqa.selenium.remote.http.W3CHttpResponseCodec.decode(W3CHttpResponseCodec.java:49)
	at org.openqa.selenium.remote.HttpCommandExecutor.execute(HttpCommandExecutor.java:158)
	at org.openqa.selenium.remote.service.DriverCommandExecutor.execute(DriverCommandExecutor.java:83)
	at org.openqa.selenium.remote.RemoteWebDriver.execute(RemoteWebDriver.java:548)
	at org.openqa.selenium.remote.RemoteWebDriver.findElement(RemoteWebDriver.java:322)
	at org.openqa.selenium.remote.RemoteWebDriver.findElementById(RemoteWebDriver.java:368)
	at org.openqa.selenium.By$ById.findElement(By.java:188)
	at org.openqa.selenium.remote.RemoteWebDriver.findElement(RemoteWebDriver.java:314)
	at AdminSettings.AdminSettings_Graph.CheckSeveritySettings(AdminSettings_Graph.java:169)
... Removed 29 stack frames]]>
    </failure>
  </testcase> <!-- CheckSeveritySettings -->
  <testcase name="ChangeSeveritySettings" time="39.293" classname="AdminSettings.AdminSettings_Graph"/>
  <testcase name="ChangeSeveritybyStandardcolor" time="120.127" classname="AdminSettings.AdminSettings_Graph"/>
  <testcase name="ChangeSeveritybyWebcolor" time="119.897" classname="AdminSettings.AdminSettings_Graph"/>
  <testcase name="VerifyBackSeverity" time="18.887" classname="AdminSettings.AdminSettings_Graph"/>
  <testcase name="VerifyHistorySeverity" time="13.589" classname="AdminSettings.AdminSettings_Graph"/>
  <testcase name="VerifyCanselSeverity" time="23.777" classname="AdminSettings.AdminSettings_Graph"/>
  <testcase name="VerifyResetSeverity" time="17.061" classname="AdminSettings.AdminSettings_Graph"/>
  <testcase name="CancelGraphSettings" time="9.156" classname="AdminSettings.AdminSettings_Graph"/>
  <testcase name="CheckSeverityHexValue" time="8.158" classname="AdminSettings.AdminSettings_Graph"/>
  <testcase name="CheckSeveritySelectedHexValue" time="11.306" classname="AdminSettings.AdminSettings_Graph"/>
  <testcase name="Logout" time="4.029" classname="AdminSettings.AdminSettings_Graph"/>
</testsuite> <!-- Chrome -->
