<?xml version="1.0" encoding="UTF-8"?>
<!-- Generated by org.testng.reporters.JUnitReportReporter -->
<testsuite skipped="0" hostname="LAPTOP-P3LD1OLC" name="ViewletLevel.ViewletLevel_ConsolePage" tests="18" failures="0" timestamp="29 Jan 2021 10:37:50 GMT" time="318.563" errors="1">
  <testcase name="Login" time="55.377" classname="ViewletLevel.ViewletLevel_ConsolePage"/>
  <testcase name="CreateViewletforconsole" time="18.804" classname="ViewletLevel.ViewletLevel_ConsolePage"/>
  <testcase name="Console" time="15.535" classname="ViewletLevel.ViewletLevel_ConsolePage"/>
  <testcase name="ConsoleViewletEditOption" time="12.004" classname="ViewletLevel.ViewletLevel_ConsolePage"/>
  <testcase name="ConsoleViewletExportOption" time="8.343" classname="ViewletLevel.ViewletLevel_ConsolePage"/>
  <testcase name="CheckOptionsStatusWithOutQueryforTemporaryViewlet" time="16.513" classname="ViewletLevel.ViewletLevel_ConsolePage">
    <error type="org.openqa.selenium.NoSuchElementException" message="no such element: Unable to locate element: {&quot;method&quot;:&quot;xpath&quot;,&quot;selector&quot;:&quot;//div[3]/div[2]/div/div/div/div[2]/button[2]/i&quot;}
  (Session info: chrome=88.0.4324.104)
  (Driver info: chromedriver=2.41.578737 (49da6702b16031c40d63e5618de03a32ff6c197e),platform=Windows NT 10.0.19041 x86_64) (WARNING: The server did not provide any stacktrace information)
Command duration or timeout: 0 milliseconds
For documentation on this error, please visit: https://www.seleniumhq.org/exceptions/no_such_element.html
Build info: version: &#039;3.141.59&#039;, revision: &#039;e82be7d358&#039;, time: &#039;2018-11-14T08:25:53&#039;
System info: host: &#039;LAPTOP-P3LD1OLC&#039;, ip: &#039;192.168.43.213&#039;, os.name: &#039;Windows 10&#039;, os.arch: &#039;amd64&#039;, os.version: &#039;10.0&#039;, java.version: &#039;1.8.0_144&#039;
Driver info: org.openqa.selenium.chrome.ChromeDriver
Capabilities {acceptInsecureCerts: false, acceptSslCerts: false, applicationCacheEnabled: false, browserConnectionEnabled: false, browserName: chrome, chrome: {chromedriverVersion: 2.41.578737 (49da6702b16031..., userDataDir: C:\Users\kagit\AppData\Loca...}, cssSelectorsEnabled: true, databaseEnabled: false, goog:chromeOptions: {debuggerAddress: localhost:59682}, handlesAlerts: true, hasTouchScreen: false, javascriptEnabled: true, locationContextEnabled: true, mobileEmulationEnabled: false, nativeEvents: true, networkConnectionEnabled: false, pageLoadStrategy: normal, platform: XP, platformName: XP, rotatable: false, setWindowRect: true, takesHeapSnapshot: true, takesScreenshot: true, unexpectedAlertBehaviour: , unhandledPromptBehavior: , version: 88.0.4324.104, webStorageEnabled: true}
Session ID: f16f6be5b66e22ebf8f3e99c3ad63631
*** Element info: {Using=xpath, value=//div[3]/div[2]/div/div/div/div[2]/button[2]/i}">
      <![CDATA[org.openqa.selenium.NoSuchElementException: no such element: Unable to locate element: {"method":"xpath","selector":"//div[3]/div[2]/div/div/div/div[2]/button[2]/i"}
  (Session info: chrome=88.0.4324.104)
  (Driver info: chromedriver=2.41.578737 (49da6702b16031c40d63e5618de03a32ff6c197e),platform=Windows NT 10.0.19041 x86_64) (WARNING: The server did not provide any stacktrace information)
Command duration or timeout: 0 milliseconds
For documentation on this error, please visit: https://www.seleniumhq.org/exceptions/no_such_element.html
Build info: version: '3.141.59', revision: 'e82be7d358', time: '2018-11-14T08:25:53'
System info: host: 'LAPTOP-P3LD1OLC', ip: '192.168.43.213', os.name: 'Windows 10', os.arch: 'amd64', os.version: '10.0', java.version: '1.8.0_144'
Driver info: org.openqa.selenium.chrome.ChromeDriver
Capabilities {acceptInsecureCerts: false, acceptSslCerts: false, applicationCacheEnabled: false, browserConnectionEnabled: false, browserName: chrome, chrome: {chromedriverVersion: 2.41.578737 (49da6702b16031..., userDataDir: C:\Users\kagit\AppData\Loca...}, cssSelectorsEnabled: true, databaseEnabled: false, goog:chromeOptions: {debuggerAddress: localhost:59682}, handlesAlerts: true, hasTouchScreen: false, javascriptEnabled: true, locationContextEnabled: true, mobileEmulationEnabled: false, nativeEvents: true, networkConnectionEnabled: false, pageLoadStrategy: normal, platform: XP, platformName: XP, rotatable: false, setWindowRect: true, takesHeapSnapshot: true, takesScreenshot: true, unexpectedAlertBehaviour: , unhandledPromptBehavior: , version: 88.0.4324.104, webStorageEnabled: true}
Session ID: f16f6be5b66e22ebf8f3e99c3ad63631
*** Element info: {Using=xpath, value=//div[3]/div[2]/div/div/div/div[2]/button[2]/i}
	at sun.reflect.NativeConstructorAccessorImpl.newInstance0(Native Method)
	at sun.reflect.NativeConstructorAccessorImpl.newInstance(Unknown Source)
	at sun.reflect.DelegatingConstructorAccessorImpl.newInstance(Unknown Source)
	at java.lang.reflect.Constructor.newInstance(Unknown Source)
	at org.openqa.selenium.remote.ErrorHandler.createThrowable(ErrorHandler.java:214)
	at org.openqa.selenium.remote.ErrorHandler.throwIfResponseFailed(ErrorHandler.java:166)
	at org.openqa.selenium.remote.http.JsonHttpResponseCodec.reconstructValue(JsonHttpResponseCodec.java:40)
	at org.openqa.selenium.remote.http.AbstractHttpResponseCodec.decode(AbstractHttpResponseCodec.java:80)
	at org.openqa.selenium.remote.http.AbstractHttpResponseCodec.decode(AbstractHttpResponseCodec.java:44)
	at org.openqa.selenium.remote.HttpCommandExecutor.execute(HttpCommandExecutor.java:158)
	at org.openqa.selenium.remote.service.DriverCommandExecutor.execute(DriverCommandExecutor.java:83)
	at org.openqa.selenium.remote.RemoteWebDriver.execute(RemoteWebDriver.java:552)
	at org.openqa.selenium.remote.RemoteWebDriver.findElement(RemoteWebDriver.java:323)
	at org.openqa.selenium.remote.RemoteWebDriver.findElementByXPath(RemoteWebDriver.java:428)
	at org.openqa.selenium.By$ByXPath.findElement(By.java:353)
	at org.openqa.selenium.remote.RemoteWebDriver.findElement(RemoteWebDriver.java:315)
	at ViewletLevel.ViewletLevel_ConsolePage.CheckOptionsStatusWithOutQueryforTemporaryViewlet(ViewletLevel_ConsolePage.java:384)
	at sun.reflect.NativeMethodAccessorImpl.invoke0(Native Method)
	at sun.reflect.NativeMethodAccessorImpl.invoke(Unknown Source)
	at sun.reflect.DelegatingMethodAccessorImpl.invoke(Unknown Source)
	at java.lang.reflect.Method.invoke(Unknown Source)
	at org.testng.internal.MethodInvocationHelper.invokeMethod(MethodInvocationHelper.java:108)
	at org.testng.internal.Invoker.invokeMethod(Invoker.java:661)
	at org.testng.internal.Invoker.invokeTestMethod(Invoker.java:869)
	at org.testng.internal.Invoker.invokeTestMethods(Invoker.java:1193)
	at org.testng.internal.TestMethodWorker.invokeTestMethods(TestMethodWorker.java:126)
	at org.testng.internal.TestMethodWorker.run(TestMethodWorker.java:109)
	at org.testng.TestRunner.privateRun(TestRunner.java:744)
	at org.testng.TestRunner.run(TestRunner.java:602)
	at org.testng.SuiteRunner.runTest(SuiteRunner.java:380)
	at org.testng.SuiteRunner.runSequentially(SuiteRunner.java:375)
	at org.testng.SuiteRunner.privateRun(SuiteRunner.java:340)
	at org.testng.SuiteRunner.run(SuiteRunner.java:289)
	at org.testng.SuiteRunnerWorker.runSuite(SuiteRunnerWorker.java:52)
	at org.testng.SuiteRunnerWorker.run(SuiteRunnerWorker.java:86)
	at org.testng.TestNG.runSuitesSequentially(TestNG.java:1301)
	at org.testng.TestNG.runSuitesLocally(TestNG.java:1226)
	at org.testng.TestNG.runSuites(TestNG.java:1144)
	at org.testng.TestNG.run(TestNG.java:1115)
	at org.testng.remote.AbstractRemoteTestNG.run(AbstractRemoteTestNG.java:115)
	at org.testng.remote.RemoteTestNG.initAndRun(RemoteTestNG.java:251)
	at org.testng.remote.RemoteTestNG.main(RemoteTestNG.java:77)
]]>
    </error>
  </testcase> <!-- CheckOptionsStatusWithOutQueryforTemporaryViewlet -->
  <testcase name="EnterQueryIntoTemporaryViewletInTheConsolePage" time="14.069" classname="ViewletLevel.ViewletLevel_ConsolePage"/>
  <testcase name="CheckTemporaryViewletOptionsStatusWithQueryIntheConsolePage" time="8.960" classname="ViewletLevel.ViewletLevel_ConsolePage"/>
  <testcase name="EditTempoararyViewletQueryIntheConsolePage" time="22.077" classname="ViewletLevel.ViewletLevel_ConsolePage"/>
  <testcase name="TemporaryViewletRefreshOptionIntheConsolePage" time="7.977" classname="ViewletLevel.ViewletLevel_ConsolePage"/>
  <testcase name="TemporaryViewletEditOptionFromViewletMenuIntheConsolepage" time="22.286" classname="ViewletLevel.ViewletLevel_ConsolePage"/>
  <testcase name="CloseButtonFuncationalityinTemporaryviewletEditPage" time="9.346" classname="ViewletLevel.ViewletLevel_ConsolePage"/>
  <testcase name="PreviewButtonFuncationalityinTemporaryviewletEditPage" time="29.220" classname="ViewletLevel.ViewletLevel_ConsolePage"/>
  <testcase name="ApplyButtonFuncationalityinTemporaryviewletEditPage" time="13.399" classname="ViewletLevel.ViewletLevel_ConsolePage"/>
  <testcase name="TemporaryViewletExportoptionFromMenubar" time="15.605" classname="ViewletLevel.ViewletLevel_ConsolePage"/>
  <testcase name="movetoDashboard" time="12.704" classname="ViewletLevel.ViewletLevel_ConsolePage"/>
  <testcase name="TearOff" time="27.485" classname="ViewletLevel.ViewletLevel_ConsolePage"/>
  <testcase name="Logout" time="8.859" classname="ViewletLevel.ViewletLevel_ConsolePage"/>
</testsuite> <!-- ViewletLevel.ViewletLevel_ConsolePage -->
