<?xml version="1.0" encoding="UTF-8"?>
<!-- Generated by org.testng.reporters.JUnitReportReporter -->
<testsuite skipped="0" hostname="LAPTOP-P3LD1OLC" name="SummaryViewlets.SummaryViewlet_CreateBasicSummaryViewlet" tests="15" failures="0" timestamp="29 Jan 2021 09:28:13 GMT" time="305.995" errors="1">
  <testcase name="Login" time="98.224" classname="SummaryViewlets.SummaryViewlet_CreateBasicSummaryViewlet"/>
  <testcase name="CreateSummaryViewlet" time="12.455" classname="SummaryViewlets.SummaryViewlet_CreateBasicSummaryViewlet"/>
  <testcase name="VerifyRecordsCount" time="6.789" classname="SummaryViewlets.SummaryViewlet_CreateBasicSummaryViewlet"/>
  <testcase name="ObservationOfQuery" time="7.498" classname="SummaryViewlets.SummaryViewlet_CreateBasicSummaryViewlet"/>
  <testcase name="TemporaryViewlet" time="9.945" classname="SummaryViewlets.SummaryViewlet_CreateBasicSummaryViewlet"/>
  <testcase name="QueryInTemporaryViewlet" time="13.033" classname="SummaryViewlets.SummaryViewlet_CreateBasicSummaryViewlet"/>
  <testcase name="ConsoleTabFunctionality" time="8.592" classname="SummaryViewlets.SummaryViewlet_CreateBasicSummaryViewlet"/>
  <testcase name="EditSummaryViewletQuery" time="20.224" classname="SummaryViewlets.SummaryViewlet_CreateBasicSummaryViewlet"/>
  <testcase name="EditOptionInSummaryViewlet" time="35.697" classname="SummaryViewlets.SummaryViewlet_CreateBasicSummaryViewlet"/>
  <testcase name="SaveSummaryViewlet" time="11.725" classname="SummaryViewlets.SummaryViewlet_CreateBasicSummaryViewlet"/>
  <testcase name="SaveASSummaryViewlet" time="38.557" classname="SummaryViewlets.SummaryViewlet_CreateBasicSummaryViewlet"/>
  <testcase name="RemoveSummaryViewlet" time="18.141" classname="SummaryViewlets.SummaryViewlet_CreateBasicSummaryViewlet"/>
  <testcase name="DeleteSummaryViewlet" time="18.428" classname="SummaryViewlets.SummaryViewlet_CreateBasicSummaryViewlet"/>
  <testcase name="ExportSummaryViewlet" time="6.364" classname="SummaryViewlets.SummaryViewlet_CreateBasicSummaryViewlet"/>
  <testcase name="Logout" time="0.323" classname="SummaryViewlets.SummaryViewlet_CreateBasicSummaryViewlet">
    <error type="org.openqa.selenium.WebDriverException" message="unknown error: Element &lt;i class=&quot;fas fa-power-off&quot; aria-hidden=&quot;true&quot;&gt;&lt;/i&gt; is not clickable at point (1505, 11). Other element would receive the click: &lt;div class=&quot;modal-popup-overlay tinted&quot; data-bind=&quot;click: overlayClick, css: {&#039;tinted&#039;: overlayTinted}, style: {visibility: visibility, &#039;z-index&#039;: overlayZIndex}&quot; style=&quot;visibility: visible; z-index: 99;&quot;&gt;&lt;/div&gt;
  (Session info: chrome=88.0.4324.104)
  (Driver info: chromedriver=2.41.578737 (49da6702b16031c40d63e5618de03a32ff6c197e),platform=Windows NT 10.0.19041 x86_64) (WARNING: The server did not provide any stacktrace information)
Command duration or timeout: 0 milliseconds
Build info: version: &#039;3.141.59&#039;, revision: &#039;e82be7d358&#039;, time: &#039;2018-11-14T08:25:53&#039;
System info: host: &#039;LAPTOP-P3LD1OLC&#039;, ip: &#039;192.168.43.213&#039;, os.name: &#039;Windows 10&#039;, os.arch: &#039;amd64&#039;, os.version: &#039;10.0&#039;, java.version: &#039;1.8.0_144&#039;
Driver info: org.openqa.selenium.chrome.ChromeDriver
Capabilities {acceptInsecureCerts: false, acceptSslCerts: false, applicationCacheEnabled: false, browserConnectionEnabled: false, browserName: chrome, chrome: {chromedriverVersion: 2.41.578737 (49da6702b16031..., userDataDir: C:\Users\kagit\AppData\Loca...}, cssSelectorsEnabled: true, databaseEnabled: false, goog:chromeOptions: {debuggerAddress: localhost:53793}, handlesAlerts: true, hasTouchScreen: false, javascriptEnabled: true, locationContextEnabled: true, mobileEmulationEnabled: false, nativeEvents: true, networkConnectionEnabled: false, pageLoadStrategy: normal, platform: XP, platformName: XP, rotatable: false, setWindowRect: true, takesHeapSnapshot: true, takesScreenshot: true, unexpectedAlertBehaviour: , unhandledPromptBehavior: , version: 88.0.4324.104, webStorageEnabled: true}
Session ID: abf7d5bc9f8ac762044a722c9cfb19e5">
      <![CDATA[org.openqa.selenium.WebDriverException: unknown error: Element <i class="fas fa-power-off" aria-hidden="true"></i> is not clickable at point (1505, 11). Other element would receive the click: <div class="modal-popup-overlay tinted" data-bind="click: overlayClick, css: {'tinted': overlayTinted}, style: {visibility: visibility, 'z-index': overlayZIndex}" style="visibility: visible; z-index: 99;"></div>
  (Session info: chrome=88.0.4324.104)
  (Driver info: chromedriver=2.41.578737 (49da6702b16031c40d63e5618de03a32ff6c197e),platform=Windows NT 10.0.19041 x86_64) (WARNING: The server did not provide any stacktrace information)
Command duration or timeout: 0 milliseconds
Build info: version: '3.141.59', revision: 'e82be7d358', time: '2018-11-14T08:25:53'
System info: host: 'LAPTOP-P3LD1OLC', ip: '192.168.43.213', os.name: 'Windows 10', os.arch: 'amd64', os.version: '10.0', java.version: '1.8.0_144'
Driver info: org.openqa.selenium.chrome.ChromeDriver
Capabilities {acceptInsecureCerts: false, acceptSslCerts: false, applicationCacheEnabled: false, browserConnectionEnabled: false, browserName: chrome, chrome: {chromedriverVersion: 2.41.578737 (49da6702b16031..., userDataDir: C:\Users\kagit\AppData\Loca...}, cssSelectorsEnabled: true, databaseEnabled: false, goog:chromeOptions: {debuggerAddress: localhost:53793}, handlesAlerts: true, hasTouchScreen: false, javascriptEnabled: true, locationContextEnabled: true, mobileEmulationEnabled: false, nativeEvents: true, networkConnectionEnabled: false, pageLoadStrategy: normal, platform: XP, platformName: XP, rotatable: false, setWindowRect: true, takesHeapSnapshot: true, takesScreenshot: true, unexpectedAlertBehaviour: , unhandledPromptBehavior: , version: 88.0.4324.104, webStorageEnabled: true}
Session ID: abf7d5bc9f8ac762044a722c9cfb19e5
	at sun.reflect.NativeConstructorAccessorImpl.newInstance0(Native Method)
	at sun.reflect.NativeConstructorAccessorImpl.newInstance(Unknown Source)
	at sun.reflect.DelegatingConstructorAccessorImpl.newInstance(Unknown Source)
	at java.lang.reflect.Constructor.newInstance(Unknown Source)
	at org.openqa.selenium.remote.ErrorHandler.createThrowable(ErrorHandler.java:214)
	at org.openqa.selenium.remote.ErrorHandler.throwIfResponseFailed(ErrorHandler.java:166)
	at org.openqa.selenium.remote.http.JsonHttpResponseCodec.reconstructValue(JsonHttpResponseCodec.java:40)
	at org.openqa.selenium.remote.http.AbstractHttpResponseCodec.decode(AbstractHttpResponseCodec.java:80)
	at org.openqa.selenium.remote.http.AbstractHttpResponseCodec.decode(AbstractHttpResponseCodec.java:44)
	at org.openqa.selenium.remote.HttpCommandExecutor.execute(HttpCommandExecutor.java:158)
	at org.openqa.selenium.remote.service.DriverCommandExecutor.execute(DriverCommandExecutor.java:83)
	at org.openqa.selenium.remote.RemoteWebDriver.execute(RemoteWebDriver.java:552)
	at org.openqa.selenium.remote.RemoteWebElement.execute(RemoteWebElement.java:285)
	at org.openqa.selenium.remote.RemoteWebElement.click(RemoteWebElement.java:84)
	at Common.LogoutForAll.DontSaveLogout(LogoutForAll.java:29)
	at SummaryViewlets.SummaryViewlet_CreateBasicSummaryViewlet.Logout(SummaryViewlet_CreateBasicSummaryViewlet.java:729)
	at sun.reflect.NativeMethodAccessorImpl.invoke0(Native Method)
	at sun.reflect.NativeMethodAccessorImpl.invoke(Unknown Source)
	at sun.reflect.DelegatingMethodAccessorImpl.invoke(Unknown Source)
	at java.lang.reflect.Method.invoke(Unknown Source)
	at org.testng.internal.MethodInvocationHelper.invokeMethod(MethodInvocationHelper.java:108)
	at org.testng.internal.Invoker.invokeMethod(Invoker.java:661)
	at org.testng.internal.Invoker.invokeTestMethod(Invoker.java:869)
	at org.testng.internal.Invoker.invokeTestMethods(Invoker.java:1193)
	at org.testng.internal.TestMethodWorker.invokeTestMethods(TestMethodWorker.java:126)
	at org.testng.internal.TestMethodWorker.run(TestMethodWorker.java:109)
	at org.testng.TestRunner.privateRun(TestRunner.java:744)
	at org.testng.TestRunner.run(TestRunner.java:602)
	at org.testng.SuiteRunner.runTest(SuiteRunner.java:380)
	at org.testng.SuiteRunner.runSequentially(SuiteRunner.java:375)
	at org.testng.SuiteRunner.privateRun(SuiteRunner.java:340)
	at org.testng.SuiteRunner.run(SuiteRunner.java:289)
	at org.testng.SuiteRunnerWorker.runSuite(SuiteRunnerWorker.java:52)
	at org.testng.SuiteRunnerWorker.run(SuiteRunnerWorker.java:86)
	at org.testng.TestNG.runSuitesSequentially(TestNG.java:1301)
	at org.testng.TestNG.runSuitesLocally(TestNG.java:1226)
	at org.testng.TestNG.runSuites(TestNG.java:1144)
	at org.testng.TestNG.run(TestNG.java:1115)
	at org.testng.remote.AbstractRemoteTestNG.run(AbstractRemoteTestNG.java:115)
	at org.testng.remote.RemoteTestNG.initAndRun(RemoteTestNG.java:251)
	at org.testng.remote.RemoteTestNG.main(RemoteTestNG.java:77)
]]>
    </error>
  </testcase> <!-- Logout -->
</testsuite> <!-- SummaryViewlets.SummaryViewlet_CreateBasicSummaryViewlet -->
